<?xml version="1.0" encoding="UTF-8"?>
<!-- Generated by org.testng.reporters.JUnitReportReporter -->
<testsuite hostname="NILAMMA-W10" name="sitecore.SitecoreSmokeTest_PROD" tests="9" failures="0" timestamp="25 Apr 2022 11:39:23 GMT" time="249.603" errors="0">
  <testcase name="TS009_VerifyControlPanelTest" time="30.882" classname="sitecore.SitecoreSmokeTest_PROD"/>
  <testcase name="TS001_VerifySitecoreLoginTest" time="58.613" classname="sitecore.SitecoreSmokeTest_PROD"/>
  <testcase name="TS007_VerifyTaxonomyManagerTest" time="20.975" classname="sitecore.SitecoreSmokeTest_PROD"/>
  <testcase name="TS002_VerifyContentEditorTest" time="32.541" classname="sitecore.SitecoreSmokeTest_PROD"/>
  <testcase name="TS003_VerifyDigitalAdminPanelTest" time="17.192" classname="sitecore.SitecoreSmokeTest_PROD"/>
  <testcase name="TS004_VerifyShowSpecialApprovalsTest" time="17.416" classname="sitecore.SitecoreSmokeTest_PROD"/>
  <testcase name="TS005_VerifyExhibitorEventsApprovalTest" time="24.807" classname="sitecore.SitecoreSmokeTest_PROD"/>
  <testcase name="TS008_VerifyEmailExperienceManagerTest" time="30.077" classname="sitecore.SitecoreSmokeTest_PROD"/>
  <testcase name="TS006_VerifyIMCReportsTest" time="17.100" classname="sitecore.SitecoreSmokeTest_PROD"/>
</testsuite> <!-- sitecore.SitecoreSmokeTest_PROD -->
