<?xml version="1.0" encoding="UTF-8"?>
<!-- Generated by org.testng.reporters.JUnitReportReporter -->
<testsuite hostname="Anuppa-VD3" name="PROD.AtlantaAppSmokeTest_PROD" tests="11" failures="0" timestamp="14 Sep 2023 11:29:03 GMT" time="825.327" errors="0">
  <testcase name="TS010_ATLApp_VerifyAllLinksUnderExhibitTabTest" time="58.328" classname="PROD.AtlantaAppSmokeTest_PROD"/>
  <testcase name="TS008_ATLApp_VerifySocialMediaLinksTest" time="9.143" classname="PROD.AtlantaAppSmokeTest_PROD"/>
  <testcase name="TS006_ATLApp_VerifyAllLinksUnderMarketsTabTest" time="66.052" classname="PROD.AtlantaAppSmokeTest_PROD"/>
  <testcase name="TS007_ATLApp_VerifyAllLinksUnderExhibitorsAndBrandsTabTest" time="16.783" classname="PROD.AtlantaAppSmokeTest_PROD"/>
  <testcase name="TS002_ATLApp_MarketRecap" time="26.682" classname="PROD.AtlantaAppSmokeTest_PROD"/>
  <testcase name="TS004_ATLApp_VerifyGlobalSearchFunctionalityTest" time="78.493" classname="PROD.AtlantaAppSmokeTest_PROD"/>
  <testcase name="TS005_ATLApp_VerifyExhibitorDirectoryTest" time="37.002" classname="PROD.AtlantaAppSmokeTest_PROD"/>
  <testcase name="TS009_ATLApp_VerifyAllLinksUnderTheBestOfFashionTabTest" time="27.840" classname="PROD.AtlantaAppSmokeTest_PROD"/>
  <testcase name="TS011_ATLApp_VerifyFooterLinksTest" time="127.886" classname="PROD.AtlantaAppSmokeTest_PROD"/>
  <testcase name="TS001_ATLApp_VerifyAllLinksUnderYearRoundTabTest" time="182.971" classname="PROD.AtlantaAppSmokeTest_PROD"/>
  <testcase name="TS003_ATLApp_VerifyAllLinksUnderAttendTabTest" time="194.147" classname="PROD.AtlantaAppSmokeTest_PROD"/>
</testsuite> <!-- PROD.AtlantaAppSmokeTest_PROD -->
