<?xml version="1.0" encoding="UTF-8"?>
<!-- Generated by org.testng.reporters.JUnitReportReporter -->
<testsuite hostname="eon-swapnili" name="PROD.ExhibitorPortalSmokeTest_PROD" tests="2" failures="0" timestamp="6 Sep 2023 12:17:00 GMT" time="144.541" errors="0">
  <testcase name="TS004_EXP_VerifyAllLinkUnderEXPRegistrationsAndServicesTabTest" time="105.694" classname="PROD.ExhibitorPortalSmokeTest_PROD"/>
  <testcase name="TS001_EXP_VerifyExhibitorPortalLoginTest" time="38.847" classname="PROD.ExhibitorPortalSmokeTest_PROD"/>
</testsuite> <!-- PROD.ExhibitorPortalSmokeTest_PROD -->
