<?xml version="1.0" encoding="UTF-8"?>
<!-- Generated by org.testng.reporters.JUnitReportReporter -->
<testsuite hostname="Anuppa-VD3" name="PROD.ExhibitorPortalSmokeTest_PROD" tests="8" failures="0" timestamp="11 Jul 2023 07:41:40 GMT" time="370.630" errors="0">
  <testcase name="TS004_EXP_VerifyAllLinkUnderEXPRegistrationsAndServicesTabTest" time="18.285" classname="PROD.ExhibitorPortalSmokeTest_PROD"/>
  <testcase name="TS006_EXP_VerifyAllLinkUnderYourDigiShowroomTest" time="21.991" classname="PROD.ExhibitorPortalSmokeTest_PROD"/>
  <testcase name="TS003_EXP_VerifySettingsTabTest" time="9.345" classname="PROD.ExhibitorPortalSmokeTest_PROD"/>
  <testcase name="TS002_EXP_VerifyNotificationsTabTest" time="2.148" classname="PROD.ExhibitorPortalSmokeTest_PROD"/>
  <testcase name="TS008_EXP_VerifyExhibitorPortalFooterLinksTest" time="219.640" classname="PROD.ExhibitorPortalSmokeTest_PROD"/>
  <testcase name="TS005_EXP_VerifyAllLinkUnderEXPApplicationsAndLeasesTest" time="35.857" classname="PROD.ExhibitorPortalSmokeTest_PROD"/>
  <testcase name="TS001_EXP_VerifyExhibitorPortalLoginTest" time="38.036" classname="PROD.ExhibitorPortalSmokeTest_PROD"/>
  <testcase name="TS007_EXP_VerifyAllLinkUnderEXPMarketTabTest" time="25.328" classname="PROD.ExhibitorPortalSmokeTest_PROD"/>
</testsuite> <!-- PROD.ExhibitorPortalSmokeTest_PROD -->
