<?xml version="1.0" encoding="UTF-8"?>
<!-- Generated by org.testng.reporters.JUnitReportReporter -->
<testsuite hostname="NILAMMA-W10" name="atlantamarket_PROD.GlobalSearch_SuggestionList" tests="3" failures="0" timestamp="14 Sep 2022 10:24:26 GMT" time="60.217" errors="0">
  <testcase name="TS001_VerifySelectionOfExhibitorFromAutoSuggestionListTest" time="19.886" classname="atlantamarket_PROD.GlobalSearch_SuggestionList"/>
  <testcase name="TS003_VerifySelectionOfProductFromAutoSuggestionListTest" time="22.048" classname="atlantamarket_PROD.GlobalSearch_SuggestionList"/>
  <testcase name="TS002_VerifySelectionOfLineFromAutoSuggestionListTest" time="18.283" classname="atlantamarket_PROD.GlobalSearch_SuggestionList"/>
</testsuite> <!-- atlantamarket_PROD.GlobalSearch_SuggestionList -->
