<?xml version="1.0" encoding="UTF-8"?>
<!-- Generated by org.testng.reporters.JUnitReportReporter -->
<testsuite hostname="Anuppa-VD3" name="PROD.AtlantaMarketSmokeTest_PROD" tests="11" failures="1" timestamp="31 Jul 2023 07:09:35 GMT" time="891.026" errors="0">
  <testcase name="TS007_ATL_VerifyAllLinksUnderExhibitorsAndProductsTabTest" time="44.877" classname="PROD.AtlantaMarketSmokeTest_PROD"/>
  <testcase name="TS012_ATL_VerifyAllLinksUnderAttendTabTest" time="187.063" classname="PROD.AtlantaMarketSmokeTest_PROD"/>
  <testcase name="TS013_ATL_VerifyAllNewsAndTrendsMenuTest" time="19.465" classname="PROD.AtlantaMarketSmokeTest_PROD"/>
  <testcase name="TS010_ATL_VerifyAllSocialMediaLinksOnFooterTest" time="91.622" classname="PROD.AtlantaMarketSmokeTest_PROD"/>
  <testcase name="TS014_LVM_PlanYourMarkett" time="10.767" classname="PROD.AtlantaMarketSmokeTest_PROD"/>
  <testcase name="TS011_ATL_VerifyFooterLinksTest" time="140.293" classname="PROD.AtlantaMarketSmokeTest_PROD"/>
  <testcase name="TS003_ATL_VerifyGlobalSearchFunctionalityTest" time="24.873" classname="PROD.AtlantaMarketSmokeTest_PROD"/>
  <testcase name="TS005_ATL_VerifyExhibitorDirectoryTest" time="20.752" classname="PROD.AtlantaMarketSmokeTest_PROD"/>
  <testcase name="TS009_ATL_VerifyAllChannelsLinksTest" time="279.098" classname="PROD.AtlantaMarketSmokeTest_PROD"/>
  <testcase name="TS006_ATL_VerifyAllLinksUnderMarketInfoTabTest" time="37.152" classname="PROD.AtlantaMarketSmokeTest_PROD"/>
  <testcase name="TS008_ATL_VerifAllLinksUnderExhibitTabTest" time="35.064" classname="PROD.AtlantaMarketSmokeTest_PROD">
    <failure type="org.openqa.selenium.TimeoutException" message="Expected condition failed: waiting for visibility of element located by By.xpath: (//a[contains(@href,&#039;/Exhibit&#039;)])[position()=1] (tried for 30 second(s) with 500 MILLISECONDS interval)
Build info: version: &#039;3.4.0&#039;, revision: &#039;unknown&#039;, time: &#039;unknown&#039;
System info: host: &#039;ANUPPA-VD3&#039;, ip: &#039;172.27.182.66&#039;, os.name: &#039;Windows 10&#039;, os.arch: &#039;amd64&#039;, os.version: &#039;10.0&#039;, java.version: &#039;1.8.0_381&#039;
Driver info: org.openqa.selenium.chrome.ChromeDriver
Capabilities [{networkConnectionEnabled=false, chrome={chromedriverVersion=114.0.5735.90 (386bc09e8f4f2e025eddae123f36f6263096ae49-refs/branch-heads/5735@{#1052}), userDataDir=C:\Users\anuppa\AppData\Local\Temp\scoped_dir17120_1823947330}, timeouts={implicit=0.0, pageLoad=300000.0, script=30000.0}, pageLoadStrategy=normal, unhandledPromptBehavior=dismiss and notify, strictFileInteractability=false, platform=ANY, proxy=Proxy(), webauthn:extension:minPinLength=true, goog:chromeOptions={debuggerAddress=localhost:49328}, webauthn:extension:credBlob=true, webauthn:extension:prf=true, acceptInsecureCerts=false, browserVersion=115.0.5790.110, browserName=chrome, javascriptEnabled=true, platformName=windows, setWindowRect=true, webauthn:extension:largeBlob=true, webauthn:virtualAuthenticators=true}]
Session ID: e16871f496d450e021fe214429a33a7c">
      <![CDATA[org.openqa.selenium.TimeoutException: Expected condition failed: waiting for visibility of element located by By.xpath: (//a[contains(@href,'/Exhibit')])[position()=1] (tried for 30 second(s) with 500 MILLISECONDS interval)
Build info: version: '3.4.0', revision: 'unknown', time: 'unknown'
System info: host: 'ANUPPA-VD3', ip: '172.27.182.66', os.name: 'Windows 10', os.arch: 'amd64', os.version: '10.0', java.version: '1.8.0_381'
Driver info: org.openqa.selenium.chrome.ChromeDriver
Capabilities [{networkConnectionEnabled=false, chrome={chromedriverVersion=114.0.5735.90 (386bc09e8f4f2e025eddae123f36f6263096ae49-refs/branch-heads/5735@{#1052}), userDataDir=C:\Users\anuppa\AppData\Local\Temp\scoped_dir17120_1823947330}, timeouts={implicit=0.0, pageLoad=300000.0, script=30000.0}, pageLoadStrategy=normal, unhandledPromptBehavior=dismiss and notify, strictFileInteractability=false, platform=ANY, proxy=Proxy(), webauthn:extension:minPinLength=true, goog:chromeOptions={debuggerAddress=localhost:49328}, webauthn:extension:credBlob=true, webauthn:extension:prf=true, acceptInsecureCerts=false, browserVersion=115.0.5790.110, browserName=chrome, javascriptEnabled=true, platformName=windows, setWindowRect=true, webauthn:extension:largeBlob=true, webauthn:virtualAuthenticators=true}]
Session ID: e16871f496d450e021fe214429a33a7c
	at org.openqa.selenium.support.ui.WebDriverWait.timeoutException(WebDriverWait.java:80)
	at org.openqa.selenium.support.ui.FluentWait.until(FluentWait.java:232)
	at pageObjects.AtlantaMarket.ATLExhibitPage.getATLExhibitAtAtlanta(ATLExhibitPage.java:80)
	at PROD.AtlantaMarketSmokeTest_PROD.TS008_ATL_VerifAllLinksUnderExhibitTabTest(AtlantaMarketSmokeTest_PROD.java:348)
	at sun.reflect.NativeMethodAccessorImpl.invoke0(Native Method)
	at sun.reflect.NativeMethodAccessorImpl.invoke(Unknown Source)
	at sun.reflect.DelegatingMethodAccessorImpl.invoke(Unknown Source)
	at java.lang.reflect.Method.invoke(Unknown Source)
	at org.testng.internal.MethodInvocationHelper.invokeMethod(MethodInvocationHelper.java:80)
	at org.testng.internal.Invoker.invokeMethod(Invoker.java:714)
	at org.testng.internal.Invoker.invokeTestMethod(Invoker.java:901)
	at org.testng.internal.Invoker.invokeTestMethods(Invoker.java:1231)
	at org.testng.internal.TestMethodWorker.invokeTestMethods(TestMethodWorker.java:127)
	at org.testng.internal.TestMethodWorker.run(TestMethodWorker.java:111)
	at org.testng.TestRunner.privateRun(TestRunner.java:767)
	at org.testng.TestRunner.run(TestRunner.java:617)
	at org.testng.SuiteRunner.runTest(SuiteRunner.java:334)
	at org.testng.SuiteRunner.runSequentially(SuiteRunner.java:329)
	at org.testng.SuiteRunner.privateRun(SuiteRunner.java:291)
	at org.testng.SuiteRunner.run(SuiteRunner.java:240)
	at org.testng.SuiteRunnerWorker.runSuite(SuiteRunnerWorker.java:52)
	at org.testng.SuiteRunnerWorker.run(SuiteRunnerWorker.java:86)
	at org.testng.TestNG.runSuitesSequentially(TestNG.java:1198)
	at org.testng.TestNG.runSuitesLocally(TestNG.java:1123)
	at org.testng.TestNG.run(TestNG.java:1031)
	at org.testng.remote.AbstractRemoteTestNG.run(AbstractRemoteTestNG.java:132)
	at org.testng.remote.RemoteTestNG.initAndRun(RemoteTestNG.java:230)
	at org.testng.remote.RemoteTestNG.main(RemoteTestNG.java:76)
]]>
    </failure>
  </testcase> <!-- TS008_ATL_VerifAllLinksUnderExhibitTabTest -->
</testsuite> <!-- PROD.AtlantaMarketSmokeTest_PROD -->
