<?xml version="1.0" encoding="UTF-8"?>
<!-- Generated by org.testng.reporters.JUnitReportReporter -->
<testsuite hostname="NILAMMA-W10" name="PROD.AtlantaMarketSmokeTest_PROD" tests="1" failures="0" timestamp="9 Aug 2022 11:12:18 GMT" time="45.019" errors="0">
  <testcase name="TS010_VerifyAllSocialMediaLinksOnFooterTest" time="45.019" classname="PROD.AtlantaMarketSmokeTest_PROD"/>
</testsuite> <!-- PROD.AtlantaMarketSmokeTest_PROD -->
