<?xml version="1.0" encoding="UTF-8"?>
<!-- Generated by org.testng.reporters.JUnitReportReporter -->
<testsuite hostname="swapnili" name="atlantamarket_UAT.GlobalSearch_LeftPaneFilters" tests="1" failures="0" timestamp="12 Jul 2022 13:57:13 GMT" time="41.520" errors="0">
  <testcase name="TS003_VerifySelectionOfProductCategoriesFilterCombinationWithStyleFromLeftPaneFiltersTest" time="41.520" classname="atlantamarket_UAT.GlobalSearch_LeftPaneFilters"/>
</testsuite> <!-- atlantamarket_UAT.GlobalSearch_LeftPaneFilters -->
