<?xml version="1.0" encoding="UTF-8"?>
<!-- Generated by org.testng.reporters.JUnitReportReporter -->
<testsuite hostname="EON-prasannsheelb" failures="0" tests="8" name="PROD.ExhibitorPortalSmokeTest_PROD" time="444.539" errors="0" timestamp="31 Aug 2023 01:27:43 GMT">
  <testcase classname="PROD.ExhibitorPortalSmokeTest_PROD" name="TS007_EXP_VerifyAllLinkUnderEXPMarketTabTest" time="27.574"/>
  <testcase classname="PROD.ExhibitorPortalSmokeTest_PROD" name="TS004_EXP_VerifyAllLinkUnderEXPRegistrationsAndServicesTabTest" time="15.245"/>
  <testcase classname="PROD.ExhibitorPortalSmokeTest_PROD" name="TS005_EXP_VerifyAllLinkUnderEXPApplicationsAndLeasesTest" time="29.693"/>
  <testcase classname="PROD.ExhibitorPortalSmokeTest_PROD" name="TS002_EXP_VerifyNotificationsTabTest" time="1.516"/>
  <testcase classname="PROD.ExhibitorPortalSmokeTest_PROD" name="TS006_EXP_VerifyAllLinkUnderYourDigiShowroomTest" time="21.933"/>
  <testcase classname="PROD.ExhibitorPortalSmokeTest_PROD" name="TS001_EXP_VerifyExhibitorPortalLoginTest" time="39.532"/>
  <testcase classname="PROD.ExhibitorPortalSmokeTest_PROD" name="TS008_EXP_VerifyExhibitorPortalFooterLinksTest" time="302.884"/>
  <testcase classname="PROD.ExhibitorPortalSmokeTest_PROD" name="TS003_EXP_VerifySettingsTabTest" time="6.162"/>
</testsuite> <!-- PROD.ExhibitorPortalSmokeTest_PROD -->
