<?xml version="1.0" encoding="UTF-8"?>
<!-- Generated by org.testng.reporters.JUnitReportReporter -->
<testsuite hostname="Anuppa-VD3" name="PROD.LagVegasMarketSmokeTest_PROD" tests="11" failures="0" timestamp="5 Jul 2023 06:47:35 GMT" time="1258.896" errors="0">
  <testcase name="TS011_LVM_VerifyAllLinksUnderYearRoundTabTest" time="19.204" classname="PROD.LagVegasMarketSmokeTest_PROD"/>
  <testcase name="TS008_LVM_VerifyFooterLinksTest" time="708.474" classname="PROD.LagVegasMarketSmokeTest_PROD"/>
  <testcase name="TS013_LVM_VerifyAllLinksUnderExploreMarketTabTest" time="43.771" classname="PROD.LagVegasMarketSmokeTest_PROD"/>
  <testcase name="TS012_LVM_VerifyAllSocialMediaLinksOnFooterTest" time="6.680" classname="PROD.LagVegasMarketSmokeTest_PROD"/>
  <testcase name="TS006_LVM_VerifyHeaderChannelLinksTest" time="182.175" classname="PROD.LagVegasMarketSmokeTest_PROD"/>
  <testcase name="TS002_LVM_VerifAllLinksUnderExhibitTabTest" time="11.413" classname="PROD.LagVegasMarketSmokeTest_PROD"/>
  <testcase name="TS009_LVM_VerifyExhibitorDirectoryTest" time="15.126" classname="PROD.LagVegasMarketSmokeTest_PROD"/>
  <testcase name="TS010_LVM_VerifyGlobalSearchFunctionalityTest" time="4.359" classname="PROD.LagVegasMarketSmokeTest_PROD"/>
  <testcase name="TS005_LVM_VerifyAllLinksUnderMarketInfoTabTest" time="58.540" classname="PROD.LagVegasMarketSmokeTest_PROD"/>
  <testcase name="TS007_LVM_VerifyAllLinksUnderAttendTabTest" time="173.834" classname="PROD.LagVegasMarketSmokeTest_PROD"/>
  <testcase name="TS004_LVM_VerifyAllLinksUnderExhibitorsAndProductsTabTest" time="35.320" classname="PROD.LagVegasMarketSmokeTest_PROD"/>
</testsuite> <!-- PROD.LagVegasMarketSmokeTest_PROD -->
