<?xml version="1.0" encoding="UTF-8"?>
<!-- Generated by org.testng.reporters.JUnitReportReporter -->
<testsuite hostname="EON-prasannsheelb" failures="0" tests="11" name="PROD.AtlantaMarketSmokeTest_PROD" time="896.330" errors="0" timestamp="31 Aug 2023 02:19:47 GMT">
  <testcase classname="PROD.AtlantaMarketSmokeTest_PROD" name="TS015_ATL_MarketRecap" time="6.111"/>
  <testcase classname="PROD.AtlantaMarketSmokeTest_PROD" name="TS013_ATL_VerifyAllNewsAndTrendsMenuTest" time="10.339"/>
  <testcase classname="PROD.AtlantaMarketSmokeTest_PROD" name="TS007_ATL_VerifyAllLinksUnderExhibitorsAndProductsTabTest" time="41.557"/>
  <testcase classname="PROD.AtlantaMarketSmokeTest_PROD" name="TS010_ATL_VerifyAllSocialMediaLinksOnFooterTest" time="90.446"/>
  <testcase classname="PROD.AtlantaMarketSmokeTest_PROD" name="TS011_ATL_VerifyFooterLinksTest" time="160.231"/>
  <testcase classname="PROD.AtlantaMarketSmokeTest_PROD" name="TS003_ATL_VerifyGlobalSearchFunctionalityTest" time="24.412"/>
  <testcase classname="PROD.AtlantaMarketSmokeTest_PROD" name="TS008_ATL_VerifAllLinksUnderExhibitTabTest" time="38.375"/>
  <testcase classname="PROD.AtlantaMarketSmokeTest_PROD" name="TS005_ATL_VerifyExhibitorDirectoryTest" time="18.932"/>
  <testcase classname="PROD.AtlantaMarketSmokeTest_PROD" name="TS012_ATL_VerifyAllLinksUnderAttendTabTest" time="166.777"/>
  <testcase classname="PROD.AtlantaMarketSmokeTest_PROD" name="TS006_ATL_VerifyAllLinksUnderMarketInfoTabTest" time="33.525"/>
  <testcase classname="PROD.AtlantaMarketSmokeTest_PROD" name="TS009_ATL_VerifyAllChannelsLinksTest" time="305.625"/>
</testsuite> <!-- PROD.AtlantaMarketSmokeTest_PROD -->
