<?xml version="1.0" encoding="UTF-8"?>
<!-- Generated by org.testng.reporters.JUnitReportReporter -->
<testsuite hostname="Anuppa-VD3" name="PROD.LasVegasAppSmokeTest_PROD" tests="9" failures="0" timestamp="1 Aug 2023 09:44:21 GMT" time="550.890" errors="0">
  <testcase name="TS005_LVMApp_VerifyAllLinksUnderExhibitorsAndProductsTabTest" time="7.459" classname="PROD.LasVegasAppSmokeTest_PROD"/>
  <testcase name="TS009_LVMApp_VerifySocialMediaLinksTest" time="8.487" classname="PROD.LasVegasAppSmokeTest_PROD"/>
  <testcase name="TS010_LVM_PlanYourMarkett" time="5.343" classname="PROD.LasVegasAppSmokeTest_PROD"/>
  <testcase name="TS001_VerifyAllHeaderChanelLinksTest" time="277.324" classname="PROD.LasVegasAppSmokeTest_PROD"/>
  <testcase name="TS008_LVMApp_VerifyFooterLinksTest" time="172.061" classname="PROD.LasVegasAppSmokeTest_PROD"/>
  <testcase name="TS006_LVMApp_VerifyAllLinksUnderAttendTabTest" time="15.275" classname="PROD.LasVegasAppSmokeTest_PROD"/>
  <testcase name="TS004_LVMApp_VerifyAllLinksUnderAboutTabTest" time="10.591" classname="PROD.LasVegasAppSmokeTest_PROD"/>
  <testcase name="TS007_LVMApp_VerifyAllLinksUnderExhibitTabTest" time="40.587" classname="PROD.LasVegasAppSmokeTest_PROD"/>
  <testcase name="TS002_LVMApp_VerifyGlobalSearchFunctionalityTest" time="13.763" classname="PROD.LasVegasAppSmokeTest_PROD"/>
</testsuite> <!-- PROD.LasVegasAppSmokeTest_PROD -->
