<?xml version="1.0" encoding="UTF-8"?>
<!-- Generated by org.testng.reporters.JUnitReportReporter -->
<testsuite hostname="NILAMMA-W10" name="PROD.AtlantaMarketSmokeTest_PROD" tests="1" failures="0" timestamp="27 Mar 2023 08:22:53 GMT" time="87.724" errors="0">
  <testcase name="TS008_ATL_VerifAllLinksUnderExhibitTabTest" time="87.724" classname="PROD.AtlantaMarketSmokeTest_PROD"/>
</testsuite> <!-- PROD.AtlantaMarketSmokeTest_PROD -->
