<?xml version="1.0" encoding="UTF-8"?>
<!-- Generated by org.testng.reporters.JUnitReportReporter -->
<testsuite hostname="eon-swapnili" name="PROD.LagVegasMarketSmokeTest_PROD" tests="2" failures="0" timestamp="7 Sep 2023 06:25:49 GMT" time="388.832" errors="0">
  <testcase name="TS011_LVM_VerifyAllLinksUnderYearRoundTabTest" time="22.099" classname="PROD.LagVegasMarketSmokeTest_PROD"/>
  <testcase name="TS008_LVM_VerifyFooterLinksTest" time="366.733" classname="PROD.LagVegasMarketSmokeTest_PROD"/>
</testsuite> <!-- PROD.LagVegasMarketSmokeTest_PROD -->
