<?xml version="1.0" encoding="UTF-8"?>
<!-- Generated by org.testng.reporters.JUnitReportReporter -->
<testsuite hostname="Anuppa-VD3" failures="0" tests="5" name="PROD.AtlantaAppSmokeTest_PROD" time="75.770" errors="0" timestamp="2025-01-09T14:33:20 IST" skipped="4">
  <testcase classname="PROD.AtlantaAppSmokeTest_PROD" name="TS009_ATLApp_VerifyAllLinksUnderExhibitTabTest" time="75.770"/>
  <system-out/>
  <testcase classname="PROD.AtlantaAppSmokeTest_PROD" name="TS014_ATLApp_VerifyMarketPlannerExhibitorPortalOptionTest">
    <skipped/>
  </testcase> <!-- TS014_ATLApp_VerifyMarketPlannerExhibitorPortalOptionTest -->
  <system-out/>
  <testcase classname="PROD.AtlantaAppSmokeTest_PROD" name="TS012_ATLApp_VerifyMarketPlannerLoginTest">
    <skipped/>
  </testcase> <!-- TS012_ATLApp_VerifyMarketPlannerLoginTest -->
  <system-out/>
  <testcase classname="PROD.AtlantaAppSmokeTest_PROD" name="TS011_ATLApp_MarketRecap">
    <skipped/>
  </testcase> <!-- TS011_ATLApp_MarketRecap -->
  <system-out/>
  <testcase classname="PROD.AtlantaAppSmokeTest_PROD" name="TS013_ATLApp_VerifyMarketPlannerProfileOptionTest">
    <skipped/>
  </testcase> <!-- TS013_ATLApp_VerifyMarketPlannerProfileOptionTest -->
  <system-out/>
</testsuite> <!-- PROD.AtlantaAppSmokeTest_PROD -->
