<?xml version="1.0" encoding="UTF-8"?>
<!-- Generated by org.testng.reporters.JUnitReportReporter -->
<testsuite hostname="Anuppa-VD3" name="PROD.AtlantaMarketSmokeTest_PROD" tests="10" failures="0" timestamp="28 Nov 2023 06:12:15 GMT" time="845.404" errors="0">
  <testcase name="TS009_ATL_VerifyAllLinksUnderAttendTabTest" time="140.616" classname="PROD.AtlantaMarketSmokeTest_PROD"/>
  <testcase name="TS010_ATL_VerifAllLinksUnderExhibitTabTest" time="48.572" classname="PROD.AtlantaMarketSmokeTest_PROD"/>
  <testcase name="TS007_ATL_VerifyAllChannelsLinksTest" time="282.021" classname="PROD.AtlantaMarketSmokeTest_PROD"/>
  <testcase name="TS003_ATL_VerifyExhibitorDirectoryTest" time="14.684" classname="PROD.AtlantaMarketSmokeTest_PROD"/>
  <testcase name="TS008_ATL_VerifyAllSocialMediaLinksOnFooterTest" time="91.598" classname="PROD.AtlantaMarketSmokeTest_PROD"/>
  <testcase name="TS006_ATL_VerifyAllNewsAndTrendsMenuTest" time="70.842" classname="PROD.AtlantaMarketSmokeTest_PROD"/>
  <testcase name="TS002_ATL_VerifyGlobalSearchFunctionalityTest" time="24.931" classname="PROD.AtlantaMarketSmokeTest_PROD"/>
  <testcase name="TS004_ATL_VerifyAllLinksUnderMarketInfoTabTest" time="76.445" classname="PROD.AtlantaMarketSmokeTest_PROD"/>
  <testcase name="TS005_ATL_VerifyAllLinksUnderExhibitorsAndProductsTabTest" time="14.263" classname="PROD.AtlantaMarketSmokeTest_PROD"/>
  <testcase name="TS011_ATL_VerifyFooterLinksTest" time="81.432" classname="PROD.AtlantaMarketSmokeTest_PROD"/>
</testsuite> <!-- PROD.AtlantaMarketSmokeTest_PROD -->
