<?xml version="1.0" encoding="UTF-8"?>
<!-- Generated by org.testng.reporters.JUnitReportReporter -->
<testsuite hostname="Anuppa-VD3" name="PROD.LagVegasMarketSmokeTest_PROD" tests="1" failures="0" timestamp="18 Aug 2023 10:10:03 GMT" time="54.158" errors="0">
  <testcase name="TS009_LVM_VerifyExhibitorDirectoryTest" time="54.158" classname="PROD.LagVegasMarketSmokeTest_PROD"/>
</testsuite> <!-- PROD.LagVegasMarketSmokeTest_PROD -->
