<?xml version="1.0" encoding="UTF-8"?>
<!-- Generated by org.testng.reporters.JUnitReportReporter -->
<testsuite hostname="Anuppa-VD3" name="PROD.AtlantaMarketSmokeTest_PROD" tests="11" failures="0" timestamp="5 Oct 2023 08:08:30 GMT" time="1327.110" errors="0">
  <testcase name="TS010_ATL_VerifAllLinksUnderExhibitTabTest" time="53.513" classname="PROD.AtlantaMarketSmokeTest_PROD"/>
  <testcase name="TS011_ATL_VerifyFooterLinksTest" time="124.276" classname="PROD.AtlantaMarketSmokeTest_PROD"/>
  <testcase name="TS009_ATL_VerifyAllLinksUnderAttendTabTest" time="153.353" classname="PROD.AtlantaMarketSmokeTest_PROD"/>
  <testcase name="TS001_ATL_MarketRecap" time="0.491" classname="PROD.AtlantaMarketSmokeTest_PROD"/>
  <testcase name="TS008_ATL_VerifyAllSocialMediaLinksOnFooterTest" time="94.139" classname="PROD.AtlantaMarketSmokeTest_PROD"/>
  <testcase name="TS006_ATL_VerifyAllNewsAndTrendsMenuTest" time="233.579" classname="PROD.AtlantaMarketSmokeTest_PROD"/>
  <testcase name="TS005_ATL_VerifyAllLinksUnderExhibitorsAndProductsTabTest" time="49.337" classname="PROD.AtlantaMarketSmokeTest_PROD"/>
  <testcase name="TS007_ATL_VerifyAllChannelsLinksTest" time="419.579" classname="PROD.AtlantaMarketSmokeTest_PROD"/>
  <testcase name="TS003_ATL_VerifyExhibitorDirectoryTest" time="45.086" classname="PROD.AtlantaMarketSmokeTest_PROD"/>
  <testcase name="TS004_ATL_VerifyAllLinksUnderMarketInfoTabTest" time="113.820" classname="PROD.AtlantaMarketSmokeTest_PROD"/>
  <testcase name="TS002_ATL_VerifyGlobalSearchFunctionalityTest" time="39.937" classname="PROD.AtlantaMarketSmokeTest_PROD"/>
</testsuite> <!-- PROD.AtlantaMarketSmokeTest_PROD -->
