<?xml version="1.0" encoding="UTF-8"?>
<!-- Generated by org.testng.reporters.JUnitReportReporter -->
<testsuite hostname="shradhama-w10" name="atlantamarket.AtlantaMarketSmokeTest_UAT" tests="1" failures="0" timestamp="3 Feb 2022 11:18:55 GMT" time="955.409" errors="0">
  <testcase name="TS011_VerifyFooterLinksTest" time="955.409" classname="atlantamarket.AtlantaMarketSmokeTest_UAT"/>
</testsuite> <!-- atlantamarket.AtlantaMarketSmokeTest_UAT -->
