<?xml version="1.0" encoding="UTF-8"?>
<!-- Generated by org.testng.reporters.JUnitReportReporter -->
<testsuite hostname="NILAMMA-W10" name="atlantamarket.AtlantaMarketSmokeTest_UAT" tests="1" failures="0" timestamp="20 Jan 2022 07:18:05 GMT" time="72.184" errors="0">
  <testcase name="TS001_VerifyMarketPlannerLoginTest" time="72.184" classname="atlantamarket.AtlantaMarketSmokeTest_UAT"/>
</testsuite> <!-- atlantamarket.AtlantaMarketSmokeTest_UAT -->
