<?xml version="1.0" encoding="UTF-8"?>
<!-- Generated by org.testng.reporters.JUnitReportReporter -->
<testsuite hostname="NILAMMA-W10" name="lasvegasmarket.LagVegasMarketSmokeTest" tests="2" failures="0" timestamp="10 Jan 2022 09:40:48 GMT" time="130.087" errors="0">
  <testcase name="TS001_VerifyMarketPlannerLoginTest" time="63.302" classname="lasvegasmarket.LagVegasMarketSmokeTest"/>
  <testcase name="TS006_VerifyAllLinksUnderExploreMarketTabTest" time="66.785" classname="lasvegasmarket.LagVegasMarketSmokeTest"/>
</testsuite> <!-- lasvegasmarket.LagVegasMarketSmokeTest -->
