<?xml version="1.0" encoding="UTF-8"?>
<!-- Generated by org.testng.reporters.JUnitReportReporter -->
<testsuite hostname="EON-prasannsheelb" failures="0" tests="12" name="PROD.LagVegasMarketSmokeTest_PROD" time="1152.250" errors="0" timestamp="31 Aug 2023 02:40:31 GMT">
  <testcase classname="PROD.LagVegasMarketSmokeTest_PROD" name="TS013_LVM_VerifyAllLinksUnderExploreMarketTabTest" time="19.525"/>
  <testcase classname="PROD.LagVegasMarketSmokeTest_PROD" name="TS012_LVM_VerifyAllSocialMediaLinksOnFooterTest" time="5.382"/>
  <testcase classname="PROD.LagVegasMarketSmokeTest_PROD" name="TS011_LVM_VerifyAllLinksUnderYearRoundTabTest" time="4.631"/>
  <testcase classname="PROD.LagVegasMarketSmokeTest_PROD" name="TS010_LVM_VerifyGlobalSearchFunctionalityTest" time="3.546"/>
  <testcase classname="PROD.LagVegasMarketSmokeTest_PROD" name="TS007_LVM_VerifyAllLinksUnderAttendTabTest" time="157.423"/>
  <testcase classname="PROD.LagVegasMarketSmokeTest_PROD" name="TS015_LVM_MarketRecap" time="6.784"/>
  <testcase classname="PROD.LagVegasMarketSmokeTest_PROD" name="TS004_LVM_VerifyAllLinksUnderExhibitorsAndProductsTabTest" time="24.426"/>
  <testcase classname="PROD.LagVegasMarketSmokeTest_PROD" name="TS006_LVM_VerifyHeaderChannelLinksTest" time="205.369"/>
  <testcase classname="PROD.LagVegasMarketSmokeTest_PROD" name="TS005_LVM_VerifyAllLinksUnderMarketInfoTabTest" time="27.739"/>
  <testcase classname="PROD.LagVegasMarketSmokeTest_PROD" name="TS009_LVM_VerifyExhibitorDirectoryTest" time="11.994"/>
  <testcase classname="PROD.LagVegasMarketSmokeTest_PROD" name="TS008_LVM_VerifyFooterLinksTest" time="677.550"/>
  <testcase classname="PROD.LagVegasMarketSmokeTest_PROD" name="TS002_LVM_VerifAllLinksUnderExhibitTabTest" time="7.881"/>
</testsuite> <!-- PROD.LagVegasMarketSmokeTest_PROD -->
