<?xml version="1.0" encoding="UTF-8"?>
<!-- Generated by org.testng.reporters.JUnitReportReporter -->
<testsuite hostname="NILAMMA-W10" name="PROD.AmericasMartSmokeTest_PROD" tests="1" failures="0" timestamp="7 Sep 2022 11:11:42 GMT" time="78.148" errors="0">
  <testcase name="TS001_VerifyMarketPlannerLoginTest" time="78.148" classname="PROD.AmericasMartSmokeTest_PROD"/>
</testsuite> <!-- PROD.AmericasMartSmokeTest_PROD -->
