<?xml version="1.0" encoding="UTF-8"?>
<!-- Generated by org.testng.reporters.JUnitReportReporter -->
<testsuite hostname="eon-swapnili" name="PROD.LasVegasAppSmokeTest_PROD" tests="8" failures="0" timestamp="9 Aug 2024 10:13:57 GMT" time="778.020" errors="0">
  <testcase name="TS002_LVMApp_VerifyGlobalSearchFunctionalityTest" time="11.618" classname="PROD.LasVegasAppSmokeTest_PROD"/>
  <testcase name="TS005_LVMApp_VerifyAllLinksUnderAttendTabTest" time="71.114" classname="PROD.LasVegasAppSmokeTest_PROD"/>
  <testcase name="TS006_LVMApp_VerifyAllLinksUnderExhibitTabTest" time="59.859" classname="PROD.LasVegasAppSmokeTest_PROD"/>
  <testcase name="TS008_LVMApp_VerifySocialMediaLinksTest" time="6.604" classname="PROD.LasVegasAppSmokeTest_PROD"/>
  <testcase name="TS003_LVMApp_VerifyAllLinksUnderAboutTabTest" time="17.165" classname="PROD.LasVegasAppSmokeTest_PROD"/>
  <testcase name="TS004_LVMApp_VerifyAllLinksUnderExhibitorsAndProductsTabTest" time="10.929" classname="PROD.LasVegasAppSmokeTest_PROD"/>
  <testcase name="TS007_LVMApp_VerifyFooterLinksTest" time="137.344" classname="PROD.LasVegasAppSmokeTest_PROD"/>
  <testcase name="TS001_LVMApp_VerifyAllHeaderChanelLinksTest" time="463.387" classname="PROD.LasVegasAppSmokeTest_PROD"/>
</testsuite> <!-- PROD.LasVegasAppSmokeTest_PROD -->
