<?xml version="1.0" encoding="UTF-8"?>
<!-- Generated by org.testng.reporters.JUnitReportReporter -->
<testsuite hostname="NILAMMA-W10" name="atlantamarket.AtlantaMarketSmokeTest_UAT" tests="2" failures="0" timestamp="20 Jan 2022 08:37:41 GMT" time="49.798" errors="0">
  <testcase name="TS001_VerifyMarketPlannerLoginTest" time="37.038" classname="atlantamarket.AtlantaMarketSmokeTest_UAT"/>
  <testcase name="TS002_VerifyMarketPlannerProfileAndSettingsOptionTest" time="12.760" classname="atlantamarket.AtlantaMarketSmokeTest_UAT"/>
</testsuite> <!-- atlantamarket.AtlantaMarketSmokeTest_UAT -->
