<?xml version="1.0" encoding="UTF-8"?>
<!-- Generated by org.testng.reporters.JUnitReportReporter -->
<testsuite hostname="Anuppa-VD3" name="PROD.AtlantaMarketSmokeTest_PROD" tests="1" failures="0" timestamp="10 May 2023 10:52:16 GMT" time="144.507" errors="0">
  <testcase name="TS011_ATL_VerifyFooterLinksTest" time="144.507" classname="PROD.AtlantaMarketSmokeTest_PROD"/>
</testsuite> <!-- PROD.AtlantaMarketSmokeTest_PROD -->
