<?xml version="1.0" encoding="UTF-8"?>
<!-- Generated by org.testng.reporters.JUnitReportReporter -->
<testsuite hostname="Anuppa-VD3" name="PROD.AtlantaAppSmokeTest_PROD" tests="1" failures="0" timestamp="11 Jul 2024 06:16:50 GMT" time="12.117" errors="0">
  <testcase name="TS008_ATLApp_VerifySocialMediaLinksTest" time="12.117" classname="PROD.AtlantaAppSmokeTest_PROD"/>
</testsuite> <!-- PROD.AtlantaAppSmokeTest_PROD -->
