<?xml version="1.0" encoding="UTF-8"?>
<!-- Generated by org.testng.reporters.JUnitReportReporter -->
<testsuite hostname="eon-swapnili" name="PROD.AtlantaMarketSmokeTest_PROD" tests="10" failures="0" timestamp="9 Aug 2024 10:13:57 GMT" time="1176.458" errors="0">
  <testcase name="TS007_ATL_VerifyAllChannelsLinksTest" time="440.420" classname="PROD.AtlantaMarketSmokeTest_PROD"/>
  <testcase name="TS011_ATL_VerifyFooterLinksTest" time="179.161" classname="PROD.AtlantaMarketSmokeTest_PROD"/>
  <testcase name="TS009_ATL_VerifyAllLinksUnderAttendTabTest" time="139.247" classname="PROD.AtlantaMarketSmokeTest_PROD"/>
  <testcase name="TS002_ATL_VerifyGlobalSearchFunctionalityTest" time="25.007" classname="PROD.AtlantaMarketSmokeTest_PROD"/>
  <testcase name="TS010_ATL_VerifAllLinksUnderExhibitTabTest" time="44.705" classname="PROD.AtlantaMarketSmokeTest_PROD"/>
  <testcase name="TS005_ATL_VerifyAllLinksUnderExhibitorsAndProductsTabTest" time="13.374" classname="PROD.AtlantaMarketSmokeTest_PROD"/>
  <testcase name="TS004_ATL_VerifyAllLinksUnderMarketInfoTabTest" time="154.192" classname="PROD.AtlantaMarketSmokeTest_PROD"/>
  <testcase name="TS006_ATL_VerifyAllNewsAndTrendsMenuTest" time="75.066" classname="PROD.AtlantaMarketSmokeTest_PROD"/>
  <testcase name="TS008_ATL_VerifyAllSocialMediaLinksOnFooterTest" time="90.269" classname="PROD.AtlantaMarketSmokeTest_PROD"/>
  <testcase name="TS003_ATL_VerifyExhibitorDirectoryTest" time="15.017" classname="PROD.AtlantaMarketSmokeTest_PROD"/>
</testsuite> <!-- PROD.AtlantaMarketSmokeTest_PROD -->
