<?xml version="1.0" encoding="UTF-8"?>
<!-- Generated by org.testng.reporters.JUnitReportReporter -->
<testsuite hostname="Anuppa-VD3" name="PROD.SitecoreSmokeTest_PROD" tests="2" failures="0" timestamp="7 Jun 2023 09:52:50 GMT" time="18.379" errors="0">
  <testcase name="TS008_SC_VerifyExhibitorEventsApprovalTest" time="3.264" classname="PROD.SitecoreSmokeTest_PROD"/>
  <testcase name="TS001_SC_VerifySitecoreLoginTest" time="15.115" classname="PROD.SitecoreSmokeTest_PROD"/>
</testsuite> <!-- PROD.SitecoreSmokeTest_PROD -->
