<?xml version="1.0" encoding="UTF-8"?>
<!-- Generated by org.testng.reporters.JUnitReportReporter -->
<testsuite hostname="eon-swapnili" name="PROD.AtlantaAppSmokeTest_PROD" tests="2" failures="0" timestamp="6 Sep 2023 08:27:42 GMT" time="148.414" errors="0">
  <testcase name="TS013_ATLApp_VerifyAllLinksUnderAttendTabTest" time="135.118" classname="PROD.AtlantaAppSmokeTest_PROD"/>
  <testcase name="TS009_ATLApp_VerifyAllLinksUnderTheBestOfFashionTabTest" time="13.296" classname="PROD.AtlantaAppSmokeTest_PROD"/>
</testsuite> <!-- PROD.AtlantaAppSmokeTest_PROD -->
