<?xml version="1.0" encoding="UTF-8"?>
<!-- Generated by org.testng.reporters.JUnitReportReporter -->
<testsuite hostname="NILAMMA-W10" name="PROD.AtlantaMarketSmokeTest_PROD" tests="2" failures="0" timestamp="18 Jan 2023 09:31:59 GMT" time="284.292" errors="0">
  <testcase name="TS012_VerifyAllLinksUnderAttendTabTest" time="214.174" classname="PROD.AtlantaMarketSmokeTest_PROD"/>
  <testcase name="TS013_VerifyAllNewsAndTrendsMenuTest" time="70.118" classname="PROD.AtlantaMarketSmokeTest_PROD"/>
</testsuite> <!-- PROD.AtlantaMarketSmokeTest_PROD -->
