<?xml version="1.0" encoding="UTF-8"?>
<!-- Generated by org.testng.reporters.JUnitReportReporter -->
<testsuite hostname="NILAMMA-W10" name="atlantamarket.AtlantaMarketSmokeTest_PROD" tests="13" failures="0" timestamp="21 Mar 2022 07:00:27 GMT" time="1431.347" errors="0">
  <testcase name="TS013_VerifyAllNewsAndTrendsMenuTest" time="80.380" classname="atlantamarket.AtlantaMarketSmokeTest_PROD"/>
  <testcase name="TS010_VerifyAllSocialMediaLinksOnFooterTest" time="80.131" classname="atlantamarket.AtlantaMarketSmokeTest_PROD"/>
  <testcase name="TS008_VerifAllLinksUnderExhibitTabTest" time="104.943" classname="atlantamarket.AtlantaMarketSmokeTest_PROD"/>
  <testcase name="TS004_VerifyMarketPlannerRegistrationsOptionTest" time="30.477" classname="atlantamarket.AtlantaMarketSmokeTest_PROD"/>
  <testcase name="TS005_VerifyExhibitorDirectoryTest" time="21.972" classname="atlantamarket.AtlantaMarketSmokeTest_PROD"/>
  <testcase name="TS003_VerifyGlobalSearchFunctionalityTest" time="11.443" classname="atlantamarket.AtlantaMarketSmokeTest_PROD"/>
  <testcase name="TS011_VerifyFooterLinksTest" time="496.964" classname="atlantamarket.AtlantaMarketSmokeTest_PROD"/>
  <testcase name="TS001_VerifyMarketPlannerLoginTest" time="39.732" classname="atlantamarket.AtlantaMarketSmokeTest_PROD"/>
  <testcase name="TS012_VerifyAllLinksUnderAttendTabTest" time="203.633" classname="atlantamarket.AtlantaMarketSmokeTest_PROD"/>
  <testcase name="TS007_VerifyAllLinksUnderExhibitorsAndProductsTabTest" time="69.157" classname="atlantamarket.AtlantaMarketSmokeTest_PROD"/>
  <testcase name="TS006_VerifyAllLinksUnderMarketInfoTabTest" time="95.889" classname="atlantamarket.AtlantaMarketSmokeTest_PROD"/>
  <testcase name="TS002_VerifyMarketPlannerProfileAndSettingsOptionTest" time="18.774" classname="atlantamarket.AtlantaMarketSmokeTest_PROD"/>
  <testcase name="TS009_VerifyAllChannelsLinksTest" time="177.852" classname="atlantamarket.AtlantaMarketSmokeTest_PROD"/>
</testsuite> <!-- atlantamarket.AtlantaMarketSmokeTest_PROD -->
