<?xml version="1.0" encoding="UTF-8"?>
<!-- Generated by org.testng.reporters.JUnitReportReporter -->

<testsuite hostname="Anuppa-VD3" name="PROD.AtlantaAppSmokeTest_PROD" tests="1" failures="0" timestamp="28 Aug 2023 15:39:50 GMT" time="61.804" errors="0">
  <testcase name="TS006_ATLApp_VerifyAllLinksUnderMarketsTabTest" time="61.804" classname="PROD.AtlantaAppSmokeTest_PROD"/>

<testsuite hostname="EON-prasannsheelb" failures="0" tests="1" name="PROD.AtlantaAppSmokeTest_PROD" time="16.120" errors="0" timestamp="31 Aug 2023 05:03:14 GMT">
  <testcase classname="PROD.AtlantaAppSmokeTest_PROD" name="TS014_ATLApp_MarketRecap" time="16.120"/>

</testsuite> <!-- PROD.AtlantaAppSmokeTest_PROD -->
