<?xml version="1.0" encoding="UTF-8"?>
<!-- Generated by org.testng.reporters.JUnitReportReporter -->
<testsuite hostname="Anuppa-VD3" name="PROD.LasVegasAppSmokeTest_PROD" tests="9" failures="0" timestamp="5 Oct 2023 08:08:30 GMT" time="918.289" errors="0">
  <testcase name="TS003_LVMApp_VerifyAllLinksUnderAboutTabTest" time="21.343" classname="PROD.LasVegasAppSmokeTest_PROD"/>
  <testcase name="TS009_LVMApp_MarketRecap" time="32.079" classname="PROD.LasVegasAppSmokeTest_PROD"/>
  <testcase name="TS006_LVMApp_VerifyAllLinksUnderExhibitTabTest" time="53.180" classname="PROD.LasVegasAppSmokeTest_PROD"/>
  <testcase name="TS007_LVMApp_VerifyFooterLinksTest" time="129.132" classname="PROD.LasVegasAppSmokeTest_PROD"/>
  <testcase name="TS008_LVMApp_VerifySocialMediaLinksTest" time="19.933" classname="PROD.LasVegasAppSmokeTest_PROD"/>
  <testcase name="TS001_VerifyAllHeaderChanelLinksTest" time="538.029" classname="PROD.LasVegasAppSmokeTest_PROD"/>
  <testcase name="TS004_LVMApp_VerifyAllLinksUnderExhibitorsAndProductsTabTest" time="10.647" classname="PROD.LasVegasAppSmokeTest_PROD"/>
  <testcase name="TS002_LVMApp_VerifyGlobalSearchFunctionalityTest" time="23.275" classname="PROD.LasVegasAppSmokeTest_PROD"/>
  <testcase name="TS005_LVMApp_VerifyAllLinksUnderAttendTabTest" time="90.671" classname="PROD.LasVegasAppSmokeTest_PROD"/>
</testsuite> <!-- PROD.LasVegasAppSmokeTest_PROD -->
