<?xml version="1.0" encoding="UTF-8"?>
<!-- Generated by org.testng.reporters.JUnitReportReporter -->
<testsuite hostname="Anuppa-VD3" name="PROD.LagVegasMarketSmokeTest_PROD" tests="12" failures="0" timestamp="5 Oct 2023 08:08:30 GMT" time="1327.843" errors="0">
  <testcase name="TS008_LVM_VerifyExhibitorDirectoryTest" time="13.897" classname="PROD.LagVegasMarketSmokeTest_PROD"/>
  <testcase name="TS009_LVM_VerifyGlobalSearchFunctionalityTest" time="5.248" classname="PROD.LagVegasMarketSmokeTest_PROD"/>
  <testcase name="TS005_LVM_VerifyAllLinksUnderMarketInfoTabTest" time="144.673" classname="PROD.LagVegasMarketSmokeTest_PROD"/>
  <testcase name="TS010_LVM_VerifyFooterLinksTest" time="321.583" classname="PROD.LagVegasMarketSmokeTest_PROD"/>
  <testcase name="TS002_LVM_VerifAllLinksUnderExhibitTabTest" time="124.040" classname="PROD.LagVegasMarketSmokeTest_PROD"/>
  <testcase name="TS003_LVM_MarketRecap" time="17.327" classname="PROD.LagVegasMarketSmokeTest_PROD"/>
  <testcase name="TS007_LVM_VerifyAllLinksUnderExploreMarketTabTest" time="37.077" classname="PROD.LagVegasMarketSmokeTest_PROD"/>
  <testcase name="TS006_LVM_VerifyAllLinksUnderAttendTabTest" time="212.404" classname="PROD.LagVegasMarketSmokeTest_PROD"/>
  <testcase name="TS001_LVM_VerifyHeaderChannelLinksTest" time="336.454" classname="PROD.LagVegasMarketSmokeTest_PROD"/>
  <testcase name="TS004_LVM_VerifyAllLinksUnderExhibitorsAndProductsTabTest" time="52.377" classname="PROD.LagVegasMarketSmokeTest_PROD"/>
  <testcase name="TS011_LVM_VerifyAllSocialMediaLinksOnFooterTest" time="10.310" classname="PROD.LagVegasMarketSmokeTest_PROD"/>
  <testcase name="TS012_LVM_VerifyAllLinksUnderYearRoundTabTest" time="52.453" classname="PROD.LagVegasMarketSmokeTest_PROD"/>
</testsuite> <!-- PROD.LagVegasMarketSmokeTest_PROD -->
