<?xml version="1.0" encoding="UTF-8"?>
<!-- Generated by org.testng.reporters.JUnitReportReporter -->
<testsuite hostname="eon-swapnili" name="atlantamarket_PROD.ExhibitorDigitalShowroom" tests="1" failures="0" timestamp="7 Dec 2022 09:53:44 GMT" time="50.103" errors="0">
  <testcase name="TS006_VerifyClickOnProductShownLinkForExhibitorTest" time="50.103" classname="atlantamarket_PROD.ExhibitorDigitalShowroom"/>
</testsuite> <!-- atlantamarket_PROD.ExhibitorDigitalShowroom -->
