<?xml version="1.0" encoding="UTF-8"?>
<!-- Generated by org.testng.reporters.JUnitReportReporter -->
<testsuite hostname="NILAMMA-W10" name="PROD.ExhibitorPortalSmokeTest_PROD" tests="2" failures="0" timestamp="4 Nov 2022 09:58:31 GMT" time="114.398" errors="0">
  <testcase name="TS004_VerifyAllLinkUnderEXPRegistrationsAndServicesTabTest" time="57.745" classname="PROD.ExhibitorPortalSmokeTest_PROD"/>
  <testcase name="TS001_VerifyExhibitorPortalLoginTest" time="56.653" classname="PROD.ExhibitorPortalSmokeTest_PROD"/>
</testsuite> <!-- PROD.ExhibitorPortalSmokeTest_PROD -->
