<?xml version="1.0" encoding="UTF-8"?>
<!-- Generated by org.testng.reporters.JUnitReportReporter -->
<testsuite hostname="Anuppa-VD3" name="PROD.LagVegasMarketSmokeTest_PROD" tests="1" failures="0" timestamp="26 Feb 2024 08:36:24 GMT" time="49.331" errors="0">
  <testcase name="TS005_LVM_VerifyAllLinksUnderMarketInfoTabTest" time="49.331" classname="PROD.LagVegasMarketSmokeTest_PROD"/>
</testsuite> <!-- PROD.LagVegasMarketSmokeTest_PROD -->
