<?xml version="1.0" encoding="UTF-8"?>
<!-- Generated by org.testng.reporters.JUnitReportReporter -->
<testsuite hostname="eon-swapnili" name="PROD.AtlantaAppSmokeTest_PROD" tests="1" failures="0" timestamp="6 Sep 2023 12:58:50 GMT" time="26.347" errors="0">
  <testcase name="TS005_ATLApp_VerifyExhibitorDirectoryTest" time="26.347" classname="PROD.AtlantaAppSmokeTest_PROD"/>
</testsuite> <!-- PROD.AtlantaAppSmokeTest_PROD -->
