<?xml version="1.0" encoding="UTF-8"?>
<!-- Generated by org.testng.reporters.JUnitReportReporter -->
<testsuite hostname="shradhama-w10" name="exhibitorportal.ExhibitorPortalSmokeTest_UAT" tests="2" failures="0" timestamp="16 Feb 2022 12:04:36 GMT" time="33.774" errors="0">
  <testcase name="TS001_VerifyExhibitorPortalLoginTest" time="31.564" classname="exhibitorportal.ExhibitorPortalSmokeTest_UAT"/>
  <testcase name="TS002_VerifyNotificationsTabTest" time="2.210" classname="exhibitorportal.ExhibitorPortalSmokeTest_UAT"/>
</testsuite> <!-- exhibitorportal.ExhibitorPortalSmokeTest_UAT -->
