<?xml version="1.0" encoding="UTF-8"?>
<!-- Generated by org.testng.reporters.JUnitReportReporter -->
<testsuite hostname="eon-swapnili" failures="0" tests="10" name="PROD.LVMSmoke_PROD" time="947.505" errors="0" timestamp="2024-11-05T16:39:23 IST" skipped="0">
  <testcase classname="PROD.LVMSmoke_PROD" name="TS001_LVM_VerifyHeaderChannelLinksTest" time="435.208"/>
  <system-out/>
  <testcase classname="PROD.LVMSmoke_PROD" name="TS002_LVM_VerifAllLinksUnderExhibitorDirectoryTabTest" time="45.589"/>
  <system-out/>
  <testcase classname="PROD.LVMSmoke_PROD" name="TS003_LVM_VerifAllLinksUnderVisitTabTest" time="66.701"/>
  <system-out/>
  <testcase classname="PROD.LVMSmoke_PROD" name="TS004_LVM_VerifAllLinksUnderDiscoverTabTest" time="75.617"/>
  <system-out/>
  <testcase classname="PROD.LVMSmoke_PROD" name="TS005_LVM_VerifAllLinksUnderExhibitTabTest" time="19.196"/>
  <system-out/>
  <testcase classname="PROD.LVMSmoke_PROD" name="TS006_LVM_VerifAllLinksUnderSourceYearRoundTabTest" time="42.401"/>
  <system-out/>
  <testcase classname="PROD.LVMSmoke_PROD" name="TS07_LVM_VerifyAllSocialMediaLinksOnFooterTest" time="9.017"/>
  <system-out/>
  <testcase classname="PROD.LVMSmoke_PROD" name="TS008_LVM_VerifyGlobalSearchFunctionalityTest" time="9.491"/>
  <system-out/>
  <testcase classname="PROD.LVMSmoke_PROD" name="TS009_LVM_VerifyFooterLinksTest" time="230.596"/>
  <system-out/>
  <testcase classname="PROD.LVMSmoke_PROD" name="TS010_LVM_VerifRegisterButtonTest" time="13.689"/>
  <system-out/>
</testsuite> <!-- PROD.LVMSmoke_PROD -->
