<?xml version="1.0" encoding="UTF-8"?>
<!-- Generated by org.testng.reporters.JUnitReportReporter -->
<testsuite hostname="NILAMMA-W10" name="PROD.AtlantaAppSmokeTest_PROD" tests="1" failures="0" timestamp="21 Mar 2023 12:41:05 GMT" time="227.477" errors="0">
  <testcase name="TS012_ATLApp_VerifyFooterLinksTest" time="227.477" classname="PROD.AtlantaAppSmokeTest_PROD"/>
</testsuite> <!-- PROD.AtlantaAppSmokeTest_PROD -->
