<?xml version="1.0" encoding="UTF-8"?>
<!-- Generated by org.testng.reporters.JUnitReportReporter -->
<testsuite hostname="Anuppa-VD3" name="PROD.LagVegasMarketSmokeTest_PROD" tests="1" failures="0" timestamp="31 Jul 2023 08:31:42 GMT" time="14.034" errors="0">
  <testcase name="TS009_LVM_VerifyExhibitorDirectoryTest" time="14.034" classname="PROD.LagVegasMarketSmokeTest_PROD"/>
</testsuite> <!-- PROD.LagVegasMarketSmokeTest_PROD -->
