<?xml version="1.0" encoding="UTF-8"?>
<!-- Generated by org.testng.reporters.JUnitReportReporter -->
<testsuite hostname="NILAMMA-W10" name="atlantamarket.AtlantaMarketSmokeTest_UAT" tests="7" failures="0" timestamp="27 Jan 2022 12:16:06 GMT" time="336.235" errors="0">
  <testcase name="TS006_VerifyAllLinksUnderMarketInfoTabTest" time="121.175" classname="atlantamarket.AtlantaMarketSmokeTest_UAT"/>
  <testcase name="TS001_VerifyMarketPlannerLoginTest" time="44.973" classname="atlantamarket.AtlantaMarketSmokeTest_UAT"/>
  <testcase name="TS005_VerifyExhibitorDirectoryTest" time="22.754" classname="atlantamarket.AtlantaMarketSmokeTest_UAT"/>
  <testcase name="TS004_VerifyMarketPlannerRegistrationsOptionTest" time="7.924" classname="atlantamarket.AtlantaMarketSmokeTest_UAT"/>
  <testcase name="TS007_VerifyAllLinksUnderExhibitorsAndProductsTabTest" time="116.703" classname="atlantamarket.AtlantaMarketSmokeTest_UAT"/>
  <testcase name="TS003_VerifyGlobalSearchFunctionalityTest" time="10.956" classname="atlantamarket.AtlantaMarketSmokeTest_UAT"/>
  <testcase name="TS002_VerifyMarketPlannerProfileAndSettingsOptionTest" time="11.750" classname="atlantamarket.AtlantaMarketSmokeTest_UAT"/>
</testsuite> <!-- atlantamarket.AtlantaMarketSmokeTest_UAT -->
