<?xml version="1.0" encoding="UTF-8"?>
<!-- Generated by org.testng.reporters.JUnitReportReporter -->
<testsuite hostname="NILAMMA-W10" name="PROD.LagVegasMarketSmokeTest_PROD" tests="1" failures="0" timestamp="18 Jan 2023 07:52:18 GMT" time="35.791" errors="0">
  <testcase name="TS009_VerifyExhibitorDirectoryTest" time="35.791" classname="PROD.LagVegasMarketSmokeTest_PROD"/>
</testsuite> <!-- PROD.LagVegasMarketSmokeTest_PROD -->
