<?xml version="1.0" encoding="UTF-8"?>
<!-- Generated by org.testng.reporters.JUnitReportReporter -->
<testsuite hostname="NILAMMA-W10" name="atlantamarket.GlobalSearch_SuggestionList" tests="3" failures="0" timestamp="22 Jun 2022 06:44:46 GMT" time="86.428" errors="0">
  <testcase name="TS002_VerifySelectionOfLineFromAutoSuggestionListTest" time="27.217" classname="atlantamarket.GlobalSearch_SuggestionList"/>
  <testcase name="TS003_VerifySelectionOfProductFromAutoSuggestionListTest" time="46.155" classname="atlantamarket.GlobalSearch_SuggestionList"/>
  <testcase name="TS001_VerifySelectionOfExhibitorFromAutoSuggestionListTest" time="13.056" classname="atlantamarket.GlobalSearch_SuggestionList"/>
</testsuite> <!-- atlantamarket.GlobalSearch_SuggestionList -->
