<?xml version="1.0" encoding="UTF-8"?>
<!-- Generated by org.testng.reporters.JUnitReportReporter -->
<testsuite hostname="NILAMMA-W10" name="PROD.AmericasMartSmokeTest_PROD" tests="1" failures="0" timestamp="18 Oct 2022 12:31:24 GMT" time="47.205" errors="0">
  <testcase name="TS011_VerifyExhibitorDirectoryTest" time="47.205" classname="PROD.AmericasMartSmokeTest_PROD"/>
</testsuite> <!-- PROD.AmericasMartSmokeTest_PROD -->
