<?xml version="1.0" encoding="UTF-8"?>
<!-- Generated by org.testng.reporters.JUnitReportReporter -->
<testsuite hostname="shradhama-w10" name="lasvegasmarket.LagVegasMarketSmokeTest" tests="7" failures="0" timestamp="12 Jan 2022 09:56:35 GMT" time="623.146" errors="0">
  <testcase name="TS002_VerifAllLinksUnderExhibitTabTest" time="117.210" classname="lasvegasmarket.LagVegasMarketSmokeTest"/>
  <testcase name="TS004_VerifyAllLinksUnderExhibitorsAndProductsTabTest" time="67.643" classname="lasvegasmarket.LagVegasMarketSmokeTest"/>
  <testcase name="TS006_VerifyAllLinksUnderExploreMarketTabTest" time="116.124" classname="lasvegasmarket.LagVegasMarketSmokeTest"/>
  <testcase name="TS003_VerifyMarketPlannerProfileAndSettingsOptionTest" time="28.643" classname="lasvegasmarket.LagVegasMarketSmokeTest"/>
  <testcase name="TS007_VerifyGlobalSearchFunctionalityTest" time="10.842" classname="lasvegasmarket.LagVegasMarketSmokeTest"/>
  <testcase name="TS005_VerifyAllLinksUnderMarketInfoTabTest" time="201.256" classname="lasvegasmarket.LagVegasMarketSmokeTest"/>
  <testcase name="TS001_VerifyMarketPlannerLoginTest" time="81.428" classname="lasvegasmarket.LagVegasMarketSmokeTest"/>
</testsuite> <!-- lasvegasmarket.LagVegasMarketSmokeTest -->
