<?xml version="1.0" encoding="UTF-8"?>
<!-- Generated by org.testng.reporters.JUnitReportReporter -->
<testsuite hostname="NILAMMA-W10" name="lasvegasmarket_UAT.GlobalSearch_SuggestionList" tests="1" failures="0" timestamp="20 Jul 2022 11:35:13 GMT" time="31.652" errors="0">
  <testcase name="TS003_VerifySelectionOfProductFromAutoSuggestionListTest" time="31.652" classname="lasvegasmarket_UAT.GlobalSearch_SuggestionList"/>
</testsuite> <!-- lasvegasmarket_UAT.GlobalSearch_SuggestionList -->
