<?xml version="1.0" encoding="UTF-8"?>
<!-- Generated by org.testng.reporters.JUnitReportReporter -->
<testsuite hostname="Anuppa-VD3" failures="2" tests="11" name="PROD.LasVegasAppSmokeTest_PROD" time="652.305" errors="0" timestamp="2024-11-11T11:44:23 IST" skipped="3">
  <testcase classname="PROD.LasVegasAppSmokeTest_PROD" name="TS001_LVMApp_VerifyAllHeaderChanelLinksTest" time="320.761"/>
  <system-out/>
  <testcase classname="PROD.LasVegasAppSmokeTest_PROD" name="TS002_LVMApp_VerifyGlobalSearchFunctionalityTest" time="12.417">
    <failure message="expected [true] but found [false]" type="java.lang.AssertionError">
      <![CDATA[java.lang.AssertionError: expected [true] but found [false]
at org.testng.Assert.fail(Assert.java:99)
at org.testng.Assert.failNotEquals(Assert.java:1037)
at org.testng.Assert.assertTrue(Assert.java:45)
at org.testng.Assert.assertTrue(Assert.java:55)
at PROD.LasVegasAppSmokeTest_PROD.TS002_LVMApp_VerifyGlobalSearchFunctionalityTest(LasVegasAppSmokeTest_PROD.java:329)
at java.base/jdk.internal.reflect.DirectMethodHandleAccessor.invoke(DirectMethodHandleAccessor.java:103)
at java.base/java.lang.reflect.Method.invoke(Method.java:580)
at org.testng.internal.MethodInvocationHelper.invokeMethod(MethodInvocationHelper.java:133)
at org.testng.internal.TestInvoker.invokeMethod(TestInvoker.java:598)
at org.testng.internal.TestInvoker.invokeTestMethod(TestInvoker.java:173)
at org.testng.internal.MethodRunner.runInSequence(MethodRunner.java:46)
at org.testng.internal.TestInvoker$MethodInvocationAgent.invoke(TestInvoker.java:824)
at org.testng.internal.TestInvoker.invokeTestMethods(TestInvoker.java:146)
at org.testng.internal.TestMethodWorker.invokeTestMethods(TestMethodWorker.java:146)
at org.testng.internal.TestMethodWorker.run(TestMethodWorker.java:128)
at java.base/java.util.ArrayList.forEach(ArrayList.java:1596)
at org.testng.TestRunner.privateRun(TestRunner.java:794)
at org.testng.TestRunner.run(TestRunner.java:596)
at org.testng.SuiteRunner.runTest(SuiteRunner.java:377)
at org.testng.SuiteRunner.runSequentially(SuiteRunner.java:371)
at org.testng.SuiteRunner.privateRun(SuiteRunner.java:332)
at org.testng.SuiteRunner.run(SuiteRunner.java:276)
at org.testng.SuiteRunnerWorker.runSuite(SuiteRunnerWorker.java:53)
at org.testng.SuiteRunnerWorker.run(SuiteRunnerWorker.java:96)
at org.testng.TestNG.runSuitesSequentially(TestNG.java:1212)
at org.testng.TestNG.runSuitesLocally(TestNG.java:1134)
at org.testng.TestNG.runSuites(TestNG.java:1063)
at org.testng.TestNG.run(TestNG.java:1031)
at org.testng.remote.AbstractRemoteTestNG.run(AbstractRemoteTestNG.java:115)
at org.testng.remote.RemoteTestNG.initAndRun(RemoteTestNG.java:293)
at org.testng.remote.RemoteTestNG.main(RemoteTestNG.java:91)
]]>
    </failure>
  </testcase> <!-- TS002_LVMApp_VerifyGlobalSearchFunctionalityTest -->
  <system-out/>
  <testcase classname="PROD.LasVegasAppSmokeTest_PROD" name="TS003_LVMApp_VerifyAllLinksUnderAboutTabTest" time="23.974"/>
  <system-out/>
  <testcase classname="PROD.LasVegasAppSmokeTest_PROD" name="TS004_LVMApp_VerifyAllLinksUnderExhibitorsAndProductsTabTest" time="11.518">
    <failure message="expected [true] but found [false]" type="java.lang.AssertionError">
      <![CDATA[java.lang.AssertionError: expected [true] but found [false]
at org.testng.Assert.fail(Assert.java:99)
at org.testng.Assert.failNotEquals(Assert.java:1037)
at org.testng.Assert.assertTrue(Assert.java:45)
at org.testng.Assert.assertTrue(Assert.java:55)
at PROD.LasVegasAppSmokeTest_PROD.TS004_LVMApp_VerifyAllLinksUnderExhibitorsAndProductsTabTest(LasVegasAppSmokeTest_PROD.java:428)
at java.base/jdk.internal.reflect.DirectMethodHandleAccessor.invoke(DirectMethodHandleAccessor.java:103)
at java.base/java.lang.reflect.Method.invoke(Method.java:580)
at org.testng.internal.MethodInvocationHelper.invokeMethod(MethodInvocationHelper.java:133)
at org.testng.internal.TestInvoker.invokeMethod(TestInvoker.java:598)
at org.testng.internal.TestInvoker.invokeTestMethod(TestInvoker.java:173)
at org.testng.internal.MethodRunner.runInSequence(MethodRunner.java:46)
at org.testng.internal.TestInvoker$MethodInvocationAgent.invoke(TestInvoker.java:824)
at org.testng.internal.TestInvoker.invokeTestMethods(TestInvoker.java:146)
at org.testng.internal.TestMethodWorker.invokeTestMethods(TestMethodWorker.java:146)
at org.testng.internal.TestMethodWorker.run(TestMethodWorker.java:128)
at java.base/java.util.ArrayList.forEach(ArrayList.java:1596)
at org.testng.TestRunner.privateRun(TestRunner.java:794)
at org.testng.TestRunner.run(TestRunner.java:596)
at org.testng.SuiteRunner.runTest(SuiteRunner.java:377)
at org.testng.SuiteRunner.runSequentially(SuiteRunner.java:371)
at org.testng.SuiteRunner.privateRun(SuiteRunner.java:332)
at org.testng.SuiteRunner.run(SuiteRunner.java:276)
at org.testng.SuiteRunnerWorker.runSuite(SuiteRunnerWorker.java:53)
at org.testng.SuiteRunnerWorker.run(SuiteRunnerWorker.java:96)
at org.testng.TestNG.runSuitesSequentially(TestNG.java:1212)
at org.testng.TestNG.runSuitesLocally(TestNG.java:1134)
at org.testng.TestNG.runSuites(TestNG.java:1063)
at org.testng.TestNG.run(TestNG.java:1031)
at org.testng.remote.AbstractRemoteTestNG.run(AbstractRemoteTestNG.java:115)
at org.testng.remote.RemoteTestNG.initAndRun(RemoteTestNG.java:293)
at org.testng.remote.RemoteTestNG.main(RemoteTestNG.java:91)
]]>
    </failure>
  </testcase> <!-- TS004_LVMApp_VerifyAllLinksUnderExhibitorsAndProductsTabTest -->
  <system-out/>
  <testcase classname="PROD.LasVegasAppSmokeTest_PROD" name="TS005_LVMApp_VerifyAllLinksUnderAttendTabTest" time="104.841"/>
  <system-out/>
  <testcase classname="PROD.LasVegasAppSmokeTest_PROD" name="TS006_LVMApp_VerifyAllLinksUnderExhibitTabTest" time="71.341"/>
  <system-out/>
  <testcase classname="PROD.LasVegasAppSmokeTest_PROD" name="TS007_LVMApp_VerifyFooterLinksTest" time="99.356"/>
  <system-out/>
  <testcase classname="PROD.LasVegasAppSmokeTest_PROD" name="TS008_LVMApp_VerifySocialMediaLinksTest" time="8.097"/>
  <system-out/>
  <testcase classname="PROD.LasVegasAppSmokeTest_PROD" name="TS010_ATLApp_VerifyExhibitorDirectoryTest">
    <skipped/>
  </testcase> <!-- TS010_ATLApp_VerifyExhibitorDirectoryTest -->
  <system-out/>
  <testcase classname="PROD.LasVegasAppSmokeTest_PROD" name="TS009_LVMApp_MarketRecap">
    <skipped/>
  </testcase> <!-- TS009_LVMApp_MarketRecap -->
  <system-out/>
  <testcase classname="PROD.LasVegasAppSmokeTest_PROD" name="TS011_LVM_PlanYourMarkett">
    <skipped/>
  </testcase> <!-- TS011_LVM_PlanYourMarkett -->
  <system-out/>
</testsuite> <!-- PROD.LasVegasAppSmokeTest_PROD -->
