<?xml version="1.0" encoding="UTF-8"?>
<!-- Generated by org.testng.reporters.JUnitReportReporter -->
<testsuite hostname="NILAMMA-W10" name="atlantamarket.AtlantaMarketRegressTest_UAT" tests="1" failures="0" timestamp="9 Jun 2022 11:30:38 GMT" time="36.672" errors="0">
  <testcase name="TS005_VerifyAddToFavoriteForExhibitorTest" time="36.672" classname="atlantamarket.AtlantaMarketRegressTest_UAT"/>
</testsuite> <!-- atlantamarket.AtlantaMarketRegressTest_UAT -->
