<?xml version="1.0" encoding="UTF-8"?>
<!-- Generated by org.testng.reporters.JUnitReportReporter -->
<testsuite hostname="swapnili" name="PROD.LagVegasMarketSmokeTest_PROD" tests="1" failures="0" timestamp="26 Jul 2022 10:14:06 GMT" time="20.706" errors="0">
  <testcase name="TS006_VerifyHeaderChannelLinksTest" time="20.706" classname="PROD.LagVegasMarketSmokeTest_PROD"/>
</testsuite> <!-- PROD.LagVegasMarketSmokeTest_PROD -->
