<?xml version="1.0" encoding="UTF-8"?>
<!-- Generated by org.testng.reporters.JUnitReportReporter -->
<testsuite hostname="NILAMMA-W10" name="americasmart.AmericasMartSmokeTest_PROD" tests="12" failures="0" timestamp="18 Feb 2022 14:08:39 GMT" time="1337.406" errors="2">
  <testcase name="TS002_VerifyMarketPlannerProfileAndSettingsOptionTest" time="19.178" classname="americasmart.AmericasMartSmokeTest_PROD"/>
  <testcase name="TS004_VerifyAllSocialMediaLinksOnFooterTest" time="35.748" classname="americasmart.AmericasMartSmokeTest_PROD"/>
  <testcase name="TS006_VerifyAllHeaderChanelLinksTest" time="118.312" classname="americasmart.AmericasMartSmokeTest_PROD"/>
  <testcase name="TS008_VerifyFooterLinksTest" time="587.913" classname="americasmart.AmericasMartSmokeTest_PROD"/>
  <testcase name="TS010_VerifyAllLinksUnderOpenYearRoundTest" time="102.907" classname="americasmart.AmericasMartSmokeTest_PROD"/>
  <testcase name="TS007_VerifyAllLinksUnderMarketsAndEventsTabTest" time="181.283" classname="americasmart.AmericasMartSmokeTest_PROD"/>
  <testcase name="TS012_VerifyExhibitorDirectoryTest" time="80.398" classname="americasmart.AmericasMartSmokeTest_PROD"/>
  <testcase name="TS001_VerifyMarketPlannerLoginTest" time="68.210" classname="americasmart.AmericasMartSmokeTest_PROD"/>
  <testcase name="TS003_VerifyMarketPlannerExhibitorPortalOptionTest" time="19.360" classname="americasmart.AmericasMartSmokeTest_PROD"/>
  <testcase name="TS005_VerifyAllLinksUnderAboutTabTest" time="108.539" classname="americasmart.AmericasMartSmokeTest_PROD">
    <error type="org.junit.ComparisonFailure" message="expected:&lt;C[ontact U]s&gt; but was:&lt;C[areer]s&gt;">
      <![CDATA[org.junit.ComparisonFailure: expected:<C[ontact U]s> but was:<C[areer]s>
	at org.junit.Assert.assertEquals(Assert.java:115)
	at org.junit.Assert.assertEquals(Assert.java:144)
	at americasmart.AmericasMartSmokeTest_PROD.TS005_VerifyAllLinksUnderAboutTabTest(AmericasMartSmokeTest_PROD.java:251)
	at sun.reflect.NativeMethodAccessorImpl.invoke0(Native Method)
	at sun.reflect.NativeMethodAccessorImpl.invoke(Unknown Source)
	at sun.reflect.DelegatingMethodAccessorImpl.invoke(Unknown Source)
	at java.lang.reflect.Method.invoke(Unknown Source)
	at org.testng.internal.MethodInvocationHelper.invokeMethod(MethodInvocationHelper.java:80)
	at org.testng.internal.Invoker.invokeMethod(Invoker.java:714)
	at org.testng.internal.Invoker.invokeTestMethod(Invoker.java:901)
	at org.testng.internal.Invoker.invokeTestMethods(Invoker.java:1231)
	at org.testng.internal.TestMethodWorker.invokeTestMethods(TestMethodWorker.java:127)
	at org.testng.internal.TestMethodWorker.run(TestMethodWorker.java:111)
	at org.testng.TestRunner.privateRun(TestRunner.java:767)
	at org.testng.TestRunner.run(TestRunner.java:617)
	at org.testng.SuiteRunner.runTest(SuiteRunner.java:334)
	at org.testng.SuiteRunner.runSequentially(SuiteRunner.java:329)
	at org.testng.SuiteRunner.privateRun(SuiteRunner.java:291)
	at org.testng.SuiteRunner.run(SuiteRunner.java:240)
	at org.testng.SuiteRunnerWorker.runSuite(SuiteRunnerWorker.java:52)
	at org.testng.SuiteRunnerWorker.run(SuiteRunnerWorker.java:86)
	at org.testng.TestNG.runSuitesSequentially(TestNG.java:1198)
	at org.testng.TestNG.runSuitesLocally(TestNG.java:1123)
	at org.testng.TestNG.run(TestNG.java:1031)
	at org.testng.remote.AbstractRemoteTestNG.run(AbstractRemoteTestNG.java:132)
	at org.testng.remote.RemoteTestNG.initAndRun(RemoteTestNG.java:236)
	at org.testng.remote.RemoteTestNG.main(RemoteTestNG.java:81)
]]>
    </error>
  </testcase> <!-- TS005_VerifyAllLinksUnderAboutTabTest -->
  <testcase name="TS011_VerifyAllLinksUnderExhibitTest" time="1.238" classname="americasmart.AmericasMartSmokeTest_PROD">
    <error type="org.junit.ComparisonFailure" message="expected:&lt;[Open Year Round]&gt; but was:&lt;[Exhibit]&gt;">
      <![CDATA[org.junit.ComparisonFailure: expected:<[Open Year Round]> but was:<[Exhibit]>
	at org.junit.Assert.assertEquals(Assert.java:115)
	at org.junit.Assert.assertEquals(Assert.java:144)
	at americasmart.AmericasMartSmokeTest_PROD.TS011_VerifyAllLinksUnderExhibitTest(AmericasMartSmokeTest_PROD.java:619)
	at sun.reflect.NativeMethodAccessorImpl.invoke0(Native Method)
	at sun.reflect.NativeMethodAccessorImpl.invoke(Unknown Source)
	at sun.reflect.DelegatingMethodAccessorImpl.invoke(Unknown Source)
	at java.lang.reflect.Method.invoke(Unknown Source)
	at org.testng.internal.MethodInvocationHelper.invokeMethod(MethodInvocationHelper.java:80)
	at org.testng.internal.Invoker.invokeMethod(Invoker.java:714)
	at org.testng.internal.Invoker.invokeTestMethod(Invoker.java:901)
	at org.testng.internal.Invoker.invokeTestMethods(Invoker.java:1231)
	at org.testng.internal.TestMethodWorker.invokeTestMethods(TestMethodWorker.java:127)
	at org.testng.internal.TestMethodWorker.run(TestMethodWorker.java:111)
	at org.testng.TestRunner.privateRun(TestRunner.java:767)
	at org.testng.TestRunner.run(TestRunner.java:617)
	at org.testng.SuiteRunner.runTest(SuiteRunner.java:334)
	at org.testng.SuiteRunner.runSequentially(SuiteRunner.java:329)
	at org.testng.SuiteRunner.privateRun(SuiteRunner.java:291)
	at org.testng.SuiteRunner.run(SuiteRunner.java:240)
	at org.testng.SuiteRunnerWorker.runSuite(SuiteRunnerWorker.java:52)
	at org.testng.SuiteRunnerWorker.run(SuiteRunnerWorker.java:86)
	at org.testng.TestNG.runSuitesSequentially(TestNG.java:1198)
	at org.testng.TestNG.runSuitesLocally(TestNG.java:1123)
	at org.testng.TestNG.run(TestNG.java:1031)
	at org.testng.remote.AbstractRemoteTestNG.run(AbstractRemoteTestNG.java:132)
	at org.testng.remote.RemoteTestNG.initAndRun(RemoteTestNG.java:236)
	at org.testng.remote.RemoteTestNG.main(RemoteTestNG.java:81)
]]>
    </error>
  </testcase> <!-- TS011_VerifyAllLinksUnderExhibitTest -->
  <testcase name="TS009_VerifyGlobalSearchFunctionalityTest" time="14.320" classname="americasmart.AmericasMartSmokeTest_PROD"/>
</testsuite> <!-- americasmart.AmericasMartSmokeTest_PROD -->
