<?xml version="1.0" encoding="UTF-8"?>
<!-- Generated by org.testng.reporters.JUnitReportReporter -->
<testsuite hostname="shradhama-win10" name="exhibitorportal.ExhibitorPortalSmokeTest_UAT" tests="7" failures="0" timestamp="23 Mar 2022 05:08:25 GMT" time="145.250" errors="0">
  <testcase name="TS001_VerifyExhibitorPortalLoginTest" time="30.957" classname="exhibitorportal.ExhibitorPortalSmokeTest_UAT"/>
  <testcase name="TS006_VerifyAllLinkUnderYourDigiShowroomTest" time="25.790" classname="exhibitorportal.ExhibitorPortalSmokeTest_UAT"/>
  <testcase name="TS004_VerifyAllLinkUnderEXPRegistrationsAndServicesTabTest" time="40.935" classname="exhibitorportal.ExhibitorPortalSmokeTest_UAT"/>
  <testcase name="TS003_VerifySettingsTabTest" time="8.485" classname="exhibitorportal.ExhibitorPortalSmokeTest_UAT"/>
  <testcase name="TS005_VerifyAllLinkUnderEXPApplicationsAndLeasesTest" time="24.019" classname="exhibitorportal.ExhibitorPortalSmokeTest_UAT"/>
  <testcase name="TS007_VerifyAllLinkUnderEXPMarketTabTest" time="13.048" classname="exhibitorportal.ExhibitorPortalSmokeTest_UAT"/>
  <testcase name="TS002_VerifyNotificationsTabTest" time="2.016" classname="exhibitorportal.ExhibitorPortalSmokeTest_UAT"/>
</testsuite> <!-- exhibitorportal.ExhibitorPortalSmokeTest_UAT -->
