<?xml version="1.0" encoding="UTF-8"?>
<!-- Generated by org.testng.reporters.JUnitReportReporter -->
<testsuite hostname="EON-prasannsheelb" failures="0" tests="9" name="PROD.SitecoreSmokeTest_PROD" time="73.570" errors="0" timestamp="31 Aug 2023 01:05:51 GMT">
  <testcase classname="PROD.SitecoreSmokeTest_PROD" name="TS001_SC_VerifySitecoreLoginTest" time="15.464"/>
  <testcase classname="PROD.SitecoreSmokeTest_PROD" name="TS007_SC_VerifyTaxonomyManagerTest" time="7.627"/>
  <testcase classname="PROD.SitecoreSmokeTest_PROD" name="TS002_SC_VerifyContentEditorTest" time="5.636"/>
  <testcase classname="PROD.SitecoreSmokeTest_PROD" name="TS006_SC_VerifyIMCReportsTest" time="6.855"/>
  <testcase classname="PROD.SitecoreSmokeTest_PROD" name="TS009_SC_VerifyDigitalAdminPanelTest" time="7.719"/>
  <testcase classname="PROD.SitecoreSmokeTest_PROD" name="TS003_SC_VerifyControlPanelTest" time="7.611"/>
  <testcase classname="PROD.SitecoreSmokeTest_PROD" name="TS005_SC_VerifyEmailExperienceManagerTest" time="8.250"/>
  <testcase classname="PROD.SitecoreSmokeTest_PROD" name="TS008_SC_VerifyExhibitorEventsApprovalTest" time="6.705"/>
  <testcase classname="PROD.SitecoreSmokeTest_PROD" name="TS004_SC_VerifyShowSpecialApprovalsTest" time="7.703"/>
</testsuite> <!-- PROD.SitecoreSmokeTest_PROD -->
