<?xml version="1.0" encoding="UTF-8"?>
<!-- Generated by org.testng.reporters.JUnitReportReporter -->
<testsuite hostname="shradhama-w10" name="exhibitorportal.ExhibitorPortalSmokeTest_UAT" tests="7" failures="0" timestamp="21 Feb 2022 11:50:56 GMT" time="139.677" errors="0">
  <testcase name="TS001_VerifyExhibitorPortalLoginTest" time="32.690" classname="exhibitorportal.ExhibitorPortalSmokeTest_UAT"/>
  <testcase name="TS004_VerifyAllLinkUnderEXPRegistrationsAndServicesTabTest" time="17.330" classname="exhibitorportal.ExhibitorPortalSmokeTest_UAT"/>
  <testcase name="TS003_VerifySettingsTabTest" time="9.781" classname="exhibitorportal.ExhibitorPortalSmokeTest_UAT"/>
  <testcase name="TS005_VerifyAllLinkUnderEXPApplicationsAndLeasesTest" time="41.935" classname="exhibitorportal.ExhibitorPortalSmokeTest_UAT"/>
  <testcase name="TS004_VerifyAllLinkUnderYourDigiShowroomTest" time="24.155" classname="exhibitorportal.ExhibitorPortalSmokeTest_UAT"/>
  <testcase name="TS005_VerifyAllLinkUnderEXPMarketTabTest" time="10.298" classname="exhibitorportal.ExhibitorPortalSmokeTest_UAT"/>
  <testcase name="TS002_VerifyNotificationsTabTest" time="3.488" classname="exhibitorportal.ExhibitorPortalSmokeTest_UAT"/>
</testsuite> <!-- exhibitorportal.ExhibitorPortalSmokeTest_UAT -->
