<?xml version="1.0" encoding="UTF-8"?>
<!-- Generated by org.testng.reporters.JUnitReportReporter -->
<testsuite hostname="eon-swapnili" name="atlantamarket_PROD.ExhibitorDigitalShowroom" tests="1" failures="0" timestamp="5 Dec 2022 10:12:04 GMT" time="52.368" errors="0">
  <testcase name="TS005_VerifyClickOnTotalLinesSeeAllLinkForExhibitorTest" time="52.368" classname="atlantamarket_PROD.ExhibitorDigitalShowroom"/>
</testsuite> <!-- atlantamarket_PROD.ExhibitorDigitalShowroom -->
