<?xml version="1.0" encoding="UTF-8"?>
<!-- Generated by org.testng.reporters.JUnitReportReporter -->
<testsuite hostname="NILAMMA-W10" name="PROD.SitecoreSmokeTest_PROD" tests="9" failures="0" timestamp="5 Dec 2022 09:54:59 GMT" time="82.250" errors="0">
  <testcase name="TS005_VerifyEmailExperienceManagerTest" time="9.596" classname="PROD.SitecoreSmokeTest_PROD"/>
  <testcase name="TS008_VerifyExhibitorEventsApprovalTest" time="3.871" classname="PROD.SitecoreSmokeTest_PROD"/>
  <testcase name="TS003_VerifyControlPanelTest" time="5.096" classname="PROD.SitecoreSmokeTest_PROD"/>
  <testcase name="TS007_VerifyTaxonomyManagerTest" time="7.324" classname="PROD.SitecoreSmokeTest_PROD"/>
  <testcase name="TS001_VerifySitecoreLoginTest" time="29.571" classname="PROD.SitecoreSmokeTest_PROD"/>
  <testcase name="TS002_VerifyContentEditorTest" time="8.910" classname="PROD.SitecoreSmokeTest_PROD"/>
  <testcase name="TS004_VerifyShowSpecialApprovalsTest" time="7.770" classname="PROD.SitecoreSmokeTest_PROD"/>
  <testcase name="TS006_VerifyIMCReportsTest" time="4.245" classname="PROD.SitecoreSmokeTest_PROD"/>
  <testcase name="TS009_VerifyDigitalAdminPanelTest" time="5.867" classname="PROD.SitecoreSmokeTest_PROD"/>
</testsuite> <!-- PROD.SitecoreSmokeTest_PROD -->
