<?xml version="1.0" encoding="UTF-8"?>
<!-- Generated by org.testng.reporters.JUnitReportReporter -->
<testsuite hostname="Anuppa-VD3" name="PROD.LagVegasMarketSmokeTest_PROD" tests="12" failures="0" timestamp="14 Sep 2023 11:29:03 GMT" time="1131.319" errors="0">
  <testcase name="TS002_LVM_VerifAllLinksUnderExhibitTabTest" time="55.449" classname="PROD.LagVegasMarketSmokeTest_PROD"/>
  <testcase name="TS008_LVM_VerifyExhibitorDirectoryTest" time="18.274" classname="PROD.LagVegasMarketSmokeTest_PROD"/>
  <testcase name="TS001_LVM_VerifyHeaderChannelLinksTest" time="370.179" classname="PROD.LagVegasMarketSmokeTest_PROD"/>
  <testcase name="TS006_LVM_VerifyAllLinksUnderAttendTabTest" time="181.191" classname="PROD.LagVegasMarketSmokeTest_PROD"/>
  <testcase name="TS012_LVM_VerifyAllLinksUnderYearRoundTabTest" time="29.730" classname="PROD.LagVegasMarketSmokeTest_PROD"/>
  <testcase name="TS009_LVM_VerifyGlobalSearchFunctionalityTest" time="4.536" classname="PROD.LagVegasMarketSmokeTest_PROD"/>
  <testcase name="TS007_LVM_VerifyAllLinksUnderExploreMarketTabTest" time="35.916" classname="PROD.LagVegasMarketSmokeTest_PROD"/>
  <testcase name="TS011_LVM_VerifyAllSocialMediaLinksOnFooterTest" time="6.054" classname="PROD.LagVegasMarketSmokeTest_PROD"/>
  <testcase name="TS004_LVM_VerifyAllLinksUnderExhibitorsAndProductsTabTest" time="26.010" classname="PROD.LagVegasMarketSmokeTest_PROD"/>
  <testcase name="TS003_LVM_MarketRecap" time="24.166" classname="PROD.LagVegasMarketSmokeTest_PROD"/>
  <testcase name="TS010_LVM_VerifyFooterLinksTest" time="308.374" classname="PROD.LagVegasMarketSmokeTest_PROD"/>
  <testcase name="TS005_LVM_VerifyAllLinksUnderMarketInfoTabTest" time="71.440" classname="PROD.LagVegasMarketSmokeTest_PROD"/>
</testsuite> <!-- PROD.LagVegasMarketSmokeTest_PROD -->
