<?xml version="1.0" encoding="UTF-8"?>
<!-- Generated by org.testng.reporters.JUnitReportReporter -->
<testsuite hostname="EON-prasannsheelb" failures="0" tests="9" name="PROD.AmericasMartSmokeTest_PROD" time="1025.021" errors="0" timestamp="31 Aug 2023 02:03:09 GMT">
  <testcase classname="PROD.AmericasMartSmokeTest_PROD" name="TS011_AMC_VerifyExhibitorDirectoryTest" time="29.641"/>
  <testcase classname="PROD.AmericasMartSmokeTest_PROD" name="TS012_AMC_VerifyFooterLinksTest" time="161.807"/>
  <testcase classname="PROD.AmericasMartSmokeTest_PROD" name="TS005_AMC_VerifyAllLinksUnderAboutTabTest" time="90.291"/>
  <testcase classname="PROD.AmericasMartSmokeTest_PROD" name="TS007_AMC_VerifyAllSocialMediaLinksOnFooterTest" time="42.482"/>
  <testcase classname="PROD.AmericasMartSmokeTest_PROD" name="TS009_AMC_VerifyGlobalSearchFunctionalityTest" time="46.535"/>
  <testcase classname="PROD.AmericasMartSmokeTest_PROD" name="TS004_AMC_VerifyAllLinksUnderExhibitTest" time="45.143"/>
  <testcase classname="PROD.AmericasMartSmokeTest_PROD" name="TS006_AMC_VerifyAllHeaderChanelLinksTest" time="303.545"/>
  <testcase classname="PROD.AmericasMartSmokeTest_PROD" name="TS008_AMC_VerifyAllLinksUnderMarketsAndEventsTabTest" time="226.524"/>
  <testcase classname="PROD.AmericasMartSmokeTest_PROD" name="TS010_AMC_VerifyAllLinksUnderOpenYearRoundTest" time="79.053"/>
</testsuite> <!-- PROD.AmericasMartSmokeTest_PROD -->
