<?xml version="1.0" encoding="UTF-8"?>
<!-- Generated by org.testng.reporters.JUnitReportReporter -->
<testsuite hostname="Anuppa-VD3" name="PROD.LasVegasAppSmokeTest_PROD" tests="9" failures="0" timestamp="31 Jul 2023 05:56:09 GMT" time="626.388" errors="0">
  <testcase name="TS006_LVMApp_VerifyAllLinksUnderAttendTabTest" time="11.966" classname="PROD.LasVegasAppSmokeTest_PROD"/>
  <testcase name="TS009_LVMApp_VerifySocialMediaLinksTest" time="8.757" classname="PROD.LasVegasAppSmokeTest_PROD"/>
  <testcase name="TS002_LVMApp_VerifyGlobalSearchFunctionalityTest" time="23.172" classname="PROD.LasVegasAppSmokeTest_PROD"/>
  <testcase name="TS004_LVMApp_VerifyAllLinksUnderAboutTabTest" time="12.194" classname="PROD.LasVegasAppSmokeTest_PROD"/>
  <testcase name="TS005_LVMApp_VerifyAllLinksUnderExhibitorsAndProductsTabTest" time="6.767" classname="PROD.LasVegasAppSmokeTest_PROD"/>
  <testcase name="TS010_LVM_PlanYourMarkett" time="11.042" classname="PROD.LasVegasAppSmokeTest_PROD"/>
  <testcase name="TS007_LVMApp_VerifyAllLinksUnderExhibitTabTest" time="45.687" classname="PROD.LasVegasAppSmokeTest_PROD"/>
  <testcase name="TS008_LVMApp_VerifyFooterLinksTest" time="197.345" classname="PROD.LasVegasAppSmokeTest_PROD"/>
  <testcase name="TS001_VerifyAllHeaderChanelLinksTest" time="309.458" classname="PROD.LasVegasAppSmokeTest_PROD"/>
</testsuite> <!-- PROD.LasVegasAppSmokeTest_PROD -->
