<?xml version="1.0" encoding="UTF-8"?>
<!-- Generated by org.testng.reporters.JUnitReportReporter -->
<testsuite hostname="NILAMMA-W10" name="americasmart.AmericasMartSmokeTest_UAT" tests="1" failures="0" timestamp="17 Feb 2022 13:09:15 GMT" time="58.224" errors="0">
  <testcase name="TS003_VerifyAllSocialMediaLinksOnFooterTest" time="58.224" classname="americasmart.AmericasMartSmokeTest_UAT"/>
</testsuite> <!-- americasmart.AmericasMartSmokeTest_UAT -->
