<?xml version="1.0" encoding="UTF-8"?>
<!-- Generated by org.testng.reporters.JUnitReportReporter -->
<testsuite hostname="Anuppa-VD3" failures="0" tests="9" name="PROD.SitecoreSmokeTest_PROD" time="138.573" errors="0" timestamp="2024-11-11T11:47:28 IST" skipped="1">
  <testcase classname="PROD.SitecoreSmokeTest_PROD" name="TS001_SC_VerifySitecoreLoginTest" time="42.925"/>
  <system-out/>
  <testcase classname="PROD.SitecoreSmokeTest_PROD" name="TS002_SC_VerifyContentEditorTest" time="19.432"/>
  <system-out/>
  <testcase classname="PROD.SitecoreSmokeTest_PROD" name="TS003_SC_VerifyControlPanelTest" time="12.751"/>
  <system-out/>
  <testcase classname="PROD.SitecoreSmokeTest_PROD" name="TS004_SC_VerifyShowSpecialApprovalsTest" time="12.393"/>
  <system-out/>
  <testcase classname="PROD.SitecoreSmokeTest_PROD" name="TS006_SC_VerifyIMCReportsTest" time="14.197"/>
  <system-out/>
  <testcase classname="PROD.SitecoreSmokeTest_PROD" name="TS007_SC_VerifyTaxonomyManagerTest" time="15.240"/>
  <system-out/>
  <testcase classname="PROD.SitecoreSmokeTest_PROD" name="TS008_SC_VerifyExhibitorEventsApprovalTest" time="10.312"/>
  <system-out/>
  <testcase classname="PROD.SitecoreSmokeTest_PROD" name="TS009_SC_VerifyDigitalAdminPanelTest" time="11.323"/>
  <system-out/>
  <testcase classname="PROD.SitecoreSmokeTest_PROD" name="TS005_SC_VerifyEmailExperienceManagerTest">
    <skipped/>
  </testcase> <!-- TS005_SC_VerifyEmailExperienceManagerTest -->
  <system-out/>
</testsuite> <!-- PROD.SitecoreSmokeTest_PROD -->
