<?xml version="1.0" encoding="UTF-8"?>
<!-- Generated by org.testng.reporters.JUnitReportReporter -->
<testsuite hostname="Anuppa-VD3" name="PROD.AmericasMartSmokeTest_PROD" tests="12" failures="0" timestamp="15 May 2023 07:26:39 GMT" time="1129.610" errors="0">
  <testcase name="TS003_AMC_VerifyMarketPlannerExhibitorPortalOptionTest" time="29.133" classname="PROD.AmericasMartSmokeTest_PROD"/>
  <testcase name="TS004_AMC_VerifyAllLinksUnderExhibitTest" time="45.366" classname="PROD.AmericasMartSmokeTest_PROD"/>
  <testcase name="TS010_AMC_VerifyAllLinksUnderOpenYearRoundTest" time="121.146" classname="PROD.AmericasMartSmokeTest_PROD"/>
  <testcase name="TS001_AMC_VerifyMarketPlannerLoginTest" time="57.764" classname="PROD.AmericasMartSmokeTest_PROD"/>
  <testcase name="TS011_AMC_VerifyExhibitorDirectoryTest" time="30.577" classname="PROD.AmericasMartSmokeTest_PROD"/>
  <testcase name="TS012_AMC_VerifyFooterLinksTest" time="200.779" classname="PROD.AmericasMartSmokeTest_PROD"/>
  <testcase name="TS005_AMC_VerifyAllLinksUnderAboutTabTest" time="75.379" classname="PROD.AmericasMartSmokeTest_PROD"/>
  <testcase name="TS006_AMC_VerifyAllHeaderChanelLinksTest" time="264.183" classname="PROD.AmericasMartSmokeTest_PROD"/>
  <testcase name="TS007_AMC_VerifyAllSocialMediaLinksOnFooterTest" time="45.668" classname="PROD.AmericasMartSmokeTest_PROD"/>
  <testcase name="TS009_AMC_VerifyGlobalSearchFunctionalityTest" time="46.098" classname="PROD.AmericasMartSmokeTest_PROD"/>
  <testcase name="TS008_AMC_VerifyAllLinksUnderMarketsAndEventsTabTest" time="201.628" classname="PROD.AmericasMartSmokeTest_PROD"/>
  <testcase name="TS002_AMC_VerifyMarketPlannerProfileAndSettingsOptionTest" time="11.889" classname="PROD.AmericasMartSmokeTest_PROD"/>
</testsuite> <!-- PROD.AmericasMartSmokeTest_PROD -->
