<?xml version="1.0" encoding="UTF-8"?>
<!-- Generated by org.testng.reporters.JUnitReportReporter -->
<testsuite hostname="swapnili" name="atlantamarket_PROD.GlobalSearch_ShowSpecials" tests="2" failures="0" timestamp="2 Nov 2022 10:46:57 GMT" time="24.274" errors="0">
  <testcase name="TS010_VerifyShowSpecialsLinksExhibitorNameTest" time="12.560" classname="atlantamarket_PROD.GlobalSearch_ShowSpecials"/>
  <testcase name="TS011_VerifyShowSpecialsLinksShowroomTest" time="11.714" classname="atlantamarket_PROD.GlobalSearch_ShowSpecials"/>
</testsuite> <!-- atlantamarket_PROD.GlobalSearch_ShowSpecials -->
