<?xml version="1.0" encoding="UTF-8"?>
<!-- Generated by org.testng.reporters.JUnitReportReporter -->
<testsuite hostname="NILAMMA-W10" name="PROD.ExhibitorPortalSmokeTest_PROD" tests="3" failures="0" timestamp="21 Dec 2022 07:38:50 GMT" time="129.638" errors="0">
  <testcase name="TS006_VerifyAllLinkUnderYourDigiShowroomTest" time="28.797" classname="PROD.ExhibitorPortalSmokeTest_PROD"/>
  <testcase name="TS005_VerifyAllLinkUnderEXPApplicationsAndLeasesTest" time="49.733" classname="PROD.ExhibitorPortalSmokeTest_PROD"/>
  <testcase name="TS001_VerifyExhibitorPortalLoginTest" time="51.108" classname="PROD.ExhibitorPortalSmokeTest_PROD"/>
</testsuite> <!-- PROD.ExhibitorPortalSmokeTest_PROD -->
