<?xml version="1.0" encoding="UTF-8"?>
<!-- Generated by org.testng.reporters.JUnitReportReporter -->
<testsuite hostname="Anuppa-VD3" name="PROD.AtlantaMarketSmokeTest_PROD" tests="1" failures="0" timestamp="12 Jun 2023 08:50:51 GMT" time="151.803" errors="0">
  <testcase name="TS011_ATL_VerifyFooterLinksTest" time="151.803" classname="PROD.AtlantaMarketSmokeTest_PROD"/>
</testsuite> <!-- PROD.AtlantaMarketSmokeTest_PROD -->
