<?xml version="1.0" encoding="UTF-8"?>
<!-- Generated by org.testng.reporters.JUnitReportReporter -->
<testsuite hostname="NILAMMA-W10" name="americasmart.AmericasMartSmokeTest_PROD" tests="12" failures="0" timestamp="9 Mar 2022 10:28:13 GMT" time="1490.316" errors="0">
  <testcase name="TS005_VerifyAllLinksUnderAboutTabTest" time="175.769" classname="americasmart.AmericasMartSmokeTest_PROD"/>
  <testcase name="TS012_VerifyAllSocialMediaLinksOnFooterTest" time="44.187" classname="americasmart.AmericasMartSmokeTest_PROD"/>
  <testcase name="TS006_VerifyAllHeaderChanelLinksTest" time="187.014" classname="americasmart.AmericasMartSmokeTest_PROD"/>
  <testcase name="TS004_VerifyAllLinksUnderExhibitTest" time="56.810" classname="americasmart.AmericasMartSmokeTest_PROD"/>
  <testcase name="TS001_VerifyMarketPlannerLoginTest" time="31.219" classname="americasmart.AmericasMartSmokeTest_PROD"/>
  <testcase name="TS007_VerifyAllLinksUnderMarketsAndEventsTabTest" time="227.867" classname="americasmart.AmericasMartSmokeTest_PROD"/>
  <testcase name="TS011_VerifyExhibitorDirectoryTest" time="77.703" classname="americasmart.AmericasMartSmokeTest_PROD"/>
  <testcase name="TS009_VerifyGlobalSearchFunctionalityTest" time="16.585" classname="americasmart.AmericasMartSmokeTest_PROD"/>
  <testcase name="TS010_VerifyAllLinksUnderOpenYearRoundTest" time="101.083" classname="americasmart.AmericasMartSmokeTest_PROD"/>
  <testcase name="TS008_VerifyFooterLinksTest" time="537.088" classname="americasmart.AmericasMartSmokeTest_PROD"/>
  <testcase name="TS003_VerifyMarketPlannerExhibitorPortalOptionTest" time="20.520" classname="americasmart.AmericasMartSmokeTest_PROD"/>
  <testcase name="TS002_VerifyMarketPlannerProfileAndSettingsOptionTest" time="14.471" classname="americasmart.AmericasMartSmokeTest_PROD"/>
</testsuite> <!-- americasmart.AmericasMartSmokeTest_PROD -->
