<?xml version="1.0" encoding="UTF-8"?>
<!-- Generated by org.testng.reporters.JUnitReportReporter -->
<testsuite hostname="NILAMMA-W10" name="atlantaapparel.AtlantaAppSmokeTest_PROD" tests="13" failures="0" timestamp="26 Apr 2022 10:33:52 GMT" time="2052.938" errors="0">
  <testcase name="TS013_VerifySocialMediaLinksTest" time="37.068" classname="atlantaapparel.AtlantaAppSmokeTest_PROD"/>
  <testcase name="TS010_VerifyAllLinksUnderExhibitTabTest" time="227.624" classname="atlantaapparel.AtlantaAppSmokeTest_PROD"/>
  <testcase name="TS006_VerifyAllLinksUnderMarketsTabTest" time="267.228" classname="atlantaapparel.AtlantaAppSmokeTest_PROD"/>
  <testcase name="TS003_VerifyMarketPlannerExhibitorPortalOptionTest" time="40.533" classname="atlantaapparel.AtlantaAppSmokeTest_PROD"/>
  <testcase name="TS012_VerifyFooterLinksTest" time="653.644" classname="atlantaapparel.AtlantaAppSmokeTest_PROD"/>
  <testcase name="TS005_VerifyExhibitorDirectoryTest" time="93.990" classname="atlantaapparel.AtlantaAppSmokeTest_PROD"/>
  <testcase name="TS007_VerifyAllLinksUnderExhibitorsAndBrandsTabTest" time="45.228" classname="atlantaapparel.AtlantaAppSmokeTest_PROD"/>
  <testcase name="TS001_VerifyMarketPlannerLoginTest" time="37.047" classname="atlantaapparel.AtlantaAppSmokeTest_PROD"/>
  <testcase name="TS009_VerifyAllLinksUnderFashionGalleryTabTest" time="189.020" classname="atlantaapparel.AtlantaAppSmokeTest_PROD"/>
  <testcase name="TS002_VerifyMarketPlannerProfileOptionTest" time="28.604" classname="atlantaapparel.AtlantaAppSmokeTest_PROD"/>
  <testcase name="TS008_VerifyAllLinksUnderAttendTabTest" time="272.380" classname="atlantaapparel.AtlantaAppSmokeTest_PROD"/>
  <testcase name="TS011_VerifyAllLinksUnderYearRoundTabTest" time="107.889" classname="atlantaapparel.AtlantaAppSmokeTest_PROD"/>
  <testcase name="TS004_VerifyGlobalSearchFunctionalityTest" time="52.683" classname="atlantaapparel.AtlantaAppSmokeTest_PROD"/>
</testsuite> <!-- atlantaapparel.AtlantaAppSmokeTest_PROD -->
