<?xml version="1.0" encoding="UTF-8"?>
<!-- Generated by org.testng.reporters.JUnitReportReporter -->
<testsuite hostname="NILAMMA-W10" name="PROD.LagVegasMarketSmokeTest_PROD" tests="13" failures="1" timestamp="5 Aug 2022 09:16:31 GMT" time="1577.800" errors="0">
  <testcase name="TS004_VerifyAllLinksUnderExhibitorsAndProductsTabTest" time="103.420" classname="PROD.LagVegasMarketSmokeTest_PROD"/>
  <testcase name="TS005_VerifyAllLinksUnderMarketInfoTabTest" time="172.059" classname="PROD.LagVegasMarketSmokeTest_PROD"/>
  <testcase name="TS003_VerifyMarketPlannerProfileAndSettingsOptionTest" time="25.389" classname="PROD.LagVegasMarketSmokeTest_PROD"/>
  <testcase name="TS001_VerifyMarketPlannerLoginTest" time="46.409" classname="PROD.LagVegasMarketSmokeTest_PROD"/>
  <testcase name="TS010_VerifyAllLinksUnderAttendTabTest" time="201.904" classname="PROD.LagVegasMarketSmokeTest_PROD"/>
  <testcase name="TS012_VerifyAllSocialMediaLinksOnFooterTest" time="35.741" classname="PROD.LagVegasMarketSmokeTest_PROD"/>
  <testcase name="TS006_VerifyHeaderChannelLinksTest" time="98.558" classname="PROD.LagVegasMarketSmokeTest_PROD"/>
  <testcase name="TS009_VerifyExhibitorDirectoryTest" time="27.502" classname="PROD.LagVegasMarketSmokeTest_PROD"/>
  <testcase name="TS011_VerifyAllLinksUnderYearRoundTabTest" time="59.546" classname="PROD.LagVegasMarketSmokeTest_PROD"/>
  <testcase name="TS007_VerifyGlobalSearchFunctionalityTest" time="66.125" classname="PROD.LagVegasMarketSmokeTest_PROD">
    <failure type="org.openqa.selenium.NoSuchElementException" message="no such element: Unable to locate element: {&quot;method&quot;:&quot;xpath&quot;,&quot;selector&quot;:&quot;//section[@class = &#039;imc-searchform--section &#039;]/span[1]/div[1]&quot;}
  (Session info: chrome=104.0.5112.81)
For documentation on this error, please visit: http://seleniumhq.org/exceptions/no_such_element.html
Build info: version: &#039;3.4.0&#039;, revision: &#039;unknown&#039;, time: &#039;unknown&#039;
System info: host: &#039;NILAMMA-W10&#039;, ip: &#039;192.168.68.2&#039;, os.name: &#039;Windows 10&#039;, os.arch: &#039;amd64&#039;, os.version: &#039;10.0&#039;, java.version: &#039;1.8.0_161&#039;
Driver info: org.openqa.selenium.chrome.ChromeDriver
Capabilities [{networkConnectionEnabled=false, chrome={chromedriverVersion=104.0.5112.79 (3cf3e8c8a07d104b9e1260c910efb8f383285dc5-refs/branch-heads/5112@{#1307}), userDataDir=C:\Users\nilamma\AppData\Local\Temp\scoped_dir5044_2111053306}, timeouts={implicit=0.0, pageLoad=300000.0, script=30000.0}, pageLoadStrategy=normal, unhandledPromptBehavior=dismiss and notify, strictFileInteractability=false, platform=ANY, proxy=Proxy(), goog:chromeOptions={debuggerAddress=localhost:53971}, webauthn:extension:credBlob=true, acceptInsecureCerts=false, browserVersion=104.0.5112.81, browserName=chrome, javascriptEnabled=true, platformName=windows, setWindowRect=true, webauthn:extension:largeBlob=true, webauthn:virtualAuthenticators=true}]
Session ID: 108a48ef9407ad14739f6db2f90dd297
*** Element info: {Using=xpath, value=//section[@class = &#039;imc-searchform--section &#039;]/span[1]/div[1]}">
      <![CDATA[org.openqa.selenium.NoSuchElementException: no such element: Unable to locate element: {"method":"xpath","selector":"//section[@class = 'imc-searchform--section ']/span[1]/div[1]"}
  (Session info: chrome=104.0.5112.81)
For documentation on this error, please visit: http://seleniumhq.org/exceptions/no_such_element.html
Build info: version: '3.4.0', revision: 'unknown', time: 'unknown'
System info: host: 'NILAMMA-W10', ip: '192.168.68.2', os.name: 'Windows 10', os.arch: 'amd64', os.version: '10.0', java.version: '1.8.0_161'
Driver info: org.openqa.selenium.chrome.ChromeDriver
Capabilities [{networkConnectionEnabled=false, chrome={chromedriverVersion=104.0.5112.79 (3cf3e8c8a07d104b9e1260c910efb8f383285dc5-refs/branch-heads/5112@{#1307}), userDataDir=C:\Users\nilamma\AppData\Local\Temp\scoped_dir5044_2111053306}, timeouts={implicit=0.0, pageLoad=300000.0, script=30000.0}, pageLoadStrategy=normal, unhandledPromptBehavior=dismiss and notify, strictFileInteractability=false, platform=ANY, proxy=Proxy(), goog:chromeOptions={debuggerAddress=localhost:53971}, webauthn:extension:credBlob=true, acceptInsecureCerts=false, browserVersion=104.0.5112.81, browserName=chrome, javascriptEnabled=true, platformName=windows, setWindowRect=true, webauthn:extension:largeBlob=true, webauthn:virtualAuthenticators=true}]
Session ID: 108a48ef9407ad14739f6db2f90dd297
*** Element info: {Using=xpath, value=//section[@class = 'imc-searchform--section ']/span[1]/div[1]}
	at sun.reflect.NativeConstructorAccessorImpl.newInstance0(Native Method)
	at sun.reflect.NativeConstructorAccessorImpl.newInstance(Unknown Source)
	at sun.reflect.DelegatingConstructorAccessorImpl.newInstance(Unknown Source)
	at java.lang.reflect.Constructor.newInstance(Unknown Source)
	at org.openqa.selenium.remote.http.W3CHttpResponseCodec.createException(W3CHttpResponseCodec.java:150)
	at org.openqa.selenium.remote.http.W3CHttpResponseCodec.decode(W3CHttpResponseCodec.java:115)
	at org.openqa.selenium.remote.http.W3CHttpResponseCodec.decode(W3CHttpResponseCodec.java:45)
	at org.openqa.selenium.remote.HttpCommandExecutor.execute(HttpCommandExecutor.java:164)
	at org.openqa.selenium.remote.service.DriverCommandExecutor.execute(DriverCommandExecutor.java:82)
	at org.openqa.selenium.remote.RemoteWebDriver.execute(RemoteWebDriver.java:637)
	at org.openqa.selenium.remote.RemoteWebDriver.findElement(RemoteWebDriver.java:410)
	at org.openqa.selenium.remote.RemoteWebDriver.findElementByXPath(RemoteWebDriver.java:509)
	at org.openqa.selenium.By$ByXPath.findElement(By.java:361)
	at org.openqa.selenium.remote.RemoteWebDriver.findElement(RemoteWebDriver.java:402)
	at pageObjects.LasVegasMarket.UXPGlobalSearchPage.getVerifyGlobalSeacrh(UXPGlobalSearchPage.java:42)
	at PROD.LagVegasMarketSmokeTest_PROD.TS007_VerifyGlobalSearchFunctionalityTest(LagVegasMarketSmokeTest_PROD.java:491)
	at sun.reflect.NativeMethodAccessorImpl.invoke0(Native Method)
	at sun.reflect.NativeMethodAccessorImpl.invoke(Unknown Source)
	at sun.reflect.DelegatingMethodAccessorImpl.invoke(Unknown Source)
	at java.lang.reflect.Method.invoke(Unknown Source)
	at org.testng.internal.MethodInvocationHelper.invokeMethod(MethodInvocationHelper.java:80)
	at org.testng.internal.Invoker.invokeMethod(Invoker.java:714)
	at org.testng.internal.Invoker.invokeTestMethod(Invoker.java:901)
	at org.testng.internal.Invoker.invokeTestMethods(Invoker.java:1231)
	at org.testng.internal.TestMethodWorker.invokeTestMethods(TestMethodWorker.java:127)
	at org.testng.internal.TestMethodWorker.run(TestMethodWorker.java:111)
	at org.testng.TestRunner.privateRun(TestRunner.java:767)
	at org.testng.TestRunner.run(TestRunner.java:617)
	at org.testng.SuiteRunner.runTest(SuiteRunner.java:334)
	at org.testng.SuiteRunner.runSequentially(SuiteRunner.java:329)
	at org.testng.SuiteRunner.privateRun(SuiteRunner.java:291)
	at org.testng.SuiteRunner.run(SuiteRunner.java:240)
	at org.testng.SuiteRunnerWorker.runSuite(SuiteRunnerWorker.java:52)
	at org.testng.SuiteRunnerWorker.run(SuiteRunnerWorker.java:86)
	at org.testng.TestNG.runSuitesSequentially(TestNG.java:1198)
	at org.testng.TestNG.runSuitesLocally(TestNG.java:1123)
	at org.testng.TestNG.run(TestNG.java:1031)
	at org.testng.remote.AbstractRemoteTestNG.run(AbstractRemoteTestNG.java:132)
	at org.testng.remote.RemoteTestNG.initAndRun(RemoteTestNG.java:236)
	at org.testng.remote.RemoteTestNG.main(RemoteTestNG.java:81)
]]>
    </failure>
  </testcase> <!-- TS007_VerifyGlobalSearchFunctionalityTest -->
  <testcase name="TS013_VerifyAllLinksUnderExploreMarketTabTest" time="128.676" classname="PROD.LagVegasMarketSmokeTest_PROD"/>
  <testcase name="TS008_VerifyFooterLinksTest" time="578.970" classname="PROD.LagVegasMarketSmokeTest_PROD"/>
  <testcase name="TS002_VerifAllLinksUnderExhibitTabTest" time="33.501" classname="PROD.LagVegasMarketSmokeTest_PROD"/>
</testsuite> <!-- PROD.LagVegasMarketSmokeTest_PROD -->
