<?xml version="1.0" encoding="UTF-8"?>
<!-- Generated by org.testng.reporters.JUnitReportReporter -->
<testsuite hostname="NILAMMA-W10" name="PROD.AtlantaMarketSmokeTest_PROD" tests="2" failures="0" timestamp="17 May 2022 05:34:48 GMT" time="279.579" errors="0">
  <testcase name="TS013_VerifyAllNewsAndTrendsMenuTest" time="178.733" classname="PROD.AtlantaMarketSmokeTest_PROD"/>
  <testcase name="TS001_VerifyMarketPlannerLoginTest" time="100.846" classname="PROD.AtlantaMarketSmokeTest_PROD"/>
</testsuite> <!-- PROD.AtlantaMarketSmokeTest_PROD -->
