<?xml version="1.0" encoding="UTF-8"?>
<!-- Generated by org.testng.reporters.JUnitReportReporter -->
<testsuite hostname="Anuppa-VD3" failures="1" tests="8" name="PROD.ExhibitorPortalSmokeTest_PROD" time="710.389" errors="0" timestamp="2025-01-06T16:33:29 IST" skipped="0">
  <testcase classname="PROD.ExhibitorPortalSmokeTest_PROD" name="TS001_EXP_VerifyExhibitorPortalLoginTest" time="73.237"/>
  <system-out/>
  <testcase classname="PROD.ExhibitorPortalSmokeTest_PROD" name="TS002_EXP_VerifyNotificationsTabTest" time="17.475">
    <failure message="expected [Exhibitor Portal Message Center] but found [Not Found]" type="java.lang.AssertionError">
      <![CDATA[java.lang.AssertionError: expected [Exhibitor Portal Message Center] but found [Not Found]
at org.testng.Assert.fail(Assert.java:99)
at org.testng.Assert.failNotEquals(Assert.java:1037)
at org.testng.Assert.assertEqualsImpl(Assert.java:140)
at org.testng.Assert.assertEquals(Assert.java:122)
at org.testng.Assert.assertEquals(Assert.java:629)
at org.testng.Assert.assertEquals(Assert.java:639)
at PROD.ExhibitorPortalSmokeTest_PROD.TS002_EXP_VerifyNotificationsTabTest(ExhibitorPortalSmokeTest_PROD.java:101)
at java.base/jdk.internal.reflect.DirectMethodHandleAccessor.invoke(DirectMethodHandleAccessor.java:103)
at java.base/java.lang.reflect.Method.invoke(Method.java:580)
at org.testng.internal.MethodInvocationHelper.invokeMethod(MethodInvocationHelper.java:133)
at org.testng.internal.TestInvoker.invokeMethod(TestInvoker.java:598)
at org.testng.internal.TestInvoker.invokeTestMethod(TestInvoker.java:173)
at org.testng.internal.MethodRunner.runInSequence(MethodRunner.java:46)
at org.testng.internal.TestInvoker$MethodInvocationAgent.invoke(TestInvoker.java:824)
at org.testng.internal.TestInvoker.invokeTestMethods(TestInvoker.java:146)
at org.testng.internal.TestMethodWorker.invokeTestMethods(TestMethodWorker.java:146)
at org.testng.internal.TestMethodWorker.run(TestMethodWorker.java:128)
at java.base/java.util.ArrayList.forEach(ArrayList.java:1596)
at org.testng.TestRunner.privateRun(TestRunner.java:794)
at org.testng.TestRunner.run(TestRunner.java:596)
at org.testng.SuiteRunner.runTest(SuiteRunner.java:377)
at org.testng.SuiteRunner.runSequentially(SuiteRunner.java:371)
at org.testng.SuiteRunner.privateRun(SuiteRunner.java:332)
at org.testng.SuiteRunner.run(SuiteRunner.java:276)
at org.testng.SuiteRunnerWorker.runSuite(SuiteRunnerWorker.java:53)
at org.testng.SuiteRunnerWorker.run(SuiteRunnerWorker.java:96)
at org.testng.TestNG.runSuitesSequentially(TestNG.java:1212)
at org.testng.TestNG.runSuitesLocally(TestNG.java:1134)
at org.testng.TestNG.runSuites(TestNG.java:1063)
at org.testng.TestNG.run(TestNG.java:1031)
at org.testng.remote.AbstractRemoteTestNG.run(AbstractRemoteTestNG.java:115)
at org.testng.remote.RemoteTestNG.initAndRun(RemoteTestNG.java:293)
at org.testng.remote.RemoteTestNG.main(RemoteTestNG.java:91)
]]>
    </failure>
  </testcase> <!-- TS002_EXP_VerifyNotificationsTabTest -->
  <system-out/>
  <testcase classname="PROD.ExhibitorPortalSmokeTest_PROD" name="TS008_EXP_VerifyExhibitorPortalFooterLinksTest" time="307.397"/>
  <system-out/>
  <testcase classname="PROD.ExhibitorPortalSmokeTest_PROD" name="TS005_EXP_VerifyAllLinkUnderEXPApplicationsAndLeasesTest" time="68.204"/>
  <system-out/>
  <testcase classname="PROD.ExhibitorPortalSmokeTest_PROD" name="TS006_EXP_VerifyAllLinkUnderYourDigiShowroomTest" time="75.651"/>
  <system-out/>
  <testcase classname="PROD.ExhibitorPortalSmokeTest_PROD" name="TS007_EXP_VerifyAllLinkUnderEXPMarketTabTest" time="50.489"/>
  <system-out/>
  <testcase classname="PROD.ExhibitorPortalSmokeTest_PROD" name="TS003_EXP_VerifySettingsTabTest" time="20.757"/>
  <system-out/>
  <testcase classname="PROD.ExhibitorPortalSmokeTest_PROD" name="TS004_EXP_VerifyAllLinkUnderEXPRegistrationsAndServicesTabTest" time="97.179"/>
  <system-out/>
</testsuite> <!-- PROD.ExhibitorPortalSmokeTest_PROD -->
