<?xml version="1.0" encoding="UTF-8"?>
<!-- Generated by org.testng.reporters.JUnitReportReporter -->
<testsuite hostname="NILAMMA-W10" name="PROD.LagVegasMarketSmokeTest_PROD" tests="1" failures="0" timestamp="6 Sep 2022 06:10:55 GMT" time="57.114" errors="0">
  <testcase name="TS001_VerifyMarketPlannerLoginTest" time="57.114" classname="PROD.LagVegasMarketSmokeTest_PROD"/>
</testsuite> <!-- PROD.LagVegasMarketSmokeTest_PROD -->
