<?xml version="1.0" encoding="UTF-8"?>
<!-- Generated by org.testng.reporters.JUnitReportReporter -->
<testsuite hostname="Anuppa-VD3" name="PROD.LasVegasAppSmokeTest_PROD" tests="8" failures="0" timestamp="18 Jul 2023 04:14:32 GMT" time="531.069" errors="0">
  <testcase name="TS002_LVMApp_VerifyGlobalSearchFunctionalityTest" time="10.274" classname="PROD.LasVegasAppSmokeTest_PROD"/>
  <testcase name="TS001_VerifyAllHeaderChanelLinksTest" time="351.774" classname="PROD.LasVegasAppSmokeTest_PROD"/>
  <testcase name="TS009_LVMApp_VerifySocialMediaLinksTest" time="7.911" classname="PROD.LasVegasAppSmokeTest_PROD"/>
  <testcase name="TS005_LVMApp_VerifyAllLinksUnderExhibitorsAndProductsTabTest" time="5.411" classname="PROD.LasVegasAppSmokeTest_PROD"/>
  <testcase name="TS006_LVMApp_VerifyAllLinksUnderAttendTabTest" time="17.550" classname="PROD.LasVegasAppSmokeTest_PROD"/>
  <testcase name="TS008_LVMApp_VerifyFooterLinksTest" time="107.095" classname="PROD.LasVegasAppSmokeTest_PROD"/>
  <testcase name="TS004_LVMApp_VerifyAllLinksUnderAboutTabTest" time="7.696" classname="PROD.LasVegasAppSmokeTest_PROD"/>
  <testcase name="TS007_LVMApp_VerifyAllLinksUnderExhibitTabTest" time="23.358" classname="PROD.LasVegasAppSmokeTest_PROD"/>
</testsuite> <!-- PROD.LasVegasAppSmokeTest_PROD -->
