<?xml version="1.0" encoding="UTF-8"?>
<!-- Generated by org.testng.reporters.JUnitReportReporter -->
<testsuite hostname="Anuppa-VD3" failures="0" tests="15" name="PROD.AtlantaMarketSmokeTest_PROD" time="1383.844" errors="0" timestamp="2024-11-11T11:03:37 IST" skipped="5">
  <testcase classname="PROD.AtlantaMarketSmokeTest_PROD" name="TS001_ATL_VerifyGlobalSearchFunctionalityTest" time="24.729"/>
  <system-out/>
  <testcase classname="PROD.AtlantaMarketSmokeTest_PROD" name="TS002_ATL_VerifyExhibitorDirectoryTest" time="17.856"/>
  <system-out/>
  <testcase classname="PROD.AtlantaMarketSmokeTest_PROD" name="TS003_ATL_VerifyAllLinksUnderMarketInfoTabTest" time="169.367"/>
  <system-out/>
  <testcase classname="PROD.AtlantaMarketSmokeTest_PROD" name="TS004_ATL_VerifyAllLinksUnderExhibitorsAndProductsTabTest" time="41.949"/>
  <system-out/>
  <testcase classname="PROD.AtlantaMarketSmokeTest_PROD" name="TS005_ATL_VerifyAllNewsAndTrendsMenuTest" time="283.423"/>
  <system-out/>
  <testcase classname="PROD.AtlantaMarketSmokeTest_PROD" name="TS006_ATL_VerifyAllChannelsLinksTest" time="276.991"/>
  <system-out/>
  <testcase classname="PROD.AtlantaMarketSmokeTest_PROD" name="TS007_ATL_VerifyAllSocialMediaLinksOnFooterTest" time="153.906"/>
  <system-out/>
  <testcase classname="PROD.AtlantaMarketSmokeTest_PROD" name="TS008_ATL_VerifyAllLinksUnderAttendTabTest" time="174.714"/>
  <system-out/>
  <testcase classname="PROD.AtlantaMarketSmokeTest_PROD" name="TS009_ATL_VerifAllLinksUnderExhibitTabTest" time="78.145"/>
  <system-out/>
  <testcase classname="PROD.AtlantaMarketSmokeTest_PROD" name="TS010_ATL_VerifyFooterLinksTest" time="162.764"/>
  <system-out/>
  <testcase classname="PROD.AtlantaMarketSmokeTest_PROD" name="TS011_ATL_MarketRecap">
    <skipped/>
  </testcase> <!-- TS011_ATL_MarketRecap -->
  <system-out/>
  <testcase classname="PROD.AtlantaMarketSmokeTest_PROD" name="TS014_ATL_VerifyMarketPlannerProfileAndSettingsOptionTest">
    <skipped/>
  </testcase> <!-- TS014_ATL_VerifyMarketPlannerProfileAndSettingsOptionTest -->
  <system-out/>
  <testcase classname="PROD.AtlantaMarketSmokeTest_PROD" name="TS015_ATL_VerifyMarketPlannerRegistrationsOptionTest">
    <skipped/>
  </testcase> <!-- TS015_ATL_VerifyMarketPlannerRegistrationsOptionTest -->
  <system-out/>
  <testcase classname="PROD.AtlantaMarketSmokeTest_PROD" name="TS012_ATL_PlanYourMarkett">
    <skipped/>
  </testcase> <!-- TS012_ATL_PlanYourMarkett -->
  <system-out/>
  <testcase classname="PROD.AtlantaMarketSmokeTest_PROD" name="TS013_ATL_VerifyMarketPlannerLoginTest">
    <skipped/>
  </testcase> <!-- TS013_ATL_VerifyMarketPlannerLoginTest -->
  <system-out/>
</testsuite> <!-- PROD.AtlantaMarketSmokeTest_PROD -->
