<?xml version="1.0" encoding="UTF-8"?>
<!-- Generated by org.testng.reporters.JUnitReportReporter -->
<testsuite hostname="NILAMMA-W10" name="lasvegasmarket.MarketPlannerPageTest" tests="1" failures="0" timestamp="27 Aug 2021 11:32:41 GMT" time="52.704" errors="0">
  <testcase name="TS001_VerifyMarketPlannerTest" time="52.704" classname="lasvegasmarket.MarketPlannerPageTest"/>
</testsuite> <!-- lasvegasmarket.MarketPlannerPageTest -->
