<?xml version="1.0" encoding="UTF-8"?>
<!-- Generated by org.testng.reporters.JUnitReportReporter -->
<testsuite hostname="Anuppa-VD3" name="PROD.AmericasMartSmokeTest_PROD" tests="9" failures="0" timestamp="5 Jul 2024 10:49:33 GMT" time="1525.073" errors="0">
  <testcase name="TS003_AMC_VerifyAllLinksUnderMarketsAndEventsTabTest" time="276.326" classname="PROD.AmericasMartSmokeTest_PROD"/>
  <testcase name="TS004_AMC_VerifyGlobalSearchFunctionalityTest" time="59.739" classname="PROD.AmericasMartSmokeTest_PROD"/>
  <testcase name="TS008_AMC_VerifyExhibitorDirectoryTest" time="29.407" classname="PROD.AmericasMartSmokeTest_PROD"/>
  <testcase name="TS009_AMC_VerifyFooterLinksTest" time="96.092" classname="PROD.AmericasMartSmokeTest_PROD"/>
  <testcase name="TS002_AMC_VerifyAllSocialMediaLinksOnFooterTest" time="50.251" classname="PROD.AmericasMartSmokeTest_PROD"/>
  <testcase name="TS001_AMC_VerifyAllHeaderChanelLinksTest" time="745.493" classname="PROD.AmericasMartSmokeTest_PROD"/>
  <testcase name="TS005_AMC_VerifyAllLinksUnderAboutTabTest" time="103.187" classname="PROD.AmericasMartSmokeTest_PROD"/>
  <testcase name="TS006_AMC_VerifyAllLinksUnderExhibitTest" time="56.712" classname="PROD.AmericasMartSmokeTest_PROD"/>
  <testcase name="TS007_AMC_VerifyAllLinksUnderOpenYearRoundTest" time="107.866" classname="PROD.AmericasMartSmokeTest_PROD"/>
</testsuite> <!-- PROD.AmericasMartSmokeTest_PROD -->
