<?xml version="1.0" encoding="UTF-8"?>
<!-- Generated by org.testng.reporters.JUnitReportReporter -->
<testsuite hostname="shradhama-win10" name="exhibitorportal.ExhibitorPortalSmokeTest_PROD" tests="8" failures="0" timestamp="23 Mar 2022 07:20:57 GMT" time="286.203" errors="1">
  <testcase name="TS003_VerifySettingsTabTest" time="11.625" classname="exhibitorportal.ExhibitorPortalSmokeTest_PROD"/>
  <testcase name="TS005_VerifyAllLinkUnderEXPApplicationsAndLeasesTest" time="25.873" classname="exhibitorportal.ExhibitorPortalSmokeTest_PROD"/>
  <testcase name="TS008_VerifyExhibitorPortalFooterLinksTest" time="100.759" classname="exhibitorportal.ExhibitorPortalSmokeTest_PROD">
    <error type="java.lang.AssertionError">
      <![CDATA[java.lang.AssertionError
	at org.junit.Assert.fail(Assert.java:86)
	at org.junit.Assert.assertTrue(Assert.java:41)
	at org.junit.Assert.assertTrue(Assert.java:52)
	at exhibitorportal.ExhibitorPortalSmokeTest_PROD.TS008_VerifyExhibitorPortalFooterLinksTest(ExhibitorPortalSmokeTest_PROD.java:620)
	at sun.reflect.NativeMethodAccessorImpl.invoke0(Native Method)
	at sun.reflect.NativeMethodAccessorImpl.invoke(Unknown Source)
	at sun.reflect.DelegatingMethodAccessorImpl.invoke(Unknown Source)
	at java.lang.reflect.Method.invoke(Unknown Source)
	at org.testng.internal.MethodInvocationHelper.invokeMethod(MethodInvocationHelper.java:80)
	at org.testng.internal.Invoker.invokeMethod(Invoker.java:714)
	at org.testng.internal.Invoker.invokeTestMethod(Invoker.java:901)
	at org.testng.internal.Invoker.invokeTestMethods(Invoker.java:1231)
	at org.testng.internal.TestMethodWorker.invokeTestMethods(TestMethodWorker.java:127)
	at org.testng.internal.TestMethodWorker.run(TestMethodWorker.java:111)
	at org.testng.TestRunner.privateRun(TestRunner.java:767)
	at org.testng.TestRunner.run(TestRunner.java:617)
	at org.testng.SuiteRunner.runTest(SuiteRunner.java:334)
	at org.testng.SuiteRunner.runSequentially(SuiteRunner.java:329)
	at org.testng.SuiteRunner.privateRun(SuiteRunner.java:291)
	at org.testng.SuiteRunner.run(SuiteRunner.java:240)
	at org.testng.SuiteRunnerWorker.runSuite(SuiteRunnerWorker.java:52)
	at org.testng.SuiteRunnerWorker.run(SuiteRunnerWorker.java:86)
	at org.testng.TestNG.runSuitesSequentially(TestNG.java:1198)
	at org.testng.TestNG.runSuitesLocally(TestNG.java:1123)
	at org.testng.TestNG.run(TestNG.java:1031)
	at org.testng.remote.AbstractRemoteTestNG.run(AbstractRemoteTestNG.java:114)
	at org.testng.remote.RemoteTestNG.initAndRun(RemoteTestNG.java:251)
	at org.testng.remote.RemoteTestNG.main(RemoteTestNG.java:77)
]]>
    </error>
  </testcase> <!-- TS008_VerifyExhibitorPortalFooterLinksTest -->
  <testcase name="TS004_VerifyAllLinkUnderEXPRegistrationsAndServicesTabTest" time="56.838" classname="exhibitorportal.ExhibitorPortalSmokeTest_PROD"/>
  <testcase name="TS007_VerifyAllLinkUnderEXPMarketTabTest" time="10.340" classname="exhibitorportal.ExhibitorPortalSmokeTest_PROD"/>
  <testcase name="TS002_VerifyNotificationsTabTest" time="4.540" classname="exhibitorportal.ExhibitorPortalSmokeTest_PROD"/>
  <testcase name="TS006_VerifyAllLinkUnderYourDigiShowroomTest" time="43.722" classname="exhibitorportal.ExhibitorPortalSmokeTest_PROD"/>
  <testcase name="TS001_VerifyExhibitorPortalLoginTest" time="32.506" classname="exhibitorportal.ExhibitorPortalSmokeTest_PROD"/>
</testsuite> <!-- exhibitorportal.ExhibitorPortalSmokeTest_PROD -->
