<?xml version="1.0" encoding="UTF-8"?>
<!-- Generated by org.testng.reporters.JUnitReportReporter -->
<testsuite hostname="Anuppa-VD3" name="PROD.SitecoreSmokeTest_PROD" tests="8" failures="0" timestamp="9 Oct 2023 07:53:51 GMT" time="574.060" errors="0">
  <testcase name="TS003_SC_VerifyControlPanelTest" time="24.088" classname="PROD.SitecoreSmokeTest_PROD"/>
  <testcase name="TS006_SC_VerifyIMCReportsTest" time="93.744" classname="PROD.SitecoreSmokeTest_PROD"/>
  <testcase name="TS009_SC_VerifyDigitalAdminPanelTest" time="20.980" classname="PROD.SitecoreSmokeTest_PROD"/>
  <testcase name="TS008_SC_VerifyExhibitorEventsApprovalTest" time="31.908" classname="PROD.SitecoreSmokeTest_PROD"/>
  <testcase name="TS007_SC_VerifyTaxonomyManagerTest" time="81.952" classname="PROD.SitecoreSmokeTest_PROD"/>
  <testcase name="TS002_SC_VerifyContentEditorTest" time="44.443" classname="PROD.SitecoreSmokeTest_PROD"/>
  <testcase name="TS001_SC_VerifySitecoreLoginTest" time="209.207" classname="PROD.SitecoreSmokeTest_PROD"/>
  <testcase name="TS004_SC_VerifyShowSpecialApprovalsTest" time="67.738" classname="PROD.SitecoreSmokeTest_PROD"/>
</testsuite> <!-- PROD.SitecoreSmokeTest_PROD -->
