<?xml version="1.0" encoding="UTF-8"?>
<!-- Generated by org.testng.reporters.JUnitReportReporter -->
<testsuite hostname="Anuppa-VD3" name="PROD.ExhibitorPortalSmokeTest_PROD" tests="8" failures="0" timestamp="14 Jun 2024 08:23:03 GMT" time="527.947" errors="1">
  <testcase name="TS004_EXP_VerifyAllLinkUnderEXPRegistrationsAndServicesTabTest" time="99.890" classname="PROD.ExhibitorPortalSmokeTest_PROD"/>
  <testcase name="TS005_EXP_VerifyAllLinkUnderEXPApplicationsAndLeasesTest" time="47.648" classname="PROD.ExhibitorPortalSmokeTest_PROD"/>
  <testcase name="TS003_EXP_VerifySettingsTabTest" time="15.206" classname="PROD.ExhibitorPortalSmokeTest_PROD"/>
  <testcase name="TS006_EXP_VerifyAllLinkUnderYourDigiShowroomTest" time="61.114" classname="PROD.ExhibitorPortalSmokeTest_PROD"/>
  <testcase name="TS007_EXP_VerifyAllLinkUnderEXPMarketTabTest" time="25.361" classname="PROD.ExhibitorPortalSmokeTest_PROD"/>
  <testcase name="TS002_EXP_VerifyNotificationsTabTest" time="2.586" classname="PROD.ExhibitorPortalSmokeTest_PROD"/>
  <testcase name="TS001_EXP_VerifyExhibitorPortalLoginTest" time="37.842" classname="PROD.ExhibitorPortalSmokeTest_PROD"/>
  <testcase name="TS008_EXP_VerifyExhibitorPortalFooterLinksTest" time="238.300" classname="PROD.ExhibitorPortalSmokeTest_PROD">
    <error type="java.lang.AssertionError">
      <![CDATA[java.lang.AssertionError
	at org.junit.Assert.fail(Assert.java:86)
	at org.junit.Assert.assertTrue(Assert.java:41)
	at org.junit.Assert.assertTrue(Assert.java:52)
	at PROD.ExhibitorPortalSmokeTest_PROD.TS008_EXP_VerifyExhibitorPortalFooterLinksTest(ExhibitorPortalSmokeTest_PROD.java:785)
	at sun.reflect.NativeMethodAccessorImpl.invoke0(Native Method)
	at sun.reflect.NativeMethodAccessorImpl.invoke(Unknown Source)
	at sun.reflect.DelegatingMethodAccessorImpl.invoke(Unknown Source)
	at java.lang.reflect.Method.invoke(Unknown Source)
	at org.testng.internal.MethodInvocationHelper.invokeMethod(MethodInvocationHelper.java:80)
	at org.testng.internal.Invoker.invokeMethod(Invoker.java:714)
	at org.testng.internal.Invoker.invokeTestMethod(Invoker.java:901)
	at org.testng.internal.Invoker.invokeTestMethods(Invoker.java:1231)
	at org.testng.internal.TestMethodWorker.invokeTestMethods(TestMethodWorker.java:127)
	at org.testng.internal.TestMethodWorker.run(TestMethodWorker.java:111)
	at java.util.concurrent.ThreadPoolExecutor.runWorker(Unknown Source)
	at java.util.concurrent.ThreadPoolExecutor$Worker.run(Unknown Source)
	at java.lang.Thread.run(Unknown Source)
]]>
    </error>
  </testcase> <!-- TS008_EXP_VerifyExhibitorPortalFooterLinksTest -->
</testsuite> <!-- PROD.ExhibitorPortalSmokeTest_PROD -->
