<?xml version="1.0" encoding="UTF-8"?>
<!-- Generated by org.testng.reporters.JUnitReportReporter -->
<testsuite hostname="swapnili" name="PROD.AtlantaAppSmokeTest_PROD" tests="1" failures="0" timestamp="25 Jul 2022 10:13:44 GMT" time="507.518" errors="0">
  <testcase name="TS012_VerifyFooterLinksTest" time="507.518" classname="PROD.AtlantaAppSmokeTest_PROD"/>
</testsuite> <!-- PROD.AtlantaAppSmokeTest_PROD -->
