<?xml version="1.0" encoding="UTF-8"?>
<!-- Generated by org.testng.reporters.JUnitReportReporter -->

<testsuite hostname="shradhama-w10" name="atlantamarket.AtlantaMarketSmokeTest_UAT" tests="13" failures="0" timestamp="11 Feb 2022 15:44:11 GMT" time="1226.635" errors="0">
  <testcase name="TS003_VerifyGlobalSearchFunctionalityTest" time="10.470" classname="atlantamarket.AtlantaMarketSmokeTest_UAT"/>
  <testcase name="TS009_VerifyAllChannelsLinksTest" time="79.037" classname="atlantamarket.AtlantaMarketSmokeTest_UAT"/>
  <testcase name="TS010_VerifyAllSocialMediaLinksOnFooterTest" time="71.371" classname="atlantamarket.AtlantaMarketSmokeTest_UAT"/>
  <testcase name="TS001_VerifyMarketPlannerLoginTest" time="36.719" classname="atlantamarket.AtlantaMarketSmokeTest_UAT"/>
  <testcase name="TS007_VerifyAllLinksUnderExhibitorsAndProductsTabTest" time="100.645" classname="atlantamarket.AtlantaMarketSmokeTest_UAT"/>
  <testcase name="TS004_VerifyMarketPlannerRegistrationsOptionTest" time="4.503" classname="atlantamarket.AtlantaMarketSmokeTest_UAT"/>
  <testcase name="TS011_VerifyFooterLinksTest" time="400.868" classname="atlantamarket.AtlantaMarketSmokeTest_UAT"/>
  <testcase name="TS012_VerifyAllLinksUnderAttendTabTest" time="172.091" classname="atlantamarket.AtlantaMarketSmokeTest_UAT"/>
  <testcase name="TS006_VerifyAllLinksUnderMarketInfoTabTest" time="97.433" classname="atlantamarket.AtlantaMarketSmokeTest_UAT"/>
  <testcase name="TS008_VerifAllLinksUnderExhibitTabTest" time="68.847" classname="atlantamarket.AtlantaMarketSmokeTest_UAT"/>
  <testcase name="TS002_VerifyMarketPlannerProfileAndSettingsOptionTest" time="10.119" classname="atlantamarket.AtlantaMarketSmokeTest_UAT"/>
  <testcase name="TS013_VerifyAllNewsAndTrendsMenuTest" time="153.655" classname="atlantamarket.AtlantaMarketSmokeTest_UAT"/>
  <testcase name="TS005_VerifyExhibitorDirectoryTest" time="20.877" classname="atlantamarket.AtlantaMarketSmokeTest_UAT"/>

<testsuite hostname="NILAMMA-W10" name="atlantamarket.AtlantaMarketSmokeTest_UAT" tests="13" failures="1" timestamp="11 Feb 2022 09:43:38 GMT" time="1210.845" errors="0">
  <testcase name="TS012_VerifyAllLinksUnderAttendTabTest" time="47.231" classname="atlantamarket.AtlantaMarketSmokeTest_UAT">
    <failure type="org.openqa.selenium.NoSuchElementException" message="no such element: Unable to locate element: {&quot;method&quot;:&quot;xpath&quot;,&quot;selector&quot;:&quot;//div[@class =&#039;imc-section&#039;]/div[1]/div[3]/div[2]/div[1]/div[1]/a&quot;}
  (Session info: chrome=98.0.4758.81)
For documentation on this error, please visit: http://seleniumhq.org/exceptions/no_such_element.html
Build info: version: &#039;3.4.0&#039;, revision: &#039;unknown&#039;, time: &#039;unknown&#039;
System info: host: &#039;NILAMMA-W10&#039;, ip: &#039;192.168.68.2&#039;, os.name: &#039;Windows 10&#039;, os.arch: &#039;amd64&#039;, os.version: &#039;10.0&#039;, java.version: &#039;1.8.0_161&#039;
Driver info: org.openqa.selenium.chrome.ChromeDriver
Capabilities [{networkConnectionEnabled=false, chrome={chromedriverVersion=97.0.4692.71 (adefa7837d02a07a604c1e6eff0b3a09422ab88d-refs/branch-heads/4692@{#1247}), userDataDir=C:\Users\nilamma\AppData\Local\Temp\scoped_dir12568_923662867}, timeouts={implicit=0.0, pageLoad=300000.0, script=30000.0}, pageLoadStrategy=normal, unhandledPromptBehavior=dismiss and notify, strictFileInteractability=false, platform=ANY, proxy=Proxy(), goog:chromeOptions={debuggerAddress=localhost:53973}, webauthn:extension:credBlob=true, acceptInsecureCerts=false, browserVersion=98.0.4758.81, browserName=chrome, javascriptEnabled=true, platformName=windows, setWindowRect=true, webauthn:extension:largeBlob=true, webauthn:virtualAuthenticators=true}]
Session ID: 2a8516f215c5ec1b0758dd3bcf044b07
*** Element info: {Using=xpath, value=//div[@class =&#039;imc-section&#039;]/div[1]/div[3]/div[2]/div[1]/div[1]/a}">
      <![CDATA[org.openqa.selenium.NoSuchElementException: no such element: Unable to locate element: {"method":"xpath","selector":"//div[@class ='imc-section']/div[1]/div[3]/div[2]/div[1]/div[1]/a"}
  (Session info: chrome=98.0.4758.81)
For documentation on this error, please visit: http://seleniumhq.org/exceptions/no_such_element.html
Build info: version: '3.4.0', revision: 'unknown', time: 'unknown'
System info: host: 'NILAMMA-W10', ip: '192.168.68.2', os.name: 'Windows 10', os.arch: 'amd64', os.version: '10.0', java.version: '1.8.0_161'
Driver info: org.openqa.selenium.chrome.ChromeDriver
Capabilities [{networkConnectionEnabled=false, chrome={chromedriverVersion=97.0.4692.71 (adefa7837d02a07a604c1e6eff0b3a09422ab88d-refs/branch-heads/4692@{#1247}), userDataDir=C:\Users\nilamma\AppData\Local\Temp\scoped_dir12568_923662867}, timeouts={implicit=0.0, pageLoad=300000.0, script=30000.0}, pageLoadStrategy=normal, unhandledPromptBehavior=dismiss and notify, strictFileInteractability=false, platform=ANY, proxy=Proxy(), goog:chromeOptions={debuggerAddress=localhost:53973}, webauthn:extension:credBlob=true, acceptInsecureCerts=false, browserVersion=98.0.4758.81, browserName=chrome, javascriptEnabled=true, platformName=windows, setWindowRect=true, webauthn:extension:largeBlob=true, webauthn:virtualAuthenticators=true}]
Session ID: 2a8516f215c5ec1b0758dd3bcf044b07
*** Element info: {Using=xpath, value=//div[@class ='imc-section']/div[1]/div[3]/div[2]/div[1]/div[1]/a}
	at sun.reflect.NativeConstructorAccessorImpl.newInstance0(Native Method)
	at sun.reflect.NativeConstructorAccessorImpl.newInstance(Unknown Source)
	at sun.reflect.DelegatingConstructorAccessorImpl.newInstance(Unknown Source)
	at java.lang.reflect.Constructor.newInstance(Unknown Source)
	at org.openqa.selenium.remote.http.W3CHttpResponseCodec.createException(W3CHttpResponseCodec.java:150)
	at org.openqa.selenium.remote.http.W3CHttpResponseCodec.decode(W3CHttpResponseCodec.java:115)
	at org.openqa.selenium.remote.http.W3CHttpResponseCodec.decode(W3CHttpResponseCodec.java:45)
	at org.openqa.selenium.remote.HttpCommandExecutor.execute(HttpCommandExecutor.java:164)
	at org.openqa.selenium.remote.service.DriverCommandExecutor.execute(DriverCommandExecutor.java:82)
	at org.openqa.selenium.remote.RemoteWebDriver.execute(RemoteWebDriver.java:637)
	at org.openqa.selenium.remote.RemoteWebDriver.findElement(RemoteWebDriver.java:410)
	at org.openqa.selenium.remote.RemoteWebDriver.findElementByXPath(RemoteWebDriver.java:509)
	at org.openqa.selenium.By$ByXPath.findElement(By.java:361)
	at org.openqa.selenium.remote.RemoteWebDriver.findElement(RemoteWebDriver.java:402)
	at pageObjects.AtlantaMarket.ATLAttendPage.getATLWhyAttend(ATLAttendPage.java:46)
	at atlantamarket.AtlantaMarketSmokeTest_UAT.TS012_VerifyAllLinksUnderAttendTabTest(AtlantaMarketSmokeTest_UAT.java:621)
	at sun.reflect.NativeMethodAccessorImpl.invoke0(Native Method)
	at sun.reflect.NativeMethodAccessorImpl.invoke(Unknown Source)
	at sun.reflect.DelegatingMethodAccessorImpl.invoke(Unknown Source)
	at java.lang.reflect.Method.invoke(Unknown Source)
	at org.testng.internal.MethodInvocationHelper.invokeMethod(MethodInvocationHelper.java:80)
	at org.testng.internal.Invoker.invokeMethod(Invoker.java:714)
	at org.testng.internal.Invoker.invokeTestMethod(Invoker.java:901)
	at org.testng.internal.Invoker.invokeTestMethods(Invoker.java:1231)
	at org.testng.internal.TestMethodWorker.invokeTestMethods(TestMethodWorker.java:127)
	at org.testng.internal.TestMethodWorker.run(TestMethodWorker.java:111)
	at org.testng.TestRunner.privateRun(TestRunner.java:767)
	at org.testng.TestRunner.run(TestRunner.java:617)
	at org.testng.SuiteRunner.runTest(SuiteRunner.java:334)
	at org.testng.SuiteRunner.runSequentially(SuiteRunner.java:329)
	at org.testng.SuiteRunner.privateRun(SuiteRunner.java:291)
	at org.testng.SuiteRunner.run(SuiteRunner.java:240)
	at org.testng.SuiteRunnerWorker.runSuite(SuiteRunnerWorker.java:52)
	at org.testng.SuiteRunnerWorker.run(SuiteRunnerWorker.java:86)
	at org.testng.TestNG.runSuitesSequentially(TestNG.java:1198)
	at org.testng.TestNG.runSuitesLocally(TestNG.java:1123)
	at org.testng.TestNG.run(TestNG.java:1031)
	at org.testng.remote.AbstractRemoteTestNG.run(AbstractRemoteTestNG.java:132)
	at org.testng.remote.RemoteTestNG.initAndRun(RemoteTestNG.java:236)
	at org.testng.remote.RemoteTestNG.main(RemoteTestNG.java:81)
]]>
    </failure>
  </testcase> <!-- TS012_VerifyAllLinksUnderAttendTabTest -->
  <testcase name="TS004_VerifyMarketPlannerRegistrationsOptionTest" time="7.394" classname="atlantamarket.AtlantaMarketSmokeTest_UAT"/>
  <testcase name="TS010_VerifyAllSocialMediaLinksOnFooterTest" time="77.088" classname="atlantamarket.AtlantaMarketSmokeTest_UAT"/>
  <testcase name="TS011_VerifyFooterLinksTest" time="462.977" classname="atlantamarket.AtlantaMarketSmokeTest_UAT"/>
  <testcase name="TS005_VerifyExhibitorDirectoryTest" time="21.756" classname="atlantamarket.AtlantaMarketSmokeTest_UAT"/>
  <testcase name="TS003_VerifyGlobalSearchFunctionalityTest" time="11.052" classname="atlantamarket.AtlantaMarketSmokeTest_UAT"/>
  <testcase name="TS009_VerifyAllChannelsLinksTest" time="101.764" classname="atlantamarket.AtlantaMarketSmokeTest_UAT"/>
  <testcase name="TS001_VerifyMarketPlannerLoginTest" time="43.840" classname="atlantamarket.AtlantaMarketSmokeTest_UAT"/>
  <testcase name="TS013_VerifyAllNewsAndTrendsMenuTest" time="85.782" classname="atlantamarket.AtlantaMarketSmokeTest_UAT"/>
  <testcase name="TS006_VerifyAllLinksUnderMarketInfoTabTest" time="120.269" classname="atlantamarket.AtlantaMarketSmokeTest_UAT"/>
  <testcase name="TS007_VerifyAllLinksUnderExhibitorsAndProductsTabTest" time="126.566" classname="atlantamarket.AtlantaMarketSmokeTest_UAT"/>
  <testcase name="TS008_VerifAllLinksUnderExhibitTabTest" time="91.835" classname="atlantamarket.AtlantaMarketSmokeTest_UAT"/>
  <testcase name="TS002_VerifyMarketPlannerProfileAndSettingsOptionTest" time="13.291" classname="atlantamarket.AtlantaMarketSmokeTest_UAT"/>

</testsuite> <!-- atlantamarket.AtlantaMarketSmokeTest_UAT -->
