<?xml version="1.0" encoding="UTF-8"?>
<!-- Generated by org.testng.reporters.JUnitReportReporter -->
<testsuite hostname="NILAMMA-W10" name="sitecore.SitecoreSmokeTest_PROD" tests="9" failures="0" timestamp="26 Apr 2022 12:28:51 GMT" time="142.149" errors="0">
  <testcase name="TS002_VerifyContentEditorTest" time="28.024" classname="sitecore.SitecoreSmokeTest_PROD"/>
  <testcase name="TS004_VerifyShowSpecialApprovalsTest" time="11.379" classname="sitecore.SitecoreSmokeTest_PROD"/>
  <testcase name="TS001_VerifySitecoreLoginTest" time="19.958" classname="sitecore.SitecoreSmokeTest_PROD"/>
  <testcase name="TS008_VerifyEmailExperienceManagerTest" time="20.488" classname="sitecore.SitecoreSmokeTest_PROD"/>
  <testcase name="TS009_VerifyControlPanelTest" time="12.480" classname="sitecore.SitecoreSmokeTest_PROD"/>
  <testcase name="TS006_VerifyIMCReportsTest" time="12.339" classname="sitecore.SitecoreSmokeTest_PROD"/>
  <testcase name="TS007_VerifyTaxonomyManagerTest" time="12.621" classname="sitecore.SitecoreSmokeTest_PROD"/>
  <testcase name="TS003_VerifyDigitalAdminPanelTest" time="11.777" classname="sitecore.SitecoreSmokeTest_PROD"/>
  <testcase name="TS005_VerifyExhibitorEventsApprovalTest" time="13.083" classname="sitecore.SitecoreSmokeTest_PROD"/>
</testsuite> <!-- sitecore.SitecoreSmokeTest_PROD -->
