<?xml version="1.0" encoding="UTF-8"?>
<!-- Generated by org.testng.reporters.JUnitReportReporter -->
<testsuite hostname="shradhama-w10" name="lasvegasmarket.LagVegasMarketSmokeTest_UAT" tests="1" failures="0" timestamp="17 Jan 2022 12:27:24 GMT" time="51.219" errors="0">
  <testcase name="TS012_VerifyHeaderChannelLinksTest" time="51.219" classname="lasvegasmarket.LagVegasMarketSmokeTest_UAT"/>
</testsuite> <!-- lasvegasmarket.LagVegasMarketSmokeTest_UAT -->
