<?xml version="1.0" encoding="UTF-8"?>
<!-- Generated by org.testng.reporters.JUnitReportReporter -->
<testsuite hostname="NILAMMA-W10" name="PROD.AmericasMartSmokeTest_PROD" tests="12" failures="0" timestamp="2 Dec 2022 07:18:26 GMT" time="1770.053" errors="0">
  <testcase name="TS010_VerifyAllLinksUnderOpenYearRoundTest" time="165.267" classname="PROD.AmericasMartSmokeTest_PROD"/>
  <testcase name="TS001_VerifyMarketPlannerLoginTest" time="102.112" classname="PROD.AmericasMartSmokeTest_PROD"/>
  <testcase name="TS005_VerifyAllLinksUnderAboutTabTest" time="89.382" classname="PROD.AmericasMartSmokeTest_PROD"/>
  <testcase name="TS012_VerifyFooterLinksTest" time="437.427" classname="PROD.AmericasMartSmokeTest_PROD"/>
  <testcase name="TS004_VerifyAllLinksUnderExhibitTest" time="50.288" classname="PROD.AmericasMartSmokeTest_PROD"/>
  <testcase name="TS009_VerifyGlobalSearchFunctionalityTest" time="47.062" classname="PROD.AmericasMartSmokeTest_PROD"/>
  <testcase name="TS002_VerifyMarketPlannerProfileAndSettingsOptionTest" time="9.484" classname="PROD.AmericasMartSmokeTest_PROD"/>
  <testcase name="TS006_VerifyAllHeaderChanelLinksTest" time="393.523" classname="PROD.AmericasMartSmokeTest_PROD"/>
  <testcase name="TS011_VerifyExhibitorDirectoryTest" time="37.168" classname="PROD.AmericasMartSmokeTest_PROD"/>
  <testcase name="TS003_VerifyMarketPlannerExhibitorPortalOptionTest" time="41.208" classname="PROD.AmericasMartSmokeTest_PROD"/>
  <testcase name="TS007_VerifyAllSocialMediaLinksOnFooterTest" time="110.342" classname="PROD.AmericasMartSmokeTest_PROD"/>
  <testcase name="TS008_VerifyAllLinksUnderMarketsAndEventsTabTest" time="286.790" classname="PROD.AmericasMartSmokeTest_PROD"/>
</testsuite> <!-- PROD.AmericasMartSmokeTest_PROD -->
