<?xml version="1.0" encoding="UTF-8"?>
<!-- Generated by org.testng.reporters.JUnitReportReporter -->
<testsuite hostname="NILAMMA-W10" name="atlantamarket.AtlantaMarketSmokeTest_PROD" tests="12" failures="0" timestamp="25 Apr 2022 11:39:23 GMT" time="1788.334" errors="0">
  <testcase name="TS005_VerifyExhibitorDirectoryTest" time="51.581" classname="atlantamarket.AtlantaMarketSmokeTest_PROD"/>
  <testcase name="TS002_VerifyMarketPlannerProfileAndSettingsOptionTest" time="60.402" classname="atlantamarket.AtlantaMarketSmokeTest_PROD"/>
  <testcase name="TS007_VerifyAllLinksUnderExhibitorsAndProductsTabTest" time="121.126" classname="atlantamarket.AtlantaMarketSmokeTest_PROD"/>
  <testcase name="TS009_VerifyAllChannelsLinksTest" time="144.830" classname="atlantamarket.AtlantaMarketSmokeTest_PROD"/>
  <testcase name="TS008_VerifAllLinksUnderExhibitTabTest" time="166.846" classname="atlantamarket.AtlantaMarketSmokeTest_PROD"/>
  <testcase name="TS006_VerifyAllLinksUnderMarketInfoTabTest" time="143.333" classname="atlantamarket.AtlantaMarketSmokeTest_PROD"/>
  <testcase name="TS004_VerifyMarketPlannerRegistrationsOptionTest" time="166.181" classname="atlantamarket.AtlantaMarketSmokeTest_PROD"/>
  <testcase name="TS010_VerifyAllSocialMediaLinksOnFooterTest" time="74.260" classname="atlantamarket.AtlantaMarketSmokeTest_PROD"/>
  <testcase name="TS001_VerifyMarketPlannerLoginTest" time="75.252" classname="atlantamarket.AtlantaMarketSmokeTest_PROD"/>
  <testcase name="TS011_VerifyFooterLinksTest" time="539.584" classname="atlantamarket.AtlantaMarketSmokeTest_PROD"/>
  <testcase name="TS012_VerifyAllLinksUnderAttendTabTest" time="218.797" classname="atlantamarket.AtlantaMarketSmokeTest_PROD"/>
  <testcase name="TS003_VerifyGlobalSearchFunctionalityTest" time="26.142" classname="atlantamarket.AtlantaMarketSmokeTest_PROD"/>
</testsuite> <!-- atlantamarket.AtlantaMarketSmokeTest_PROD -->
