<?xml version="1.0" encoding="UTF-8"?>
<!-- Generated by org.testng.reporters.JUnitReportReporter -->
<testsuite hostname="NILAMMA-W10" name="atlantamarket.AtlantaMarketSmokeTest_PROD" tests="13" failures="0" timestamp="26 Apr 2022 09:47:19 GMT" time="1583.293" errors="0">
  <testcase name="TS011_VerifyFooterLinksTest" time="558.923" classname="atlantamarket.AtlantaMarketSmokeTest_PROD"/>
  <testcase name="TS006_VerifyAllLinksUnderMarketInfoTabTest" time="103.735" classname="atlantamarket.AtlantaMarketSmokeTest_PROD"/>
  <testcase name="TS010_VerifyAllSocialMediaLinksOnFooterTest" time="79.997" classname="atlantamarket.AtlantaMarketSmokeTest_PROD"/>
  <testcase name="TS009_VerifyAllChannelsLinksTest" time="188.686" classname="atlantamarket.AtlantaMarketSmokeTest_PROD"/>
  <testcase name="TS007_VerifyAllLinksUnderExhibitorsAndProductsTabTest" time="91.750" classname="atlantamarket.AtlantaMarketSmokeTest_PROD"/>
  <testcase name="TS003_VerifyGlobalSearchFunctionalityTest" time="17.083" classname="atlantamarket.AtlantaMarketSmokeTest_PROD"/>
  <testcase name="TS012_VerifyAllLinksUnderAttendTabTest" time="214.666" classname="atlantamarket.AtlantaMarketSmokeTest_PROD"/>
  <testcase name="TS001_VerifyMarketPlannerLoginTest" time="48.288" classname="atlantamarket.AtlantaMarketSmokeTest_PROD"/>
  <testcase name="TS004_VerifyMarketPlannerRegistrationsOptionTest" time="34.979" classname="atlantamarket.AtlantaMarketSmokeTest_PROD"/>
  <testcase name="TS013_VerifyAllNewsAndTrendsMenuTest" time="93.623" classname="atlantamarket.AtlantaMarketSmokeTest_PROD"/>
  <testcase name="TS002_VerifyMarketPlannerProfileAndSettingsOptionTest" time="12.976" classname="atlantamarket.AtlantaMarketSmokeTest_PROD"/>
  <testcase name="TS005_VerifyExhibitorDirectoryTest" time="19.405" classname="atlantamarket.AtlantaMarketSmokeTest_PROD"/>
  <testcase name="TS008_VerifAllLinksUnderExhibitTabTest" time="119.182" classname="atlantamarket.AtlantaMarketSmokeTest_PROD"/>
</testsuite> <!-- atlantamarket.AtlantaMarketSmokeTest_PROD -->
