<?xml version="1.0" encoding="UTF-8"?>
<!-- Generated by org.testng.reporters.JUnitReportReporter -->
<testsuite hostname="Anuppa-VD3" name="PROD.AtlantaMarketSmokeTest_PROD" tests="1" failures="0" timestamp="26 Aug 2024 14:46:01 GMT" time="149.550" errors="0">
  <testcase name="TS009_ATL_VerifyAllLinksUnderAttendTabTest" time="149.550" classname="PROD.AtlantaMarketSmokeTest_PROD"/>
</testsuite> <!-- PROD.AtlantaMarketSmokeTest_PROD -->
