<?xml version="1.0" encoding="UTF-8"?>
<!-- Generated by org.testng.reporters.JUnitReportReporter -->
<testsuite hostname="Anuppa-VD3" name="PROD.AtlantaMarketSmokeTest_PROD" tests="13" failures="0" timestamp="15 May 2023 07:49:49 GMT" time="1039.865" errors="0">
  <testcase name="TS003_ATL_VerifyGlobalSearchFunctionalityTest" time="24.509" classname="PROD.AtlantaMarketSmokeTest_PROD"/>
  <testcase name="TS006_ATL_VerifyAllLinksUnderMarketInfoTabTest" time="47.665" classname="PROD.AtlantaMarketSmokeTest_PROD"/>
  <testcase name="TS005_ATL_VerifyExhibitorDirectoryTest" time="15.935" classname="PROD.AtlantaMarketSmokeTest_PROD"/>
  <testcase name="TS007_ATL_VerifyAllLinksUnderExhibitorsAndProductsTabTest" time="47.392" classname="PROD.AtlantaMarketSmokeTest_PROD"/>
  <testcase name="TS013_ATL_VerifyAllNewsAndTrendsMenuTest" time="68.680" classname="PROD.AtlantaMarketSmokeTest_PROD"/>
  <testcase name="TS011_ATL_VerifyFooterLinksTest" time="128.659" classname="PROD.AtlantaMarketSmokeTest_PROD"/>
  <testcase name="TS001_ATL_VerifyMarketPlannerLoginTest" time="65.445" classname="PROD.AtlantaMarketSmokeTest_PROD"/>
  <testcase name="TS008_ATL_VerifAllLinksUnderExhibitTabTest" time="69.047" classname="PROD.AtlantaMarketSmokeTest_PROD"/>
  <testcase name="TS004_ATL_VerifyMarketPlannerRegistrationsOptionTest" time="55.084" classname="PROD.AtlantaMarketSmokeTest_PROD"/>
  <testcase name="TS009_ATL_VerifyAllChannelsLinksTest" time="272.494" classname="PROD.AtlantaMarketSmokeTest_PROD"/>
  <testcase name="TS012_ATL_VerifyAllLinksUnderAttendTabTest" time="183.067" classname="PROD.AtlantaMarketSmokeTest_PROD"/>
  <testcase name="TS010_ATL_VerifyAllSocialMediaLinksOnFooterTest" time="54.027" classname="PROD.AtlantaMarketSmokeTest_PROD"/>
  <testcase name="TS002_ATL_VerifyMarketPlannerProfileAndSettingsOptionTest" time="7.861" classname="PROD.AtlantaMarketSmokeTest_PROD"/>
</testsuite> <!-- PROD.AtlantaMarketSmokeTest_PROD -->
