<?xml version="1.0" encoding="UTF-8"?>
<!-- Generated by org.testng.reporters.JUnitReportReporter -->
<testsuite hostname="NILAMMA-W10" name="atlantaapparel.AtalntaAppSmokeTest_UAT" tests="1" failures="0" timestamp="24 Feb 2022 11:54:43 GMT" time="68.554" errors="0">
  <testcase name="TS005_VerifyExhibitorDirectoryTest" time="68.554" classname="atlantaapparel.AtalntaAppSmokeTest_UAT"/>
</testsuite> <!-- atlantaapparel.AtalntaAppSmokeTest_UAT -->
