<?xml version="1.0" encoding="UTF-8"?>
<!-- Generated by org.testng.reporters.JUnitReportReporter -->
<testsuite hostname="NILAMMA-W10" name="americasmart.AmericasMartSmokeTest_PROD" tests="1" failures="0" timestamp="11 May 2022 07:15:50 GMT" time="133.022" errors="0">
  <testcase name="TS010_VerifyAllLinksUnderOpenYearRoundTest" time="133.022" classname="americasmart.AmericasMartSmokeTest_PROD"/>
</testsuite> <!-- americasmart.AmericasMartSmokeTest_PROD -->
