<?xml version="1.0" encoding="UTF-8"?>
<!-- Generated by org.testng.reporters.JUnitReportReporter -->
<testsuite hostname="shradhama-w10" name="americasmart.AmericasMartSmokeTest_UAT" tests="1" failures="0" timestamp="14 Feb 2022 11:48:20 GMT" time="11.235" errors="0">
  <testcase name="TS008_VerifyGlobalSearchFunctionalityTest" time="11.235" classname="americasmart.AmericasMartSmokeTest_UAT"/>
</testsuite> <!-- americasmart.AmericasMartSmokeTest_UAT -->
