<?xml version="1.0" encoding="UTF-8"?>
<!-- Generated by org.testng.reporters.JUnitReportReporter -->
<testsuite hostname="Anuppa-VD3" name="PROD.LasVegasAppSmokeTest_PROD" tests="9" failures="0" timestamp="14 Sep 2023 11:29:03 GMT" time="780.071" errors="0">
  <testcase name="TS008_LVMApp_VerifySocialMediaLinksTest" time="12.167" classname="PROD.LasVegasAppSmokeTest_PROD"/>
  <testcase name="TS002_LVMApp_VerifyGlobalSearchFunctionalityTest" time="13.082" classname="PROD.LasVegasAppSmokeTest_PROD"/>
  <testcase name="TS006_LVMApp_VerifyAllLinksUnderExhibitTabTest" time="48.199" classname="PROD.LasVegasAppSmokeTest_PROD"/>
  <testcase name="TS001_VerifyAllHeaderChanelLinksTest" time="515.874" classname="PROD.LasVegasAppSmokeTest_PROD"/>
  <testcase name="TS003_LVMApp_VerifyAllLinksUnderAboutTabTest" time="12.436" classname="PROD.LasVegasAppSmokeTest_PROD"/>
  <testcase name="TS005_LVMApp_VerifyAllLinksUnderAttendTabTest" time="37.071" classname="PROD.LasVegasAppSmokeTest_PROD"/>
  <testcase name="TS007_LVMApp_VerifyFooterLinksTest" time="121.698" classname="PROD.LasVegasAppSmokeTest_PROD"/>
  <testcase name="TS009_LVMApp_MarketRecap" time="12.024" classname="PROD.LasVegasAppSmokeTest_PROD"/>
  <testcase name="TS004_LVMApp_VerifyAllLinksUnderExhibitorsAndProductsTabTest" time="7.520" classname="PROD.LasVegasAppSmokeTest_PROD"/>
</testsuite> <!-- PROD.LasVegasAppSmokeTest_PROD -->
