<?xml version="1.0" encoding="UTF-8"?>
<!-- Generated by org.testng.reporters.JUnitReportReporter -->
<testsuite hostname="Anuppa-VD3" name="PROD.AmericasMartSmokeTest_PROD" tests="1" failures="0" timestamp="26 Aug 2024 08:52:26 GMT" time="103.946" errors="0">
  <testcase name="TS007_AMC_VerifyAllLinksUnderOpenYearRoundTest" time="103.946" classname="PROD.AmericasMartSmokeTest_PROD"/>
</testsuite> <!-- PROD.AmericasMartSmokeTest_PROD -->
