<?xml version="1.0" encoding="UTF-8"?>
<!-- Generated by org.testng.reporters.JUnitReportReporter -->
<testsuite hostname="NILAMMA-W10" name="americasmart.AmericasMartSmokeTest_PROD" tests="12" failures="0" timestamp="6 Apr 2022 08:05:12 GMT" time="1375.040" errors="0">
  <testcase name="TS005_VerifyAllLinksUnderAboutTabTest" time="146.478" classname="americasmart.AmericasMartSmokeTest_PROD"/>
  <testcase name="TS006_VerifyAllHeaderChanelLinksTest" time="177.429" classname="americasmart.AmericasMartSmokeTest_PROD"/>
  <testcase name="TS010_VerifyAllLinksUnderOpenYearRoundTest" time="95.604" classname="americasmart.AmericasMartSmokeTest_PROD"/>
  <testcase name="TS004_VerifyAllLinksUnderExhibitTest" time="58.405" classname="americasmart.AmericasMartSmokeTest_PROD"/>
  <testcase name="TS001_VerifyMarketPlannerLoginTest" time="39.658" classname="americasmart.AmericasMartSmokeTest_PROD"/>
  <testcase name="TS009_VerifyGlobalSearchFunctionalityTest" time="11.827" classname="americasmart.AmericasMartSmokeTest_PROD"/>
  <testcase name="TS011_VerifyExhibitorDirectoryTest" time="80.348" classname="americasmart.AmericasMartSmokeTest_PROD"/>
  <testcase name="TS007_VerifyAllLinksUnderMarketsAndEventsTabTest" time="171.443" classname="americasmart.AmericasMartSmokeTest_PROD"/>
  <testcase name="TS012_VerifyAllSocialMediaLinksOnFooterTest" time="38.368" classname="americasmart.AmericasMartSmokeTest_PROD"/>
  <testcase name="TS003_VerifyMarketPlannerExhibitorPortalOptionTest" time="36.764" classname="americasmart.AmericasMartSmokeTest_PROD"/>
  <testcase name="TS008_VerifyFooterLinksTest" time="490.026" classname="americasmart.AmericasMartSmokeTest_PROD"/>
  <testcase name="TS002_VerifyMarketPlannerProfileAndSettingsOptionTest" time="28.690" classname="americasmart.AmericasMartSmokeTest_PROD"/>
</testsuite> <!-- americasmart.AmericasMartSmokeTest_PROD -->
