<?xml version="1.0" encoding="UTF-8"?>
<!-- Generated by org.testng.reporters.JUnitReportReporter -->
<testsuite hostname="Anuppa-VD3" name="PROD.AtlantaAppSmokeTest_PROD" tests="2" failures="0" timestamp="11 May 2023 07:43:30 GMT" time="34.616" errors="0">
  <testcase name="TS009_ATLApp_VerifyAllLinksUnderTheBestOfFashionTabTest" time="12.787" classname="PROD.AtlantaAppSmokeTest_PROD"/>
  <testcase name="TS001_ATLApp_VerifyMarketPlannerLoginTest" time="21.829" classname="PROD.AtlantaAppSmokeTest_PROD"/>
</testsuite> <!-- PROD.AtlantaAppSmokeTest_PROD -->
