<?xml version="1.0" encoding="UTF-8"?>
<!-- Generated by org.testng.reporters.JUnitReportReporter -->
<testsuite hostname="eon-swapnili" failures="0" tests="10" name="PROD.LVMSmoke_PROD" time="837.813" errors="0" timestamp="2024-10-25T13:47:08 IST" skipped="0">
  <testcase classname="PROD.LVMSmoke_PROD" name="TS001_LVM_VerifyHeaderChannelLinksTest" time="430.916"/>
  <system-out/>
  <testcase classname="PROD.LVMSmoke_PROD" name="TS002_LVM_VerifAllLinksUnderExhibitorDirectoryTabTest" time="6.002"/>
  <system-out/>
  <testcase classname="PROD.LVMSmoke_PROD" name="TS003_LVM_VerifAllLinksUnderVisitTabTest" time="66.314"/>
  <system-out/>
  <testcase classname="PROD.LVMSmoke_PROD" name="TS004_LVM_VerifAllLinksUnderDiscoverTabTest" time="49.491"/>
  <system-out/>
  <testcase classname="PROD.LVMSmoke_PROD" name="TS005_LVM_VerifAllLinksUnderExhibitTabTest" time="22.717"/>
  <system-out/>
  <testcase classname="PROD.LVMSmoke_PROD" name="TS006_LVM_VerifAllLinksUnderSourceYearRoundTabTest" time="26.186"/>
  <system-out/>
  <testcase classname="PROD.LVMSmoke_PROD" name="TS07_LVM_VerifyAllSocialMediaLinksOnFooterTest" time="8.539"/>
  <system-out/>
  <testcase classname="PROD.LVMSmoke_PROD" name="TS008_LVM_VerifyGlobalSearchFunctionalityTest" time="9.519"/>
  <system-out/>
  <testcase classname="PROD.LVMSmoke_PROD" name="TS009_LVM_VerifyFooterLinksTest" time="203.325"/>
  <system-out/>
  <testcase classname="PROD.LVMSmoke_PROD" name="TS010_LVM_VerifRegisterButtonTest" time="14.804"/>
  <system-out/>
</testsuite> <!-- PROD.LVMSmoke_PROD -->
