<?xml version="1.0" encoding="UTF-8"?>
<!-- Generated by org.testng.reporters.JUnitReportReporter -->
<testsuite hostname="NILAMMA-W10" name="PROD.LagVegasMarketSmokeTest_PROD" tests="1" failures="0" timestamp="19 Oct 2022 09:34:23 GMT" time="95.307" errors="0">
  <testcase name="TS005_VerifyAllLinksUnderMarketInfoTabTest" time="95.307" classname="PROD.LagVegasMarketSmokeTest_PROD"/>
</testsuite> <!-- PROD.LagVegasMarketSmokeTest_PROD -->
