<?xml version="1.0" encoding="UTF-8"?>
<!-- Generated by org.testng.reporters.JUnitReportReporter -->
<testsuite hostname="NILAMMA-W10" name="PROD.AtlantaMarketSmokeTest_PROD" tests="1" failures="0" timestamp="6 Sep 2022 06:10:55 GMT" time="49.648" errors="0">
  <testcase name="TS001_VerifyMarketPlannerLoginTest" time="49.648" classname="PROD.AtlantaMarketSmokeTest_PROD"/>
</testsuite> <!-- PROD.AtlantaMarketSmokeTest_PROD -->
