<?xml version="1.0" encoding="UTF-8"?>
<!-- Generated by org.testng.reporters.JUnitReportReporter -->
<testsuite hostname="NILAMMA-W10" name="PROD.LagVegasMarketSmokeTest_PROD" tests="1" failures="0" timestamp="22 Mar 2023 11:19:21 GMT" time="26.410" errors="0">
  <testcase name="TS011_LVM_VerifyAllLinksUnderYearRoundTabTest" time="26.410" classname="PROD.LagVegasMarketSmokeTest_PROD"/>
</testsuite> <!-- PROD.LagVegasMarketSmokeTest_PROD -->
