<?xml version="1.0" encoding="UTF-8"?>
<!-- Generated by org.testng.reporters.JUnitReportReporter -->
<testsuite hostname="shradhama-w10" name="lasvegasmarket.LagVegasMarketSmokeTest" tests="2" failures="0" timestamp="10 Jan 2022 04:04:04 GMT" time="90.148" errors="1">
  <testcase name="TS001_VerifyMarketPlannerLoginTest" time="65.417" classname="lasvegasmarket.LagVegasMarketSmokeTest"/>
  <testcase name="TS003_VerifyMarketPlannerProfileAndSettingsOptionTest" time="24.731" classname="lasvegasmarket.LagVegasMarketSmokeTest">
    <error type="java.lang.AssertionError" message="expected:&lt;[[ChromeDriver: chrome on ANY (8ff0ea9e51f2cfb5db7b200c30d47015)] -&gt; xpath: //ul[@class = &#039;imc-breadcrumb&#039;]/li[2]/a[1]]&gt; but was:&lt;My profile&gt;">
      <![CDATA[java.lang.AssertionError: expected:<[[ChromeDriver: chrome on ANY (8ff0ea9e51f2cfb5db7b200c30d47015)] -> xpath: //ul[@class = 'imc-breadcrumb']/li[2]/a[1]]]]><![CDATA[> but was:<My profile>
	at org.junit.Assert.fail(Assert.java:88)
	at org.junit.Assert.failNotEquals(Assert.java:834)
	at org.junit.Assert.assertEquals(Assert.java:118)
	at org.junit.Assert.assertEquals(Assert.java:144)
	at lasvegasmarket.LagVegasMarketSmokeTest.TS003_VerifyMarketPlannerProfileAndSettingsOptionTest(LagVegasMarketSmokeTest.java:195)
	at sun.reflect.NativeMethodAccessorImpl.invoke0(Native Method)
	at sun.reflect.NativeMethodAccessorImpl.invoke(NativeMethodAccessorImpl.java:62)
	at sun.reflect.DelegatingMethodAccessorImpl.invoke(DelegatingMethodAccessorImpl.java:43)
	at java.lang.reflect.Method.invoke(Method.java:498)
	at org.testng.internal.MethodInvocationHelper.invokeMethod(MethodInvocationHelper.java:80)
	at org.testng.internal.Invoker.invokeMethod(Invoker.java:714)
	at org.testng.internal.Invoker.invokeTestMethod(Invoker.java:901)
	at org.testng.internal.Invoker.invokeTestMethods(Invoker.java:1231)
	at org.testng.internal.TestMethodWorker.invokeTestMethods(TestMethodWorker.java:127)
	at org.testng.internal.TestMethodWorker.run(TestMethodWorker.java:111)
	at org.testng.TestRunner.privateRun(TestRunner.java:767)
	at org.testng.TestRunner.run(TestRunner.java:617)
	at org.testng.SuiteRunner.runTest(SuiteRunner.java:334)
	at org.testng.SuiteRunner.runSequentially(SuiteRunner.java:329)
	at org.testng.SuiteRunner.privateRun(SuiteRunner.java:291)
	at org.testng.SuiteRunner.run(SuiteRunner.java:240)
	at org.testng.SuiteRunnerWorker.runSuite(SuiteRunnerWorker.java:52)
	at org.testng.SuiteRunnerWorker.run(SuiteRunnerWorker.java:86)
	at org.testng.TestNG.runSuitesSequentially(TestNG.java:1198)
	at org.testng.TestNG.runSuitesLocally(TestNG.java:1123)
	at org.testng.TestNG.run(TestNG.java:1031)
	at org.testng.remote.AbstractRemoteTestNG.run(AbstractRemoteTestNG.java:114)
	at org.testng.remote.RemoteTestNG.initAndRun(RemoteTestNG.java:251)
	at org.testng.remote.RemoteTestNG.main(RemoteTestNG.java:77)
]]>
    </error>
  </testcase> <!-- TS003_VerifyMarketPlannerProfileAndSettingsOptionTest -->
</testsuite> <!-- lasvegasmarket.LagVegasMarketSmokeTest -->
