<?xml version="1.0" encoding="UTF-8"?>
<!-- Generated by org.testng.reporters.JUnitReportReporter -->
<testsuite hostname="Anuppa-VD3" failures="1" tests="10" name="PROD.LVMSmoke_PROD" time="637.247" errors="1" timestamp="2025-01-09T13:30:55 IST" skipped="0">
  <testcase classname="PROD.LVMSmoke_PROD" name="TS001_LVM_VerifyHeaderChannelLinksTest" time="87.653">
    <error message="Expected condition failed: waiting for visibility of element located by By.xpath: //div[@class=&#039;top-nav-dropdown-menu&#039;]/descendant::span[contains(text(),&#039;Fall Cash &amp; Carry&#039;)] (tried for 40 second(s) with 500 milliseconds interval)
Build info: version: &#039;4.25.0&#039;, revision: &#039;8a8aea2337&#039;
System info: os.name: &#039;Windows 10&#039;, os.arch: &#039;amd64&#039;, os.version: &#039;10.0&#039;, java.version: &#039;21.0.3&#039;
Driver info: org.openqa.selenium.chrome.ChromeDriver
Capabilities {acceptInsecureCerts: false, browserName: chrome, browserVersion: 131.0.6778.205, chrome: {chromedriverVersion: 131.0.6778.264 (2d05e315153..., userDataDir: C:\Users\anuppa\AppData\Loc...}, fedcm:accounts: true, goog:chromeOptions: {debuggerAddress: localhost:63147}, networkConnectionEnabled: false, pageLoadStrategy: normal, platformName: windows, proxy: Proxy(), se:cdp: ws://localhost:63147/devtoo..., se:cdpVersion: 131.0.6778.205, setWindowRect: true, strictFileInteractability: false, timeouts: {implicit: 0, pageLoad: 300000, script: 30000}, unhandledPromptBehavior: dismiss and notify, webauthn:extension:credBlob: true, webauthn:extension:largeBlob: true, webauthn:extension:minPinLength: true, webauthn:extension:prf: true, webauthn:virtualAuthenticators: true}
Session ID: c0f0778ff161baa6cb5c8bd9d930a417" type="org.openqa.selenium.TimeoutException">
      <![CDATA[org.openqa.selenium.TimeoutException: Expected condition failed: waiting for visibility of element located by By.xpath: //div[@class='top-nav-dropdown-menu']/descendant::span[contains(text(),'Fall Cash & Carry')] (tried for 40 second(s) with 500 milliseconds interval)
Build info: version: '4.25.0', revision: '8a8aea2337'
System info: os.name: 'Windows 10', os.arch: 'amd64', os.version: '10.0', java.version: '21.0.3'
Driver info: org.openqa.selenium.chrome.ChromeDriver
Capabilities {acceptInsecureCerts: false, browserName: chrome, browserVersion: 131.0.6778.205, chrome: {chromedriverVersion: 131.0.6778.264 (2d05e315153..., userDataDir: C:\Users\anuppa\AppData\Loc...}, fedcm:accounts: true, goog:chromeOptions: {debuggerAddress: localhost:63147}, networkConnectionEnabled: false, pageLoadStrategy: normal, platformName: windows, proxy: Proxy(), se:cdp: ws://localhost:63147/devtoo..., se:cdpVersion: 131.0.6778.205, setWindowRect: true, strictFileInteractability: false, timeouts: {implicit: 0, pageLoad: 300000, script: 30000}, unhandledPromptBehavior: dismiss and notify, webauthn:extension:credBlob: true, webauthn:extension:largeBlob: true, webauthn:extension:minPinLength: true, webauthn:extension:prf: true, webauthn:virtualAuthenticators: true}
Session ID: c0f0778ff161baa6cb5c8bd9d930a417
at org.openqa.selenium.support.ui.WebDriverWait.timeoutException(WebDriverWait.java:84)
at org.openqa.selenium.support.ui.FluentWait.until(FluentWait.java:228)
at pageObjects.LasVegasMarket.UXPHeaderChannelLinksPage.getCasualMarketAtlanta(UXPHeaderChannelLinksPage.java:100)
at PROD.LVMSmoke_PROD.TS001_LVM_VerifyHeaderChannelLinksTest(LVMSmoke_PROD.java:99)
at java.base/jdk.internal.reflect.DirectMethodHandleAccessor.invoke(DirectMethodHandleAccessor.java:103)
at java.base/java.lang.reflect.Method.invoke(Method.java:580)
at org.testng.internal.MethodInvocationHelper.invokeMethod(MethodInvocationHelper.java:133)
at org.testng.internal.TestInvoker.invokeMethod(TestInvoker.java:598)
at org.testng.internal.TestInvoker.invokeTestMethod(TestInvoker.java:173)
at org.testng.internal.MethodRunner.runInSequence(MethodRunner.java:46)
at org.testng.internal.TestInvoker$MethodInvocationAgent.invoke(TestInvoker.java:824)
at org.testng.internal.TestInvoker.invokeTestMethods(TestInvoker.java:146)
at org.testng.internal.TestMethodWorker.invokeTestMethods(TestMethodWorker.java:146)
at org.testng.internal.TestMethodWorker.run(TestMethodWorker.java:128)
at java.base/java.util.ArrayList.forEach(ArrayList.java:1596)
at org.testng.TestRunner.privateRun(TestRunner.java:794)
at org.testng.TestRunner.run(TestRunner.java:596)
at org.testng.SuiteRunner.runTest(SuiteRunner.java:377)
at org.testng.SuiteRunner.runSequentially(SuiteRunner.java:371)
at org.testng.SuiteRunner.privateRun(SuiteRunner.java:332)
at org.testng.SuiteRunner.run(SuiteRunner.java:276)
at org.testng.SuiteRunnerWorker.runSuite(SuiteRunnerWorker.java:53)
at org.testng.SuiteRunnerWorker.run(SuiteRunnerWorker.java:96)
at org.testng.TestNG.runSuitesSequentially(TestNG.java:1212)
at org.testng.TestNG.runSuitesLocally(TestNG.java:1134)
at org.testng.TestNG.runSuites(TestNG.java:1063)
at org.testng.TestNG.run(TestNG.java:1031)
at org.testng.remote.AbstractRemoteTestNG.run(AbstractRemoteTestNG.java:115)
at org.testng.remote.RemoteTestNG.initAndRun(RemoteTestNG.java:293)
at org.testng.remote.RemoteTestNG.main(RemoteTestNG.java:91)
]]>
    </error>
  </testcase> <!-- TS001_LVM_VerifyHeaderChannelLinksTest -->
  <system-out/>
  <testcase classname="PROD.LVMSmoke_PROD" name="TS002_LVM_VerifAllLinksUnderExhibitorDirectoryTabTest" time="66.754">
    <failure message="expected [true] but found [false]" type="java.lang.AssertionError">
      <![CDATA[java.lang.AssertionError: expected [true] but found [false]
at org.testng.Assert.fail(Assert.java:99)
at org.testng.Assert.failNotEquals(Assert.java:1037)
at org.testng.Assert.assertTrue(Assert.java:45)
at org.testng.Assert.assertTrue(Assert.java:55)
at PROD.LVMSmoke_PROD.TS002_LVM_VerifAllLinksUnderExhibitorDirectoryTabTest(LVMSmoke_PROD.java:333)
at java.base/jdk.internal.reflect.DirectMethodHandleAccessor.invoke(DirectMethodHandleAccessor.java:103)
at java.base/java.lang.reflect.Method.invoke(Method.java:580)
at org.testng.internal.MethodInvocationHelper.invokeMethod(MethodInvocationHelper.java:133)
at org.testng.internal.TestInvoker.invokeMethod(TestInvoker.java:598)
at org.testng.internal.TestInvoker.invokeTestMethod(TestInvoker.java:173)
at org.testng.internal.MethodRunner.runInSequence(MethodRunner.java:46)
at org.testng.internal.TestInvoker$MethodInvocationAgent.invoke(TestInvoker.java:824)
at org.testng.internal.TestInvoker.invokeTestMethods(TestInvoker.java:146)
at org.testng.internal.TestMethodWorker.invokeTestMethods(TestMethodWorker.java:146)
at org.testng.internal.TestMethodWorker.run(TestMethodWorker.java:128)
at java.base/java.util.ArrayList.forEach(ArrayList.java:1596)
at org.testng.TestRunner.privateRun(TestRunner.java:794)
at org.testng.TestRunner.run(TestRunner.java:596)
at org.testng.SuiteRunner.runTest(SuiteRunner.java:377)
at org.testng.SuiteRunner.runSequentially(SuiteRunner.java:371)
at org.testng.SuiteRunner.privateRun(SuiteRunner.java:332)
at org.testng.SuiteRunner.run(SuiteRunner.java:276)
at org.testng.SuiteRunnerWorker.runSuite(SuiteRunnerWorker.java:53)
at org.testng.SuiteRunnerWorker.run(SuiteRunnerWorker.java:96)
at org.testng.TestNG.runSuitesSequentially(TestNG.java:1212)
at org.testng.TestNG.runSuitesLocally(TestNG.java:1134)
at org.testng.TestNG.runSuites(TestNG.java:1063)
at org.testng.TestNG.run(TestNG.java:1031)
at org.testng.remote.AbstractRemoteTestNG.run(AbstractRemoteTestNG.java:115)
at org.testng.remote.RemoteTestNG.initAndRun(RemoteTestNG.java:293)
at org.testng.remote.RemoteTestNG.main(RemoteTestNG.java:91)
]]>
    </failure>
  </testcase> <!-- TS002_LVM_VerifAllLinksUnderExhibitorDirectoryTabTest -->
  <system-out/>
  <testcase classname="PROD.LVMSmoke_PROD" name="TS003_LVM_VerifAllLinksUnderVisitTabTest" time="71.620"/>
  <system-out/>
  <testcase classname="PROD.LVMSmoke_PROD" name="TS004_LVM_VerifAllLinksUnderDiscoverTabTest" time="81.385"/>
  <system-out/>
  <testcase classname="PROD.LVMSmoke_PROD" name="TS005_LVM_VerifAllLinksUnderExhibitTabTest" time="23.520"/>
  <system-out/>
  <testcase classname="PROD.LVMSmoke_PROD" name="TS006_LVM_VerifAllLinksUnderSourceYearRoundTabTest" time="46.284"/>
  <system-out/>
  <testcase classname="PROD.LVMSmoke_PROD" name="TS007_LVM_VerifyAllSocialMediaLinksOnFooterTest" time="10.801"/>
  <system-out/>
  <testcase classname="PROD.LVMSmoke_PROD" name="TS008_LVM_VerifyGlobalSearchFunctionalityTest" time="12.108"/>
  <system-out/>
  <testcase classname="PROD.LVMSmoke_PROD" name="TS009_LVM_VerifyFooterLinksTest" time="222.378"/>
  <system-out/>
  <testcase classname="PROD.LVMSmoke_PROD" name="TS010_LVM_VerifRegisterButtonTest" time="14.744"/>
  <system-out/>
</testsuite> <!-- PROD.LVMSmoke_PROD -->
