<?xml version="1.0" encoding="UTF-8"?>
<!-- Generated by org.testng.reporters.JUnitReportReporter -->
<testsuite hostname="NILAMMA-W10" name="PROD.AmericasMartSmokeTest_PROD" tests="1" failures="0" timestamp="9 Dec 2022 09:47:15 GMT" time="445.277" errors="0">
  <testcase name="TS012_VerifyFooterLinksTest" time="445.277" classname="PROD.AmericasMartSmokeTest_PROD"/>
</testsuite> <!-- PROD.AmericasMartSmokeTest_PROD -->
