<?xml version="1.0" encoding="UTF-8"?>
<!-- Generated by org.testng.reporters.JUnitReportReporter -->
<testsuite hostname="EON-prasannsheelb" failures="0" tests="9" name="PROD.LasVegasAppSmokeTest_PROD" time="580.896" errors="0" timestamp="31 Aug 2023 04:13:41 GMT">
  <testcase classname="PROD.LasVegasAppSmokeTest_PROD" name="TS006_LVMApp_VerifyAllLinksUnderAttendTabTest" time="11.059"/>
  <testcase classname="PROD.LasVegasAppSmokeTest_PROD" name="TS015_LVMApp_MarketRecap" time="8.897"/>
  <testcase classname="PROD.LasVegasAppSmokeTest_PROD" name="TS008_LVMApp_VerifyFooterLinksTest" time="194.203"/>
  <testcase classname="PROD.LasVegasAppSmokeTest_PROD" name="TS009_LVMApp_VerifySocialMediaLinksTest" time="7.028"/>
  <testcase classname="PROD.LasVegasAppSmokeTest_PROD" name="TS001_VerifyAllHeaderChanelLinksTest" time="305.697"/>
  <testcase classname="PROD.LasVegasAppSmokeTest_PROD" name="TS007_LVMApp_VerifyAllLinksUnderExhibitTabTest" time="27.802"/>
  <testcase classname="PROD.LasVegasAppSmokeTest_PROD" name="TS004_LVMApp_VerifyAllLinksUnderAboutTabTest" time="7.657"/>
  <testcase classname="PROD.LasVegasAppSmokeTest_PROD" name="TS005_LVMApp_VerifyAllLinksUnderExhibitorsAndProductsTabTest" time="6.286"/>
  <testcase classname="PROD.LasVegasAppSmokeTest_PROD" name="TS002_LVMApp_VerifyGlobalSearchFunctionalityTest" time="12.267"/>
</testsuite> <!-- PROD.LasVegasAppSmokeTest_PROD -->
