<?xml version="1.0" encoding="UTF-8"?>
<!-- Generated by org.testng.reporters.JUnitReportReporter -->
<testsuite hostname="NILAMMA-W10" name="lasvegasmarket_PROD.GlobalSearch_ProductActions" tests="1" failures="0" timestamp="25 Jul 2022 07:01:46 GMT" time="53.002" errors="0">
  <testcase name="TS005_VerifyAddNoteOnProductDetailsPageTest" time="53.002" classname="lasvegasmarket_PROD.GlobalSearch_ProductActions"/>
</testsuite> <!-- lasvegasmarket_PROD.GlobalSearch_ProductActions -->
