<?xml version="1.0" encoding="UTF-8"?>
<!-- Generated by org.testng.reporters.JUnitReportReporter -->
<testsuite hostname="Anuppa-VD3" name="PROD.AtlantaAppSmokeTest_PROD" tests="1" failures="0" timestamp="19 Oct 2023 05:10:49 GMT" time="30.452" errors="0">
  <testcase name="TS005_ATLApp_VerifyExhibitorDirectoryTest" time="30.452" classname="PROD.AtlantaAppSmokeTest_PROD"/>
</testsuite> <!-- PROD.AtlantaAppSmokeTest_PROD -->
