<?xml version="1.0" encoding="UTF-8"?>
<!-- Generated by org.testng.reporters.JUnitReportReporter -->
<testsuite hostname="Anuppa-VD3" failures="1" tests="14" name="PROD.AtlantaAppSmokeTest_PROD" time="729.556" errors="0" timestamp="2024-11-11T10:32:40 IST" skipped="4">
  <testcase classname="PROD.AtlantaAppSmokeTest_PROD" name="TS001_ATLApp_VerifyAllLinksUnderYearRoundTabTest" time="23.363"/>
  <system-out/>
  <testcase classname="PROD.AtlantaAppSmokeTest_PROD" name="TS002_ATLApp_VerifyAllLinksUnderAttendTabTest" time="207.944"/>
  <system-out/>
  <testcase classname="PROD.AtlantaAppSmokeTest_PROD" name="TS003_ATLApp_VerifyGlobalSearchFunctionalityTest" time="20.609"/>
  <system-out/>
  <testcase classname="PROD.AtlantaAppSmokeTest_PROD" name="TS004_ATLApp_VerifyExhibitorDirectoryTest" time="35.922"/>
  <system-out/>
  <testcase classname="PROD.AtlantaAppSmokeTest_PROD" name="TS005_ATLApp_VerifyAllLinksUnderMarketsTabTest" time="122.529"/>
  <system-out/>
  <testcase classname="PROD.AtlantaAppSmokeTest_PROD" name="TS006_ATLApp_VerifyAllLinksUnderExhibitorsAndBrandsTabTest" time="25.731"/>
  <system-out/>
  <testcase classname="PROD.AtlantaAppSmokeTest_PROD" name="TS007_ATLApp_VerifySocialMediaLinksTest" time="9.274"/>
  <system-out/>
  <testcase classname="PROD.AtlantaAppSmokeTest_PROD" name="TS008_ATLApp_VerifyAllLinksUnderTheBestOfFashionTabTest" time="39.696"/>
  <system-out/>
  <testcase classname="PROD.AtlantaAppSmokeTest_PROD" name="TS009_ATLApp_VerifyAllLinksUnderExhibitTabTest" time="61.378">
    <failure message="expected [true] but found [false]" type="java.lang.AssertionError">
      <![CDATA[java.lang.AssertionError: expected [true] but found [false]
at org.testng.Assert.fail(Assert.java:99)
at org.testng.Assert.failNotEquals(Assert.java:1037)
at org.testng.Assert.assertTrue(Assert.java:45)
at org.testng.Assert.assertTrue(Assert.java:55)
at PROD.AtlantaAppSmokeTest_PROD.TS009_ATLApp_VerifyAllLinksUnderExhibitTabTest(AtlantaAppSmokeTest_PROD.java:857)
at java.base/jdk.internal.reflect.DirectMethodHandleAccessor.invoke(DirectMethodHandleAccessor.java:103)
at java.base/java.lang.reflect.Method.invoke(Method.java:580)
at org.testng.internal.MethodInvocationHelper.invokeMethod(MethodInvocationHelper.java:133)
at org.testng.internal.TestInvoker.invokeMethod(TestInvoker.java:598)
at org.testng.internal.TestInvoker.invokeTestMethod(TestInvoker.java:173)
at org.testng.internal.MethodRunner.runInSequence(MethodRunner.java:46)
at org.testng.internal.TestInvoker$MethodInvocationAgent.invoke(TestInvoker.java:824)
at org.testng.internal.TestInvoker.invokeTestMethods(TestInvoker.java:146)
at org.testng.internal.TestMethodWorker.invokeTestMethods(TestMethodWorker.java:146)
at org.testng.internal.TestMethodWorker.run(TestMethodWorker.java:128)
at java.base/java.util.ArrayList.forEach(ArrayList.java:1596)
at org.testng.TestRunner.privateRun(TestRunner.java:794)
at org.testng.TestRunner.run(TestRunner.java:596)
at org.testng.SuiteRunner.runTest(SuiteRunner.java:377)
at org.testng.SuiteRunner.runSequentially(SuiteRunner.java:371)
at org.testng.SuiteRunner.privateRun(SuiteRunner.java:332)
at org.testng.SuiteRunner.run(SuiteRunner.java:276)
at org.testng.SuiteRunnerWorker.runSuite(SuiteRunnerWorker.java:53)
at org.testng.SuiteRunnerWorker.run(SuiteRunnerWorker.java:96)
at org.testng.TestNG.runSuitesSequentially(TestNG.java:1212)
at org.testng.TestNG.runSuitesLocally(TestNG.java:1134)
at org.testng.TestNG.runSuites(TestNG.java:1063)
at org.testng.TestNG.run(TestNG.java:1031)
at org.testng.remote.AbstractRemoteTestNG.run(AbstractRemoteTestNG.java:115)
at org.testng.remote.RemoteTestNG.initAndRun(RemoteTestNG.java:293)
at org.testng.remote.RemoteTestNG.main(RemoteTestNG.java:91)
]]>
    </failure>
  </testcase> <!-- TS009_ATLApp_VerifyAllLinksUnderExhibitTabTest -->
  <system-out/>
  <testcase classname="PROD.AtlantaAppSmokeTest_PROD" name="TS010_ATLApp_VerifyFooterLinksTest" time="183.110"/>
  <system-out/>
  <testcase classname="PROD.AtlantaAppSmokeTest_PROD" name="TS014_ATLApp_VerifyMarketPlannerExhibitorPortalOptionTest">
    <skipped/>
  </testcase> <!-- TS014_ATLApp_VerifyMarketPlannerExhibitorPortalOptionTest -->
  <system-out/>
  <testcase classname="PROD.AtlantaAppSmokeTest_PROD" name="TS012_ATLApp_VerifyMarketPlannerLoginTest">
    <skipped/>
  </testcase> <!-- TS012_ATLApp_VerifyMarketPlannerLoginTest -->
  <system-out/>
  <testcase classname="PROD.AtlantaAppSmokeTest_PROD" name="TS011_ATLApp_MarketRecap">
    <skipped/>
  </testcase> <!-- TS011_ATLApp_MarketRecap -->
  <system-out/>
  <testcase classname="PROD.AtlantaAppSmokeTest_PROD" name="TS013_ATLApp_VerifyMarketPlannerProfileOptionTest">
    <skipped/>
  </testcase> <!-- TS013_ATLApp_VerifyMarketPlannerProfileOptionTest -->
  <system-out/>
</testsuite> <!-- PROD.AtlantaAppSmokeTest_PROD -->
