<?xml version="1.0" encoding="UTF-8"?>
<!-- Generated by org.testng.reporters.JUnitReportReporter -->
<testsuite hostname="NILAMMA-W10" name="PROD.AtlantaAppSmokeTest_PROD" tests="2" failures="0" timestamp="18 Jan 2023 08:21:16 GMT" time="324.604" errors="0">
  <testcase name="TS006_VerifyAllLinksUnderMarketsTabTest" time="150.804" classname="PROD.AtlantaAppSmokeTest_PROD"/>
  <testcase name="TS013_VerifyAllLinksUnderAttendTabTest" time="173.800" classname="PROD.AtlantaAppSmokeTest_PROD"/>
</testsuite> <!-- PROD.AtlantaAppSmokeTest_PROD -->
