<?xml version="1.0" encoding="UTF-8"?>
<!-- Generated by org.testng.reporters.JUnitReportReporter -->
<testsuite hostname="eon-swapnili" name="PROD.AmericasMartSmokeTest_PROD" tests="1" failures="0" timestamp="4 Sep 2023 11:09:47 GMT" time="183.520" errors="0">
  <testcase name="TS012_AMC_VerifyFooterLinksTest" time="183.520" classname="PROD.AmericasMartSmokeTest_PROD"/>
</testsuite> <!-- PROD.AmericasMartSmokeTest_PROD -->
