<?xml version="1.0" encoding="UTF-8"?>
<!-- Generated by org.testng.reporters.JUnitReportReporter -->
<testsuite hostname="NILAMMA-W10" name="lasvegasmarket.LagVegasMarketSmokeTest_PROD" tests="13" failures="0" timestamp="26 Apr 2022 08:21:46 GMT" time="1905.634" errors="0">
  <testcase name="TS006_VerifyAllLinksUnderExploreMarketTabTest" time="120.689" classname="lasvegasmarket.LagVegasMarketSmokeTest_PROD"/>
  <testcase name="TS009_VerifyExhibitorDirectoryTest" time="29.159" classname="lasvegasmarket.LagVegasMarketSmokeTest_PROD"/>
  <testcase name="TS012_VerifyHeaderChannelLinksTest" time="76.414" classname="lasvegasmarket.LagVegasMarketSmokeTest_PROD"/>
  <testcase name="TS002_VerifAllLinksUnderExhibitTabTest" time="40.805" classname="lasvegasmarket.LagVegasMarketSmokeTest_PROD"/>
  <testcase name="TS005_VerifyAllLinksUnderMarketInfoTabTest" time="202.566" classname="lasvegasmarket.LagVegasMarketSmokeTest_PROD"/>
  <testcase name="TS013_VerifyAllSocialMediaLinksOnFooterTest" time="95.579" classname="lasvegasmarket.LagVegasMarketSmokeTest_PROD"/>
  <testcase name="TS007_VerifyGlobalSearchFunctionalityTest" time="27.639" classname="lasvegasmarket.LagVegasMarketSmokeTest_PROD"/>
  <testcase name="TS001_VerifyMarketPlannerLoginTest" time="42.905" classname="lasvegasmarket.LagVegasMarketSmokeTest_PROD"/>
  <testcase name="TS011_VerifyAllLinksUnderYearRoundTabTest" time="207.311" classname="lasvegasmarket.LagVegasMarketSmokeTest_PROD"/>
  <testcase name="TS008_VerifyFooterLinksTest" time="629.791" classname="lasvegasmarket.LagVegasMarketSmokeTest_PROD"/>
  <testcase name="TS004_VerifyAllLinksUnderExhibitorsAndProductsTabTest" time="108.493" classname="lasvegasmarket.LagVegasMarketSmokeTest_PROD"/>
  <testcase name="TS010_VerifyAllLinksUnderAttendTabTest" time="298.007" classname="lasvegasmarket.LagVegasMarketSmokeTest_PROD"/>
  <testcase name="TS003_VerifyMarketPlannerProfileAndSettingsOptionTest" time="26.276" classname="lasvegasmarket.LagVegasMarketSmokeTest_PROD"/>
</testsuite> <!-- lasvegasmarket.LagVegasMarketSmokeTest_PROD -->
