<?xml version="1.0" encoding="UTF-8"?>
<!-- Generated by org.testng.reporters.JUnitReportReporter -->
<testsuite hostname="eon-swapnili" name="PROD.LasVegasAppSmokeTest_PROD" tests="9" failures="0" timestamp="6 Sep 2023 18:52:40 GMT" time="525.429" errors="0">
  <testcase name="TS001_VerifyAllHeaderChanelLinksTest" time="313.198" classname="PROD.LasVegasAppSmokeTest_PROD"/>
  <testcase name="TS004_LVMApp_VerifyAllLinksUnderAboutTabTest" time="8.021" classname="PROD.LasVegasAppSmokeTest_PROD"/>
  <testcase name="TS008_LVMApp_VerifyFooterLinksTest" time="125.879" classname="PROD.LasVegasAppSmokeTest_PROD"/>
  <testcase name="TS009_LVMApp_VerifySocialMediaLinksTest" time="7.553" classname="PROD.LasVegasAppSmokeTest_PROD"/>
  <testcase name="TS005_LVMApp_VerifyAllLinksUnderExhibitorsAndProductsTabTest" time="6.082" classname="PROD.LasVegasAppSmokeTest_PROD"/>
  <testcase name="TS007_LVMApp_VerifyAllLinksUnderExhibitTabTest" time="25.681" classname="PROD.LasVegasAppSmokeTest_PROD"/>
  <testcase name="TS015_LVMApp_MarketRecap" time="8.309" classname="PROD.LasVegasAppSmokeTest_PROD"/>
  <testcase name="TS002_LVMApp_VerifyGlobalSearchFunctionalityTest" time="11.945" classname="PROD.LasVegasAppSmokeTest_PROD"/>
  <testcase name="TS006_LVMApp_VerifyAllLinksUnderAttendTabTest" time="18.761" classname="PROD.LasVegasAppSmokeTest_PROD"/>
</testsuite> <!-- PROD.LasVegasAppSmokeTest_PROD -->
