<?xml version="1.0" encoding="UTF-8"?>
<!-- Generated by org.testng.reporters.JUnitReportReporter -->
<testsuite hostname="NILAMMA-W10" name="atlantamarket.MarketPlanner" tests="1" failures="0" timestamp="10 Jun 2022 06:51:04 GMT" time="40.549" errors="0">
  <testcase name="TS001_VerifyMarketPlannerLoginTest" time="40.549" classname="atlantamarket.MarketPlanner"/>
</testsuite> <!-- atlantamarket.MarketPlanner -->
