<?xml version="1.0" encoding="UTF-8"?>
<!-- Generated by org.testng.reporters.JUnitReportReporter -->
<testsuite hostname="shradhama-w10" name="atlantamarket.AtlantaMarketSmokeTest_UAT" tests="1" failures="0" timestamp="4 Feb 2022 12:27:49 GMT" time="256.560" errors="0">
  <testcase name="TS012_VerifyAllLinksUnderAttendTabTest" time="256.560" classname="atlantamarket.AtlantaMarketSmokeTest_UAT"/>
</testsuite> <!-- atlantamarket.AtlantaMarketSmokeTest_UAT -->
