<?xml version="1.0" encoding="UTF-8"?>
<!-- Generated by org.testng.reporters.JUnitReportReporter -->
<testsuite hostname="swapnili" name="PROD.SitecoreSmokeTest_PROD" tests="9" failures="0" timestamp="18 Jul 2022 09:26:23 GMT" time="168.079" errors="0">
  <testcase name="TS005_VerifyExhibitorEventsApprovalTest" time="18.339" classname="PROD.SitecoreSmokeTest_PROD"/>
  <testcase name="TS009_VerifyControlPanelTest" time="18.597" classname="PROD.SitecoreSmokeTest_PROD"/>
  <testcase name="TS004_VerifyShowSpecialApprovalsTest" time="18.702" classname="PROD.SitecoreSmokeTest_PROD"/>
  <testcase name="TS002_VerifyContentEditorTest" time="6.831" classname="PROD.SitecoreSmokeTest_PROD"/>
  <testcase name="TS006_VerifyIMCReportsTest" time="18.642" classname="PROD.SitecoreSmokeTest_PROD"/>
  <testcase name="TS008_VerifyEmailExperienceManagerTest" time="19.058" classname="PROD.SitecoreSmokeTest_PROD"/>
  <testcase name="TS007_VerifyTaxonomyManagerTest" time="20.783" classname="PROD.SitecoreSmokeTest_PROD"/>
  <testcase name="TS001_VerifySitecoreLoginTest" time="28.763" classname="PROD.SitecoreSmokeTest_PROD"/>
  <testcase name="TS003_VerifyDigitalAdminPanelTest" time="18.364" classname="PROD.SitecoreSmokeTest_PROD"/>
</testsuite> <!-- PROD.SitecoreSmokeTest_PROD -->
