<?xml version="1.0" encoding="UTF-8"?>
<!-- Generated by org.testng.reporters.JUnitReportReporter -->
<testsuite hostname="shradhama-win10" name="sitecore.SitecoreSmokeTest_UAT" tests="9" failures="0" timestamp="30 Mar 2022 11:19:13 GMT" time="28.078" errors="0">
  <testcase name="TS007_VerifyTaxonomyManagerTest" time="1.743" classname="sitecore.SitecoreSmokeTest_UAT"/>
  <testcase name="TS001_VerifySitecoreLoginTest" time="6.425" classname="sitecore.SitecoreSmokeTest_UAT"/>
  <testcase name="TS009_VerifyControlPanelTest" time="2.396" classname="sitecore.SitecoreSmokeTest_UAT"/>
  <testcase name="TS002_VerifyContentEditorTest" time="6.195" classname="sitecore.SitecoreSmokeTest_UAT"/>
  <testcase name="TS005_VerifyExhibitorEventsApprovalTest" time="2.267" classname="sitecore.SitecoreSmokeTest_UAT"/>
  <testcase name="TS006_VerifyIMCReportsTest" time="2.124" classname="sitecore.SitecoreSmokeTest_UAT"/>
  <testcase name="TS004_VerifyShowSpecialApprovalsTest" time="1.940" classname="sitecore.SitecoreSmokeTest_UAT"/>
  <testcase name="TS003_VerifyDigitalAdminPanelTest" time="1.800" classname="sitecore.SitecoreSmokeTest_UAT"/>
  <testcase name="TS008_VerifyEmailExperienceManagerTest" time="3.188" classname="sitecore.SitecoreSmokeTest_UAT"/>
</testsuite> <!-- sitecore.SitecoreSmokeTest_UAT -->
