<?xml version="1.0" encoding="UTF-8"?>
<!-- Generated by org.testng.reporters.JUnitReportReporter -->
<testsuite hostname="Anuppa-VD3" name="PROD.ExhibitorPortalSmokeTest_PROD" tests="8" failures="0" timestamp="5 Oct 2023 08:08:30 GMT" time="975.911" errors="0">
  <testcase name="TS004_EXP_VerifyAllLinkUnderEXPRegistrationsAndServicesTabTest" time="77.628" classname="PROD.ExhibitorPortalSmokeTest_PROD"/>
  <testcase name="TS003_EXP_VerifySettingsTabTest" time="18.878" classname="PROD.ExhibitorPortalSmokeTest_PROD"/>
  <testcase name="TS002_EXP_VerifyNotificationsTabTest" time="18.802" classname="PROD.ExhibitorPortalSmokeTest_PROD"/>
  <testcase name="TS005_EXP_VerifyAllLinkUnderEXPApplicationsAndLeasesTest" time="127.397" classname="PROD.ExhibitorPortalSmokeTest_PROD"/>
  <testcase name="TS006_EXP_VerifyAllLinkUnderYourDigiShowroomTest" time="82.968" classname="PROD.ExhibitorPortalSmokeTest_PROD"/>
  <testcase name="TS008_EXP_VerifyExhibitorPortalFooterLinksTest" time="508.190" classname="PROD.ExhibitorPortalSmokeTest_PROD"/>
  <testcase name="TS007_EXP_VerifyAllLinkUnderEXPMarketTabTest" time="34.573" classname="PROD.ExhibitorPortalSmokeTest_PROD"/>
  <testcase name="TS001_EXP_VerifyExhibitorPortalLoginTest" time="107.475" classname="PROD.ExhibitorPortalSmokeTest_PROD"/>
</testsuite> <!-- PROD.ExhibitorPortalSmokeTest_PROD -->
