<?xml version="1.0" encoding="UTF-8"?>
<!-- Generated by org.testng.reporters.JUnitReportReporter -->
<testsuite hostname="Anuppa-VD3" name="PROD.AtlantaMarketSmokeTest_PROD" tests="1" failures="0" timestamp="4 Jun 2024 10:39:43 GMT" time="269.955" errors="0">
  <testcase name="TS007_ATL_VerifyAllChannelsLinksTest" time="269.955" classname="PROD.AtlantaMarketSmokeTest_PROD"/>
</testsuite> <!-- PROD.AtlantaMarketSmokeTest_PROD -->
