<?xml version="1.0" encoding="UTF-8"?>
<!-- Generated by org.testng.reporters.JUnitReportReporter -->
<testsuite hostname="Anuppa-VD3" name="PROD.LagVegasMarketSmokeTest_PROD" tests="1" failures="0" timestamp="5 Jun 2024 04:30:32 GMT" time="376.596" errors="0">
  <testcase name="TS010_LVM_VerifyFooterLinksTest" time="376.596" classname="PROD.LagVegasMarketSmokeTest_PROD"/>
</testsuite> <!-- PROD.LagVegasMarketSmokeTest_PROD -->
