<?xml version="1.0" encoding="UTF-8"?>
<!-- Generated by org.testng.reporters.JUnitReportReporter -->
<testsuite hostname="NILAMMA-W10" name="atlantamarket.GlobalSearch_LeftPaneFilters" tests="1" failures="0" timestamp="7 Jul 2022 12:52:14 GMT" time="11.418" errors="0">
  <testcase name="TS001_VerifySelectionOfOneFilterOfProdCatgFromLeftPaneFiltersTest" time="11.418" classname="atlantamarket.GlobalSearch_LeftPaneFilters"/>
</testsuite> <!-- atlantamarket.GlobalSearch_LeftPaneFilters -->
