<?xml version="1.0" encoding="UTF-8"?>
<!-- Generated by org.testng.reporters.JUnitReportReporter -->
<testsuite hostname="shradhama-win10" name="exhibitorportal.ExhibitorPortalSmokeTest_PROD" tests="8" failures="0" timestamp="23 Mar 2022 08:48:38 GMT" time="354.357" errors="0">
  <testcase name="TS006_VerifyAllLinkUnderYourDigiShowroomTest" time="41.146" classname="exhibitorportal.ExhibitorPortalSmokeTest_PROD"/>
  <testcase name="TS003_VerifySettingsTabTest" time="11.794" classname="exhibitorportal.ExhibitorPortalSmokeTest_PROD"/>
  <testcase name="TS005_VerifyAllLinkUnderEXPApplicationsAndLeasesTest" time="23.357" classname="exhibitorportal.ExhibitorPortalSmokeTest_PROD"/>
  <testcase name="TS004_VerifyAllLinkUnderEXPRegistrationsAndServicesTabTest" time="49.982" classname="exhibitorportal.ExhibitorPortalSmokeTest_PROD"/>
  <testcase name="TS002_VerifyNotificationsTabTest" time="4.614" classname="exhibitorportal.ExhibitorPortalSmokeTest_PROD"/>
  <testcase name="TS008_VerifyExhibitorPortalFooterLinksTest" time="179.034" classname="exhibitorportal.ExhibitorPortalSmokeTest_PROD"/>
  <testcase name="TS007_VerifyAllLinkUnderEXPMarketTabTest" time="10.540" classname="exhibitorportal.ExhibitorPortalSmokeTest_PROD"/>
  <testcase name="TS001_VerifyExhibitorPortalLoginTest" time="33.890" classname="exhibitorportal.ExhibitorPortalSmokeTest_PROD"/>
</testsuite> <!-- exhibitorportal.ExhibitorPortalSmokeTest_PROD -->
