<?xml version="1.0" encoding="UTF-8"?>
<!-- Generated by org.testng.reporters.JUnitReportReporter -->
<testsuite hostname="NILAMMA-W10" name="exhibitorportal.ExhibitorPortalSmokeTest_PROD" tests="5" failures="0" timestamp="25 Apr 2022 11:39:23 GMT" time="662.278" errors="0">
  <testcase name="TS002_VerifyNotificationsTabTest" time="29.605" classname="exhibitorportal.ExhibitorPortalSmokeTest_PROD"/>
  <testcase name="TS001_VerifyExhibitorPortalLoginTest" time="122.211" classname="exhibitorportal.ExhibitorPortalSmokeTest_PROD"/>
  <testcase name="TS003_VerifySettingsTabTest" time="179.705" classname="exhibitorportal.ExhibitorPortalSmokeTest_PROD"/>
  <testcase name="TS004_VerifyAllLinkUnderEXPRegistrationsAndServicesTabTest" time="171.655" classname="exhibitorportal.ExhibitorPortalSmokeTest_PROD"/>
  <testcase name="TS005_VerifyAllLinkUnderEXPApplicationsAndLeasesTest" time="159.102" classname="exhibitorportal.ExhibitorPortalSmokeTest_PROD"/>
</testsuite> <!-- exhibitorportal.ExhibitorPortalSmokeTest_PROD -->
