<?xml version="1.0" encoding="UTF-8"?>
<!-- Generated by org.testng.reporters.JUnitReportReporter -->
<testsuite hostname="Anuppa-VD3" name="PROD.LasVegasAppSmokeTest_PROD" tests="1" failures="0" timestamp="28 Nov 2023 06:58:14 GMT" time="12.224" errors="0">
  <testcase name="TS004_LVMApp_VerifyAllLinksUnderExhibitorsAndProductsTabTest" time="12.224" classname="PROD.LasVegasAppSmokeTest_PROD"/>
</testsuite> <!-- PROD.LasVegasAppSmokeTest_PROD -->
