<?xml version="1.0" encoding="UTF-8"?>
<!-- Generated by org.testng.reporters.JUnitReportReporter -->
<testsuite hostname="Anuppa-VD3" name="PROD.AtlantaMarketSmokeTest_PROD" tests="10" failures="1" timestamp="18 Oct 2023 13:22:49 GMT" time="1094.987" errors="0">
  <testcase name="TS011_ATL_VerifyFooterLinksTest" time="158.492" classname="PROD.AtlantaMarketSmokeTest_PROD">
    <failure type="org.openqa.selenium.TimeoutException" message="Expected condition failed: waiting for element to be clickable: By.xpath: //a[@data-xpath=&#039;breadcrumb.link&#039;] (tried for 30 second(s) with 500 MILLISECONDS interval)">
      <![CDATA[org.openqa.selenium.TimeoutException: Expected condition failed: waiting for element to be clickable: By.xpath: //a[@data-xpath='breadcrumb.link'] (tried for 30 second(s) with 500 MILLISECONDS interval)
	at org.openqa.selenium.support.ui.WebDriverWait.timeoutException(WebDriverWait.java:80)
	at org.openqa.selenium.support.ui.FluentWait.until(FluentWait.java:232)
	at pageObjects.LasVegasMarket.UXPExhibitorsAndProductsTabPage.getVerifyBreadcrumb(UXPExhibitorsAndProductsTabPage.java:128)
	at PROD.AtlantaMarketSmokeTest_PROD.TS011_ATL_VerifyFooterLinksTest(AtlantaMarketSmokeTest_PROD.java:725)
	at sun.reflect.NativeMethodAccessorImpl.invoke0(Native Method)
	at sun.reflect.NativeMethodAccessorImpl.invoke(Unknown Source)
	at sun.reflect.DelegatingMethodAccessorImpl.invoke(Unknown Source)
	at java.lang.reflect.Method.invoke(Unknown Source)
	at org.testng.internal.MethodInvocationHelper.invokeMethod(MethodInvocationHelper.java:80)
	at org.testng.internal.Invoker.invokeMethod(Invoker.java:714)
	at org.testng.internal.Invoker.invokeTestMethod(Invoker.java:901)
	at org.testng.internal.Invoker.invokeTestMethods(Invoker.java:1231)
	at org.testng.internal.TestMethodWorker.invokeTestMethods(TestMethodWorker.java:127)
	at org.testng.internal.TestMethodWorker.run(TestMethodWorker.java:111)
	at java.util.concurrent.ThreadPoolExecutor.runWorker(Unknown Source)
	at java.util.concurrent.ThreadPoolExecutor$Worker.run(Unknown Source)
	at java.lang.Thread.run(Unknown Source)
Caused by: org.openqa.selenium.NoSuchElementException: Cannot locate an element using By.xpath: //a[@data-xpath='breadcrumb.link']
For documentation on this error, please visit: http://seleniumhq.org/exceptions/no_such_element.html
Build info: version: '3.4.0', revision: 'unknown', time: 'unknown'
System info: host: 'ANUPPA-VD3', ip: '172.27.182.66', os.name: 'Windows 10', os.arch: 'amd64', os.version: '10.0', java.version: '1.8.0_381'
Driver info: driver.version: unknown
	at org.openqa.selenium.support.ui.ExpectedConditions.lambda$findElement$0(ExpectedConditions.java:883)
	at java.util.Optional.orElseThrow(Unknown Source)
	at org.openqa.selenium.support.ui.ExpectedConditions.findElement(ExpectedConditions.java:882)
	at org.openqa.selenium.support.ui.ExpectedConditions.access$000(ExpectedConditions.java:44)
	at org.openqa.selenium.support.ui.ExpectedConditions$7.apply(ExpectedConditions.java:206)
	at org.openqa.selenium.support.ui.ExpectedConditions$7.apply(ExpectedConditions.java:202)
	at org.openqa.selenium.support.ui.ExpectedConditions$22.apply(ExpectedConditions.java:644)
	at org.openqa.selenium.support.ui.ExpectedConditions$22.apply(ExpectedConditions.java:641)
	at org.openqa.selenium.support.ui.FluentWait.until(FluentWait.java:209)
	... 15 more
]]>
    </failure>
  </testcase> <!-- TS011_ATL_VerifyFooterLinksTest -->
  <testcase name="TS004_ATL_VerifyAllLinksUnderMarketInfoTabTest" time="51.832" classname="PROD.AtlantaMarketSmokeTest_PROD"/>
  <testcase name="TS005_ATL_VerifyAllLinksUnderExhibitorsAndProductsTabTest" time="15.113" classname="PROD.AtlantaMarketSmokeTest_PROD"/>
  <testcase name="TS008_ATL_VerifyAllSocialMediaLinksOnFooterTest" time="118.053" classname="PROD.AtlantaMarketSmokeTest_PROD"/>
  <testcase name="TS009_ATL_VerifyAllLinksUnderAttendTabTest" time="168.380" classname="PROD.AtlantaMarketSmokeTest_PROD"/>
  <testcase name="TS006_ATL_VerifyAllNewsAndTrendsMenuTest" time="68.513" classname="PROD.AtlantaMarketSmokeTest_PROD"/>
  <testcase name="TS010_ATL_VerifAllLinksUnderExhibitTabTest" time="73.983" classname="PROD.AtlantaMarketSmokeTest_PROD"/>
  <testcase name="TS003_ATL_VerifyExhibitorDirectoryTest" time="29.783" classname="PROD.AtlantaMarketSmokeTest_PROD"/>
  <testcase name="TS007_ATL_VerifyAllChannelsLinksTest" time="385.915" classname="PROD.AtlantaMarketSmokeTest_PROD"/>
  <testcase name="TS002_ATL_VerifyGlobalSearchFunctionalityTest" time="24.923" classname="PROD.AtlantaMarketSmokeTest_PROD"/>
</testsuite> <!-- PROD.AtlantaMarketSmokeTest_PROD -->
