<?xml version="1.0" encoding="UTF-8"?>
<!-- Generated by org.testng.reporters.JUnitReportReporter -->
<testsuite hostname="shradhama-w10" name="lasvegasmarket.LagVegasMarketSmokeTest_UAT" tests="2" failures="0" timestamp="17 Jan 2022 08:51:40 GMT" time="191.346" errors="0">
  <testcase name="TS010_VerifyAllLinksUnderAttendTabTest" time="106.306" classname="lasvegasmarket.LagVegasMarketSmokeTest_UAT"/>
  <testcase name="TS011_VerifyAllLinksUnderYearRoundTabTest" time="85.040" classname="lasvegasmarket.LagVegasMarketSmokeTest_UAT"/>
</testsuite> <!-- lasvegasmarket.LagVegasMarketSmokeTest_UAT -->
