<?xml version="1.0" encoding="UTF-8"?>
<!-- Generated by org.testng.reporters.JUnitReportReporter -->
<testsuite hostname="NILAMMA-W10" name="americasmart.ExhibitorPortalSmokeTest_PROD" tests="2" failures="0" timestamp="11 May 2022 07:55:37 GMT" time="87.301" errors="0">
  <testcase name="TS006_VerifyAllLinkUnderYourDigiShowroomTest" time="46.708" classname="americasmart.ExhibitorPortalSmokeTest_PROD"/>
  <testcase name="TS001_VerifyExhibitorPortalLoginTest" time="40.593" classname="americasmart.ExhibitorPortalSmokeTest_PROD"/>
</testsuite> <!-- americasmart.ExhibitorPortalSmokeTest_PROD -->
