<?xml version="1.0" encoding="UTF-8"?>
<!-- Generated by org.testng.reporters.JUnitReportReporter -->
<testsuite hostname="Anuppa-VD3" name="PROD.AmericasMartSmokeTest_PROD" tests="9" failures="0" timestamp="28 Nov 2023 07:25:09 GMT" time="1042.332" errors="0">
  <testcase name="TS004_AMC_VerifyGlobalSearchFunctionalityTest" time="57.804" classname="PROD.AmericasMartSmokeTest_PROD"/>
  <testcase name="TS007_AMC_VerifyAllLinksUnderOpenYearRoundTest" time="108.695" classname="PROD.AmericasMartSmokeTest_PROD"/>
  <testcase name="TS008_AMC_VerifyExhibitorDirectoryTest" time="30.581" classname="PROD.AmericasMartSmokeTest_PROD"/>
  <testcase name="TS003_AMC_VerifyAllLinksUnderMarketsAndEventsTabTest" time="249.268" classname="PROD.AmericasMartSmokeTest_PROD"/>
  <testcase name="TS005_AMC_VerifyAllLinksUnderAboutTabTest" time="99.303" classname="PROD.AmericasMartSmokeTest_PROD"/>
  <testcase name="TS002_AMC_VerifyAllSocialMediaLinksOnFooterTest" time="44.294" classname="PROD.AmericasMartSmokeTest_PROD"/>
  <testcase name="TS006_AMC_VerifyAllLinksUnderExhibitTest" time="53.559" classname="PROD.AmericasMartSmokeTest_PROD"/>
  <testcase name="TS009_AMC_VerifyFooterLinksTest" time="103.626" classname="PROD.AmericasMartSmokeTest_PROD"/>
  <testcase name="TS001_AMC_VerifyAllHeaderChanelLinksTest" time="295.202" classname="PROD.AmericasMartSmokeTest_PROD"/>
</testsuite> <!-- PROD.AmericasMartSmokeTest_PROD -->
