<?xml version="1.0" encoding="UTF-8"?>
<!-- Generated by org.testng.reporters.JUnitReportReporter -->
<testsuite hostname="Anuppa-VD3" name="PROD.AtlantaAppSmokeTest_PROD" tests="1" failures="0" timestamp="12 Jun 2023 10:27:42 GMT" time="139.705" errors="0">
  <testcase name="TS012_ATLApp_VerifyFooterLinksTest" time="139.705" classname="PROD.AtlantaAppSmokeTest_PROD"/>
</testsuite> <!-- PROD.AtlantaAppSmokeTest_PROD -->
