<?xml version="1.0" encoding="UTF-8"?>
<!-- Generated by org.testng.reporters.JUnitReportReporter -->
<testsuite hostname="shradhama-w10" name="lasvegasmarket.LagVegasMarketSmokeTest" tests="1" failures="0" timestamp="12 Jan 2022 12:46:02 GMT" time="21.250" errors="0">
  <testcase name="TS009_VerifyExhibitorDirectoryTest" time="21.250" classname="lasvegasmarket.LagVegasMarketSmokeTest"/>
</testsuite> <!-- lasvegasmarket.LagVegasMarketSmokeTest -->
