<?xml version="1.0" encoding="UTF-8"?>
<!-- Generated by org.testng.reporters.JUnitReportReporter -->
<testsuite hostname="NILAMMA-W10" name="atlantamarket.AtlantaMarketSmokeTest_PROD" tests="13" failures="0" timestamp="9 Mar 2022 08:04:52 GMT" time="1670.871" errors="0">
  <testcase name="TS009_VerifyAllChannelsLinksTest" time="168.353" classname="atlantamarket.AtlantaMarketSmokeTest_PROD"/>
  <testcase name="TS010_VerifyAllSocialMediaLinksOnFooterTest" time="157.595" classname="atlantamarket.AtlantaMarketSmokeTest_PROD"/>
  <testcase name="TS011_VerifyFooterLinksTest" time="580.593" classname="atlantamarket.AtlantaMarketSmokeTest_PROD"/>
  <testcase name="TS004_VerifyMarketPlannerRegistrationsOptionTest" time="24.908" classname="atlantamarket.AtlantaMarketSmokeTest_PROD"/>
  <testcase name="TS008_VerifAllLinksUnderExhibitTabTest" time="109.435" classname="atlantamarket.AtlantaMarketSmokeTest_PROD"/>
  <testcase name="TS012_VerifyAllLinksUnderAttendTabTest" time="221.416" classname="atlantamarket.AtlantaMarketSmokeTest_PROD"/>
  <testcase name="TS005_VerifyExhibitorDirectoryTest" time="25.958" classname="atlantamarket.AtlantaMarketSmokeTest_PROD"/>
  <testcase name="TS003_VerifyGlobalSearchFunctionalityTest" time="18.282" classname="atlantamarket.AtlantaMarketSmokeTest_PROD"/>
  <testcase name="TS001_VerifyMarketPlannerLoginTest" time="47.982" classname="atlantamarket.AtlantaMarketSmokeTest_PROD"/>
  <testcase name="TS007_VerifyAllLinksUnderExhibitorsAndProductsTabTest" time="84.019" classname="atlantamarket.AtlantaMarketSmokeTest_PROD"/>
  <testcase name="TS013_VerifyAllNewsAndTrendsMenuTest" time="115.481" classname="atlantamarket.AtlantaMarketSmokeTest_PROD"/>
  <testcase name="TS006_VerifyAllLinksUnderMarketInfoTabTest" time="102.303" classname="atlantamarket.AtlantaMarketSmokeTest_PROD"/>
  <testcase name="TS002_VerifyMarketPlannerProfileAndSettingsOptionTest" time="14.546" classname="atlantamarket.AtlantaMarketSmokeTest_PROD"/>
</testsuite> <!-- atlantamarket.AtlantaMarketSmokeTest_PROD -->
