<?xml version="1.0" encoding="UTF-8"?>
<!-- Generated by org.testng.reporters.JUnitReportReporter -->
<testsuite hostname="NILAMMA-W10" name="atlantamarket.AtlantaMarketSmokeTest_PROD" tests="1" failures="0" timestamp="17 Feb 2022 10:27:30 GMT" time="73.363" errors="0">
  <testcase name="TS013_VerifyAllNewsAndTrendsMenuTest" time="73.363" classname="atlantamarket.AtlantaMarketSmokeTest_PROD"/>
</testsuite> <!-- atlantamarket.AtlantaMarketSmokeTest_PROD -->
