<?xml version="1.0" encoding="UTF-8"?>
<!-- Generated by org.testng.reporters.JUnitReportReporter -->
<testsuite hostname="swapnili" name="PROD.AtlantaMarketSmokeTest_PROD" tests="1" failures="0" timestamp="25 Jul 2022 13:34:29 GMT" time="533.504" errors="0">
  <testcase name="TS011_VerifyFooterLinksTest" time="533.504" classname="PROD.AtlantaMarketSmokeTest_PROD"/>
</testsuite> <!-- PROD.AtlantaMarketSmokeTest_PROD -->
