<?xml version="1.0" encoding="UTF-8"?>
<!-- Generated by org.testng.reporters.JUnitReportReporter -->
<testsuite hostname="swapnili" name="atlantamarket.AtlantaMarketSmokeTest_UAT" tests="1" failures="0" timestamp="4 Feb 2022 07:42:19 GMT" time="50.895" errors="0">
  <testcase name="TS011_VerifyAllNewsAndTrendsMenuTest" time="50.895" classname="atlantamarket.AtlantaMarketSmokeTest_UAT"/>
</testsuite> <!-- atlantamarket.AtlantaMarketSmokeTest_UAT -->
