<?xml version="1.0" encoding="UTF-8"?>
<!-- Generated by org.testng.reporters.JUnitReportReporter -->
<testsuite hostname="Anuppa-VD3" name="PROD.LasVegasAppSmokeTest_PROD" tests="1" failures="0" timestamp="28 Aug 2024 03:55:32 GMT" time="307.767" errors="0">
  <testcase name="TS001_LVMApp_VerifyAllHeaderChanelLinksTest" time="307.767" classname="PROD.LasVegasAppSmokeTest_PROD"/>
</testsuite> <!-- PROD.LasVegasAppSmokeTest_PROD -->
