<?xml version="1.0" encoding="UTF-8"?>
<!-- Generated by org.testng.reporters.JUnitReportReporter -->
<testsuite hostname="NILAMMA-W10" name="PROD.SitecoreSmokeTest_PROD" tests="9" failures="0" timestamp="7 Sep 2022 07:25:39 GMT" time="74.494" errors="0">
  <testcase name="TS005_VerifyExhibitorEventsApprovalTest" time="4.408" classname="PROD.SitecoreSmokeTest_PROD"/>
  <testcase name="TS008_VerifyEmailExperienceManagerTest" time="6.762" classname="PROD.SitecoreSmokeTest_PROD"/>
  <testcase name="TS001_VerifySitecoreLoginTest" time="27.911" classname="PROD.SitecoreSmokeTest_PROD"/>
  <testcase name="TS003_VerifyControlPanelTest" time="5.767" classname="PROD.SitecoreSmokeTest_PROD"/>
  <testcase name="TS007_VerifyTaxonomyManagerTest" time="4.830" classname="PROD.SitecoreSmokeTest_PROD"/>
  <testcase name="TS002_VerifyContentEditorTest" time="9.893" classname="PROD.SitecoreSmokeTest_PROD"/>
  <testcase name="TS009_VerifyDigitalAdminPanelTest" time="5.342" classname="PROD.SitecoreSmokeTest_PROD"/>
  <testcase name="TS006_VerifyIMCReportsTest" time="4.672" classname="PROD.SitecoreSmokeTest_PROD"/>
  <testcase name="TS004_VerifyShowSpecialApprovalsTest" time="4.909" classname="PROD.SitecoreSmokeTest_PROD"/>
</testsuite> <!-- PROD.SitecoreSmokeTest_PROD -->
