<?xml version="1.0" encoding="UTF-8"?>
<!-- Generated by org.testng.reporters.JUnitReportReporter -->
<testsuite hostname="shradhama-w10" name="americasmart.AmericasMartSmokeTest_UAT" tests="1" failures="0" timestamp="11 Feb 2022 16:05:57 GMT" time="66.654" errors="0">
  <testcase name="T005_VerifyAllHeaderChanelLinksTest" time="66.654" classname="americasmart.AmericasMartSmokeTest_UAT"/>
</testsuite> <!-- americasmart.AmericasMartSmokeTest_UAT -->
