<?xml version="1.0" encoding="UTF-8"?>
<!-- Generated by org.testng.reporters.JUnitReportReporter -->
<testsuite hostname="NILAMMA-W10" name="americasmart.AmericasMartSmokeTest_PROD" tests="12" failures="0" timestamp="23 Feb 2022 09:13:24 GMT" time="1507.290" errors="0">
  <testcase name="TS005_VerifyAllLinksUnderAboutTabTest" time="155.413" classname="americasmart.AmericasMartSmokeTest_PROD"/>
  <testcase name="TS012_VerifyAllSocialMediaLinksOnFooterTest" time="82.087" classname="americasmart.AmericasMartSmokeTest_PROD"/>
  <testcase name="TS006_VerifyAllHeaderChanelLinksTest" time="177.838" classname="americasmart.AmericasMartSmokeTest_PROD"/>
  <testcase name="TS004_VerifyAllLinksUnderExhibitTest" time="59.149" classname="americasmart.AmericasMartSmokeTest_PROD"/>
  <testcase name="TS001_VerifyMarketPlannerLoginTest" time="48.056" classname="americasmart.AmericasMartSmokeTest_PROD"/>
  <testcase name="TS007_VerifyAllLinksUnderMarketsAndEventsTabTest" time="200.887" classname="americasmart.AmericasMartSmokeTest_PROD"/>
  <testcase name="TS011_VerifyExhibitorDirectoryTest" time="85.840" classname="americasmart.AmericasMartSmokeTest_PROD"/>
  <testcase name="TS009_VerifyGlobalSearchFunctionalityTest" time="23.443" classname="americasmart.AmericasMartSmokeTest_PROD"/>
  <testcase name="TS010_VerifyAllLinksUnderOpenYearRoundTest" time="105.659" classname="americasmart.AmericasMartSmokeTest_PROD"/>
  <testcase name="TS008_VerifyFooterLinksTest" time="533.564" classname="americasmart.AmericasMartSmokeTest_PROD"/>
  <testcase name="TS003_VerifyMarketPlannerExhibitorPortalOptionTest" time="23.053" classname="americasmart.AmericasMartSmokeTest_PROD"/>
  <testcase name="TS002_VerifyMarketPlannerProfileAndSettingsOptionTest" time="12.301" classname="americasmart.AmericasMartSmokeTest_PROD"/>
</testsuite> <!-- americasmart.AmericasMartSmokeTest_PROD -->
