<?xml version="1.0" encoding="UTF-8"?>
<!-- Generated by org.testng.reporters.JUnitReportReporter -->
<testsuite hostname="Anuppa-VD3" name="PROD.AmericasMartSmokeTest_PROD" tests="9" failures="0" timestamp="26 Oct 2023 08:04:52 GMT" time="1307.484" errors="0">
  <testcase name="TS004_AMC_VerifyGlobalSearchFunctionalityTest" time="55.721" classname="PROD.AmericasMartSmokeTest_PROD"/>
  <testcase name="TS007_AMC_VerifyAllLinksUnderOpenYearRoundTest" time="121.050" classname="PROD.AmericasMartSmokeTest_PROD"/>
  <testcase name="TS003_AMC_VerifyAllLinksUnderMarketsAndEventsTabTest" time="333.579" classname="PROD.AmericasMartSmokeTest_PROD"/>
  <testcase name="TS009_AMC_VerifyFooterLinksTest" time="108.514" classname="PROD.AmericasMartSmokeTest_PROD"/>
  <testcase name="TS005_AMC_VerifyAllLinksUnderAboutTabTest" time="99.437" classname="PROD.AmericasMartSmokeTest_PROD"/>
  <testcase name="TS002_AMC_VerifyAllSocialMediaLinksOnFooterTest" time="50.196" classname="PROD.AmericasMartSmokeTest_PROD"/>
  <testcase name="TS006_AMC_VerifyAllLinksUnderExhibitTest" time="77.372" classname="PROD.AmericasMartSmokeTest_PROD"/>
  <testcase name="TS001_AMC_VerifyAllHeaderChanelLinksTest" time="433.294" classname="PROD.AmericasMartSmokeTest_PROD"/>
  <testcase name="TS008_AMC_VerifyExhibitorDirectoryTest" time="28.321" classname="PROD.AmericasMartSmokeTest_PROD"/>
</testsuite> <!-- PROD.AmericasMartSmokeTest_PROD -->
