<?xml version="1.0" encoding="UTF-8"?>
<!-- Generated by org.testng.reporters.JUnitReportReporter -->
<testsuite hostname="Anuppa-VD3" name="PROD.AtlantaAppSmokeTest_PROD" tests="11" failures="0" timestamp="5 Oct 2023 08:08:30 GMT" time="993.361" errors="0">
  <testcase name="TS001_ATLApp_VerifyAllLinksUnderYearRoundTabTest" time="123.816" classname="PROD.AtlantaAppSmokeTest_PROD"/>
  <testcase name="TS002_ATLApp_MarketRecap" time="11.350" classname="PROD.AtlantaAppSmokeTest_PROD"/>
  <testcase name="TS009_ATLApp_VerifyAllLinksUnderTheBestOfFashionTabTest" time="36.003" classname="PROD.AtlantaAppSmokeTest_PROD"/>
  <testcase name="TS005_ATLApp_VerifyExhibitorDirectoryTest" time="76.310" classname="PROD.AtlantaAppSmokeTest_PROD"/>
  <testcase name="TS004_ATLApp_VerifyGlobalSearchFunctionalityTest" time="93.932" classname="PROD.AtlantaAppSmokeTest_PROD"/>
  <testcase name="TS003_ATLApp_VerifyAllLinksUnderAttendTabTest" time="268.581" classname="PROD.AtlantaAppSmokeTest_PROD"/>
  <testcase name="TS006_ATLApp_VerifyAllLinksUnderMarketsTabTest" time="107.820" classname="PROD.AtlantaAppSmokeTest_PROD"/>
  <testcase name="TS011_ATLApp_VerifyFooterLinksTest" time="164.181" classname="PROD.AtlantaAppSmokeTest_PROD"/>
  <testcase name="TS007_ATLApp_VerifyAllLinksUnderExhibitorsAndBrandsTabTest" time="34.317" classname="PROD.AtlantaAppSmokeTest_PROD"/>
  <testcase name="TS008_ATLApp_VerifySocialMediaLinksTest" time="15.178" classname="PROD.AtlantaAppSmokeTest_PROD"/>
  <testcase name="TS010_ATLApp_VerifyAllLinksUnderExhibitTabTest" time="61.873" classname="PROD.AtlantaAppSmokeTest_PROD"/>
</testsuite> <!-- PROD.AtlantaAppSmokeTest_PROD -->
