<?xml version="1.0" encoding="UTF-8"?>
<!-- Generated by org.testng.reporters.JUnitReportReporter -->
<testsuite hostname="Anuppa-VD3" name="PROD.LagVegasMarketSmokeTest_PROD" tests="12" failures="0" timestamp="1 Aug 2023 07:49:52 GMT" time="1266.683" errors="0">
  <testcase name="TS014_LVM_PlanYourMarkett" time="7.370" classname="PROD.LagVegasMarketSmokeTest_PROD"/>
  <testcase name="TS012_LVM_VerifyAllSocialMediaLinksOnFooterTest" time="6.213" classname="PROD.LagVegasMarketSmokeTest_PROD"/>
  <testcase name="TS006_LVM_VerifyHeaderChannelLinksTest" time="231.120" classname="PROD.LagVegasMarketSmokeTest_PROD"/>
  <testcase name="TS008_LVM_VerifyFooterLinksTest" time="688.243" classname="PROD.LagVegasMarketSmokeTest_PROD"/>
  <testcase name="TS013_LVM_VerifyAllLinksUnderExploreMarketTabTest" time="38.645" classname="PROD.LagVegasMarketSmokeTest_PROD"/>
  <testcase name="TS005_LVM_VerifyAllLinksUnderMarketInfoTabTest" time="47.787" classname="PROD.LagVegasMarketSmokeTest_PROD"/>
  <testcase name="TS004_LVM_VerifyAllLinksUnderExhibitorsAndProductsTabTest" time="34.304" classname="PROD.LagVegasMarketSmokeTest_PROD"/>
  <testcase name="TS009_LVM_VerifyExhibitorDirectoryTest" time="15.964" classname="PROD.LagVegasMarketSmokeTest_PROD"/>
  <testcase name="TS011_LVM_VerifyAllLinksUnderYearRoundTabTest" time="8.182" classname="PROD.LagVegasMarketSmokeTest_PROD"/>
  <testcase name="TS002_LVM_VerifAllLinksUnderExhibitTabTest" time="11.606" classname="PROD.LagVegasMarketSmokeTest_PROD"/>
  <testcase name="TS007_LVM_VerifyAllLinksUnderAttendTabTest" time="173.147" classname="PROD.LagVegasMarketSmokeTest_PROD"/>
  <testcase name="TS010_LVM_VerifyGlobalSearchFunctionalityTest" time="4.102" classname="PROD.LagVegasMarketSmokeTest_PROD"/>
</testsuite> <!-- PROD.LagVegasMarketSmokeTest_PROD -->
