<?xml version="1.0" encoding="UTF-8"?>
<!-- Generated by org.testng.reporters.JUnitReportReporter -->
<testsuite hostname="NILAMMA-W10" name="atlantaapparel.AtalntaAppSmokeTest_UAT" tests="13" failures="0" timestamp="17 Mar 2022 07:29:45 GMT" time="1580.244" errors="0">
  <testcase name="TS009_VerifyAllLinksUnderFashionGalleryTabTest" time="140.315" classname="atlantaapparel.AtalntaAppSmokeTest_UAT"/>
  <testcase name="TS004_VerifyGlobalSearchFunctionalityTest" time="59.180" classname="atlantaapparel.AtalntaAppSmokeTest_UAT"/>
  <testcase name="TS005_VerifyExhibitorDirectoryTest" time="74.110" classname="atlantaapparel.AtalntaAppSmokeTest_UAT"/>
  <testcase name="TS012_VerifyFooterLinksTest" time="231.427" classname="atlantaapparel.AtalntaAppSmokeTest_UAT"/>
  <testcase name="TS008_VerifyAllLinksUnderAttendTabTest" time="316.673" classname="atlantaapparel.AtalntaAppSmokeTest_UAT"/>
  <testcase name="TS007_VerifyAllLinksUnderExhibitorsAndBrandsTabTest" time="44.955" classname="atlantaapparel.AtalntaAppSmokeTest_UAT"/>
  <testcase name="TS013_VerifySocialMediaLinksTest" time="120.522" classname="atlantaapparel.AtalntaAppSmokeTest_UAT"/>
  <testcase name="TS003_VerifyMarketPlannerExhibitorPortalOptionTest" time="31.872" classname="atlantaapparel.AtalntaAppSmokeTest_UAT"/>
  <testcase name="TS010_VerifyAllLinksUnderExhibitTabTest" time="224.004" classname="atlantaapparel.AtalntaAppSmokeTest_UAT"/>
  <testcase name="TS001_VerifyMarketPlannerLoginTest" time="65.963" classname="atlantaapparel.AtalntaAppSmokeTest_UAT"/>
  <testcase name="TS011_VerifyAllLinksUnderYearRoundTabTest" time="61.123" classname="atlantaapparel.AtalntaAppSmokeTest_UAT"/>
  <testcase name="TS002_VerifyMarketPlannerProfileOptionTest" time="27.413" classname="atlantaapparel.AtalntaAppSmokeTest_UAT"/>
  <testcase name="TS006_VerifyAllLinksUnderMarketsTabTest" time="182.687" classname="atlantaapparel.AtalntaAppSmokeTest_UAT"/>
</testsuite> <!-- atlantaapparel.AtalntaAppSmokeTest_UAT -->
