<?xml version="1.0" encoding="UTF-8"?>
<!-- Generated by org.testng.reporters.JUnitReportReporter -->
<testsuite hostname="Anuppa-VD3" name="PROD.AmericasMartSmokeTest_PROD" tests="1" failures="0" timestamp="29 May 2024 05:45:06 GMT" time="335.567" errors="0">
  <testcase name="TS001_AMC_VerifyAllHeaderChanelLinksTest" time="335.567" classname="PROD.AmericasMartSmokeTest_PROD"/>
</testsuite> <!-- PROD.AmericasMartSmokeTest_PROD -->
