<?xml version="1.0" encoding="UTF-8"?>
<!-- Generated by org.testng.reporters.JUnitReportReporter -->
<testsuite hostname="Anuppa-VD3" name="PROD.AtlantaAppSmokeTest_PROD" tests="1" failures="0" timestamp="1 Sep 2023 14:32:28 GMT" time="123.954" errors="0">
  <testcase name="TS013_ATLApp_VerifyAllLinksUnderAttendTabTest" time="123.954" classname="PROD.AtlantaAppSmokeTest_PROD"/>
</testsuite> <!-- PROD.AtlantaAppSmokeTest_PROD -->
