<?xml version="1.0" encoding="UTF-8"?>
<!-- Generated by org.testng.reporters.JUnitReportReporter -->
<testsuite hostname="NILAMMA-W10" name="atlantaapparel.AtlantaAppSmokeTest_PROD" tests="13" failures="0" timestamp="5 May 2022 07:24:58 GMT" time="1330.359" errors="0">
  <testcase name="TS013_VerifySocialMediaLinksTest" time="15.105" classname="atlantaapparel.AtlantaAppSmokeTest_PROD"/>
  <testcase name="TS010_VerifyAllLinksUnderExhibitTabTest" time="159.010" classname="atlantaapparel.AtlantaAppSmokeTest_PROD"/>
  <testcase name="TS006_VerifyAllLinksUnderMarketsTabTest" time="183.850" classname="atlantaapparel.AtlantaAppSmokeTest_PROD"/>
  <testcase name="TS003_VerifyMarketPlannerExhibitorPortalOptionTest" time="51.625" classname="atlantaapparel.AtlantaAppSmokeTest_PROD"/>
  <testcase name="TS012_VerifyFooterLinksTest" time="321.453" classname="atlantaapparel.AtlantaAppSmokeTest_PROD"/>
  <testcase name="TS005_VerifyExhibitorDirectoryTest" time="82.346" classname="atlantaapparel.AtlantaAppSmokeTest_PROD"/>
  <testcase name="TS007_VerifyAllLinksUnderExhibitorsAndBrandsTabTest" time="32.418" classname="atlantaapparel.AtlantaAppSmokeTest_PROD"/>
  <testcase name="TS001_VerifyMarketPlannerLoginTest" time="33.755" classname="atlantaapparel.AtlantaAppSmokeTest_PROD"/>
  <testcase name="TS009_VerifyAllLinksUnderFashionGalleryTabTest" time="116.840" classname="atlantaapparel.AtlantaAppSmokeTest_PROD"/>
  <testcase name="TS002_VerifyMarketPlannerProfileOptionTest" time="27.997" classname="atlantaapparel.AtlantaAppSmokeTest_PROD"/>
  <testcase name="TS008_VerifyAllLinksUnderAttendTabTest" time="205.203" classname="atlantaapparel.AtlantaAppSmokeTest_PROD"/>
  <testcase name="TS011_VerifyAllLinksUnderYearRoundTabTest" time="57.349" classname="atlantaapparel.AtlantaAppSmokeTest_PROD"/>
  <testcase name="TS004_VerifyGlobalSearchFunctionalityTest" time="43.408" classname="atlantaapparel.AtlantaAppSmokeTest_PROD"/>
</testsuite> <!-- atlantaapparel.AtlantaAppSmokeTest_PROD -->
