<?xml version="1.0" encoding="UTF-8"?>
<!-- Generated by org.testng.reporters.JUnitReportReporter -->
<testsuite hostname="eon-swapnili" name="PROD.LagVegasMarketSmokeTest_PROD" tests="1" failures="0" timestamp="4 Sep 2023 10:56:13 GMT" time="691.705" errors="0">
  <testcase name="TS008_LVM_VerifyFooterLinksTest" time="691.705" classname="PROD.LagVegasMarketSmokeTest_PROD"/>
</testsuite> <!-- PROD.LagVegasMarketSmokeTest_PROD -->
