<?xml version="1.0" encoding="UTF-8"?>
<!-- Generated by org.testng.reporters.JUnitReportReporter -->
<testsuite hostname="eon-swapnili" name="PROD.AtlantaMarketSmokeTest_PROD" tests="1" failures="0" timestamp="6 Sep 2023 18:10:05 GMT" time="121.702" errors="0">
  <testcase name="TS011_ATL_VerifyFooterLinksTest" time="121.702" classname="PROD.AtlantaMarketSmokeTest_PROD"/>
</testsuite> <!-- PROD.AtlantaMarketSmokeTest_PROD -->
