<?xml version="1.0" encoding="UTF-8"?>
<!-- Generated by org.testng.reporters.JUnitReportReporter -->
<testsuite hostname="Anuppa-VD3" name="PROD.AmericasMartSmokeTest_PROD" tests="1" failures="0" timestamp="10 May 2023 11:19:26 GMT" time="146.154" errors="0">
  <testcase name="TS012_AMC_VerifyFooterLinksTest" time="146.154" classname="PROD.AmericasMartSmokeTest_PROD"/>
</testsuite> <!-- PROD.AmericasMartSmokeTest_PROD -->
