<?xml version="1.0" encoding="UTF-8"?>
<!-- Generated by org.testng.reporters.JUnitReportReporter -->
<<<<<<< HEAD
<testsuite hostname="swapnili" name="atlantamarket.AtlantaMarketSmokeTest_UAT" tests="1" failures="0" timestamp="4 Feb 2022 07:42:19 GMT" time="50.895" errors="0">
  <testcase name="TS011_VerifyAllNewsAndTrendsMenuTest" time="50.895" classname="atlantamarket.AtlantaMarketSmokeTest_UAT"/>
=======
<testsuite hostname="shradhama-w10" name="atlantamarket.AtlantaMarketSmokeTest_UAT" tests="1" failures="0" timestamp="3 Feb 2022 11:18:55 GMT" time="955.409" errors="0">
  <testcase name="TS011_VerifyFooterLinksTest" time="955.409" classname="atlantamarket.AtlantaMarketSmokeTest_UAT"/>
>>>>>>> 8ec832b32e2826238bc6466295e5c299a0cc13b0
</testsuite> <!-- atlantamarket.AtlantaMarketSmokeTest_UAT -->
