<?xml version="1.0" encoding="UTF-8"?>
<!-- Generated by org.testng.reporters.JUnitReportReporter -->
<testsuite hostname="NILAMMA-W10" name="americasmart.AmericasMartSmokeTest_PROD" tests="12" failures="0" timestamp="26 Apr 2022 11:37:08 GMT" time="1618.359" errors="0">
  <testcase name="TS005_VerifyAllLinksUnderAboutTabTest" time="152.580" classname="americasmart.AmericasMartSmokeTest_PROD"/>
  <testcase name="TS006_VerifyAllHeaderChanelLinksTest" time="152.023" classname="americasmart.AmericasMartSmokeTest_PROD"/>
  <testcase name="TS010_VerifyAllLinksUnderOpenYearRoundTest" time="116.978" classname="americasmart.AmericasMartSmokeTest_PROD"/>
  <testcase name="TS004_VerifyAllLinksUnderExhibitTest" time="91.918" classname="americasmart.AmericasMartSmokeTest_PROD"/>
  <testcase name="TS001_VerifyMarketPlannerLoginTest" time="49.780" classname="americasmart.AmericasMartSmokeTest_PROD"/>
  <testcase name="TS009_VerifyGlobalSearchFunctionalityTest" time="12.690" classname="americasmart.AmericasMartSmokeTest_PROD"/>
  <testcase name="TS011_VerifyExhibitorDirectoryTest" time="95.322" classname="americasmart.AmericasMartSmokeTest_PROD"/>
  <testcase name="TS007_VerifyAllLinksUnderMarketsAndEventsTabTest" time="197.052" classname="americasmart.AmericasMartSmokeTest_PROD"/>
  <testcase name="TS012_VerifyAllSocialMediaLinksOnFooterTest" time="90.238" classname="americasmart.AmericasMartSmokeTest_PROD"/>
  <testcase name="TS003_VerifyMarketPlannerExhibitorPortalOptionTest" time="39.963" classname="americasmart.AmericasMartSmokeTest_PROD"/>
  <testcase name="TS008_VerifyFooterLinksTest" time="592.647" classname="americasmart.AmericasMartSmokeTest_PROD"/>
  <testcase name="TS002_VerifyMarketPlannerProfileAndSettingsOptionTest" time="27.168" classname="americasmart.AmericasMartSmokeTest_PROD"/>
</testsuite> <!-- americasmart.AmericasMartSmokeTest_PROD -->
