<?xml version="1.0" encoding="UTF-8"?>
<!-- Generated by org.testng.reporters.JUnitReportReporter -->
<testsuite hostname="NILAMMA-W10" name="lasvegasmarket.MPLoginPageTest" tests="1" failures="0" timestamp="25 Aug 2021 12:40:47 GMT" time="43.651" errors="0">
  <testcase name="TS001_VerifyMarketPlannerPageTest" time="43.651" classname="lasvegasmarket.MPLoginPageTest"/>
</testsuite> <!-- lasvegasmarket.MPLoginPageTest -->
