<?xml version="1.0" encoding="UTF-8"?>
<!-- Generated by org.testng.reporters.JUnitReportReporter -->
<testsuite hostname="NILAMMA-W10" name="PROD.AmericasMartSmokeTest_PROD" tests="1" failures="0" timestamp="7 Oct 2022 11:08:47 GMT" time="110.620" errors="0">
  <testcase name="TS005_VerifyAllLinksUnderAboutTabTest" time="110.620" classname="PROD.AmericasMartSmokeTest_PROD"/>
</testsuite> <!-- PROD.AmericasMartSmokeTest_PROD -->
