<?xml version="1.0" encoding="UTF-8"?>
<!-- Generated by org.testng.reporters.JUnitReportReporter -->
<testsuite hostname="NILAMMA-W10" name="PROD.LagVegasMarketSmokeTest_PROD" tests="2" failures="0" timestamp="7 Oct 2022 11:16:17 GMT" time="122.293" errors="0">
  <testcase name="TS005_VerifyAllLinksUnderMarketInfoTabTest" time="56.765" classname="PROD.LagVegasMarketSmokeTest_PROD"/>
  <testcase name="TS002_VerifAllLinksUnderExhibitTabTest" time="65.528" classname="PROD.LagVegasMarketSmokeTest_PROD"/>
</testsuite> <!-- PROD.LagVegasMarketSmokeTest_PROD -->
