<?xml version="1.0" encoding="UTF-8"?>
<!-- Generated by org.testng.reporters.JUnitReportReporter -->
<testsuite hostname="Anuppa-VD3" name="PROD.AtlantaMarketSmokeTest_PROD" tests="1" failures="0" timestamp="11 Jul 2024 05:50:45 GMT" time="154.090" errors="0">
  <testcase name="TS011_ATL_VerifyFooterLinksTest" time="154.090" classname="PROD.AtlantaMarketSmokeTest_PROD"/>
</testsuite> <!-- PROD.AtlantaMarketSmokeTest_PROD -->
