<?xml version="1.0" encoding="UTF-8"?>
<!-- Generated by org.testng.reporters.JUnitReportReporter -->
<testsuite hostname="EON-prasannsheelb" failures="0" tests="1" name="PROD.AtlantaAppSmokeTest_PROD" time="11.018" errors="0" timestamp="31 Aug 2023 01:40:50 GMT">
  <testcase classname="PROD.AtlantaAppSmokeTest_PROD" name="TS009_ATLApp_VerifyAllLinksUnderTheBestOfFashionTabTest" time="11.018"/>
</testsuite> <!-- PROD.AtlantaAppSmokeTest_PROD -->
