<?xml version="1.0" encoding="UTF-8"?>
<!-- Generated by org.testng.reporters.JUnitReportReporter -->
<testsuite hostname="shradhama-win10" name="atlantaapparel.AtalntaAppSmokeTest_UAT" tests="13" failures="0" timestamp="24 Mar 2022 08:54:41 GMT" time="1118.902" errors="0">
  <testcase name="TS008_VerifyAllLinksUnderAttendTabTest" time="237.900" classname="atlantaapparel.AtalntaAppSmokeTest_UAT"/>
  <testcase name="TS011_VerifyAllLinksUnderYearRoundTabTest" time="48.115" classname="atlantaapparel.AtalntaAppSmokeTest_UAT"/>
  <testcase name="TS007_VerifyAllLinksUnderExhibitorsAndBrandsTabTest" time="24.957" classname="atlantaapparel.AtalntaAppSmokeTest_UAT"/>
  <testcase name="TS005_VerifyExhibitorDirectoryTest" time="68.724" classname="atlantaapparel.AtalntaAppSmokeTest_UAT"/>
  <testcase name="TS009_VerifyAllLinksUnderFashionGalleryTabTest" time="77.760" classname="atlantaapparel.AtalntaAppSmokeTest_UAT"/>
  <testcase name="TS001_VerifyMarketPlannerLoginTest" time="29.399" classname="atlantaapparel.AtalntaAppSmokeTest_UAT"/>
  <testcase name="TS010_VerifyAllLinksUnderExhibitTabTest" time="144.695" classname="atlantaapparel.AtalntaAppSmokeTest_UAT"/>
  <testcase name="TS003_VerifyMarketPlannerExhibitorPortalOptionTest" time="25.973" classname="atlantaapparel.AtalntaAppSmokeTest_UAT"/>
  <testcase name="TS002_VerifyMarketPlannerProfileOptionTest" time="23.569" classname="atlantaapparel.AtalntaAppSmokeTest_UAT"/>
  <testcase name="TS012_VerifyFooterLinksTest" time="152.811" classname="atlantaapparel.AtalntaAppSmokeTest_UAT"/>
  <testcase name="TS013_VerifySocialMediaLinksTest" time="83.237" classname="atlantaapparel.AtalntaAppSmokeTest_UAT"/>
  <testcase name="TS006_VerifyAllLinksUnderMarketsTabTest" time="148.302" classname="atlantaapparel.AtalntaAppSmokeTest_UAT"/>
  <testcase name="TS004_VerifyGlobalSearchFunctionalityTest" time="53.460" classname="atlantaapparel.AtalntaAppSmokeTest_UAT"/>
</testsuite> <!-- atlantaapparel.AtalntaAppSmokeTest_UAT -->
