<?xml version="1.0" encoding="UTF-8"?>
<!-- Generated by org.testng.reporters.JUnitReportReporter -->
<testsuite hostname="Anuppa-VD3" name="PROD.AtlantaAppSmokeTest_PROD" tests="10" failures="0" timestamp="26 Aug 2024 09:42:04 GMT" time="555.983" errors="0">
  <testcase name="TS008_ATLApp_VerifySocialMediaLinksTest" time="10.467" classname="PROD.AtlantaAppSmokeTest_PROD"/>
  <testcase name="TS001_ATLApp_VerifyAllLinksUnderYearRoundTabTest" time="38.525" classname="PROD.AtlantaAppSmokeTest_PROD"/>
  <testcase name="TS010_ATLApp_VerifyAllLinksUnderExhibitTabTest" time="45.173" classname="PROD.AtlantaAppSmokeTest_PROD"/>
  <testcase name="TS003_ATLApp_VerifyAllLinksUnderAttendTabTest" time="134.754" classname="PROD.AtlantaAppSmokeTest_PROD"/>
  <testcase name="TS007_ATLApp_VerifyAllLinksUnderExhibitorsAndBrandsTabTest" time="18.595" classname="PROD.AtlantaAppSmokeTest_PROD"/>
  <testcase name="TS004_ATLApp_VerifyGlobalSearchFunctionalityTest" time="19.237" classname="PROD.AtlantaAppSmokeTest_PROD"/>
  <testcase name="TS005_ATLApp_VerifyExhibitorDirectoryTest" time="33.639" classname="PROD.AtlantaAppSmokeTest_PROD"/>
  <testcase name="TS006_ATLApp_VerifyAllLinksUnderMarketsTabTest" time="66.365" classname="PROD.AtlantaAppSmokeTest_PROD"/>
  <testcase name="TS009_ATLApp_VerifyAllLinksUnderTheBestOfFashionTabTest" time="24.689" classname="PROD.AtlantaAppSmokeTest_PROD"/>
  <testcase name="TS011_ATLApp_VerifyFooterLinksTest" time="164.539" classname="PROD.AtlantaAppSmokeTest_PROD"/>
</testsuite> <!-- PROD.AtlantaAppSmokeTest_PROD -->
