<?xml version="1.0" encoding="UTF-8"?>
<!-- Generated by org.testng.reporters.JUnitReportReporter -->
<testsuite hostname="Anuppa-VD3" name="PROD.AtlantaAppSmokeTest_PROD" tests="10" failures="0" timestamp="14 Jun 2024 07:58:55 GMT" time="436.938" errors="0">
  <testcase name="TS001_ATLApp_VerifyAllLinksUnderYearRoundTabTest" time="17.897" classname="PROD.AtlantaAppSmokeTest_PROD"/>
  <testcase name="TS006_ATLApp_VerifyAllLinksUnderMarketsTabTest" time="56.123" classname="PROD.AtlantaAppSmokeTest_PROD"/>
  <testcase name="TS004_ATLApp_VerifyGlobalSearchFunctionalityTest" time="19.985" classname="PROD.AtlantaAppSmokeTest_PROD"/>
  <testcase name="TS008_ATLApp_VerifySocialMediaLinksTest" time="8.099" classname="PROD.AtlantaAppSmokeTest_PROD"/>
  <testcase name="TS003_ATLApp_VerifyAllLinksUnderAttendTabTest" time="133.895" classname="PROD.AtlantaAppSmokeTest_PROD"/>
  <testcase name="TS005_ATLApp_VerifyExhibitorDirectoryTest" time="30.780" classname="PROD.AtlantaAppSmokeTest_PROD"/>
  <testcase name="TS007_ATLApp_VerifyAllLinksUnderExhibitorsAndBrandsTabTest" time="14.688" classname="PROD.AtlantaAppSmokeTest_PROD"/>
  <testcase name="TS009_ATLApp_VerifyAllLinksUnderTheBestOfFashionTabTest" time="26.549" classname="PROD.AtlantaAppSmokeTest_PROD"/>
  <testcase name="TS010_ATLApp_VerifyAllLinksUnderExhibitTabTest" time="43.474" classname="PROD.AtlantaAppSmokeTest_PROD"/>
  <testcase name="TS011_ATLApp_VerifyFooterLinksTest" time="85.448" classname="PROD.AtlantaAppSmokeTest_PROD"/>
</testsuite> <!-- PROD.AtlantaAppSmokeTest_PROD -->
