<?xml version="1.0" encoding="UTF-8"?>
<!-- Generated by org.testng.reporters.JUnitReportReporter -->
<testsuite hostname="Anuppa-VD3" name="PROD.LagVegasMarketSmokeTest_PROD" tests="1" failures="0" timestamp="22 Jul 2024 10:52:22 GMT" time="25.176" errors="0">
  <testcase name="TS012_LVM_VerifyAllLinksUnderYearRoundTabTest" time="25.176" classname="PROD.LagVegasMarketSmokeTest_PROD"/>
</testsuite> <!-- PROD.LagVegasMarketSmokeTest_PROD -->
