<?xml version="1.0" encoding="UTF-8"?>
<!-- Generated by org.testng.reporters.JUnitReportReporter -->
<testsuite hostname="NILAMMA-W10" name="lasvegasmarket.LagVegasMarketSmokeTest_PROD" tests="13" failures="0" timestamp="20 Apr 2022 08:19:51 GMT" time="1706.766" errors="0">
  <testcase name="TS012_VerifyHeaderChannelLinksTest" time="121.574" classname="lasvegasmarket.LagVegasMarketSmokeTest_PROD"/>
  <testcase name="TS011_VerifyAllLinksUnderYearRoundTabTest" time="116.989" classname="lasvegasmarket.LagVegasMarketSmokeTest_PROD"/>
  <testcase name="TS013_VerifyAllSocialMediaLinksOnFooterTest" time="125.433" classname="lasvegasmarket.LagVegasMarketSmokeTest_PROD"/>
  <testcase name="TS002_VerifAllLinksUnderExhibitTabTest" time="37.049" classname="lasvegasmarket.LagVegasMarketSmokeTest_PROD"/>
  <testcase name="TS008_VerifyFooterLinksTest" time="541.135" classname="lasvegasmarket.LagVegasMarketSmokeTest_PROD"/>
  <testcase name="TS010_VerifyAllLinksUnderAttendTabTest" time="221.554" classname="lasvegasmarket.LagVegasMarketSmokeTest_PROD"/>
  <testcase name="TS001_VerifyMarketPlannerLoginTest" time="43.567" classname="lasvegasmarket.LagVegasMarketSmokeTest_PROD"/>
  <testcase name="TS004_VerifyAllLinksUnderExhibitorsAndProductsTabTest" time="99.421" classname="lasvegasmarket.LagVegasMarketSmokeTest_PROD"/>
  <testcase name="TS009_VerifyExhibitorDirectoryTest" time="28.234" classname="lasvegasmarket.LagVegasMarketSmokeTest_PROD"/>
  <testcase name="TS006_VerifyAllLinksUnderExploreMarketTabTest" time="139.548" classname="lasvegasmarket.LagVegasMarketSmokeTest_PROD"/>
  <testcase name="TS005_VerifyAllLinksUnderMarketInfoTabTest" time="182.578" classname="lasvegasmarket.LagVegasMarketSmokeTest_PROD"/>
  <testcase name="TS007_VerifyGlobalSearchFunctionalityTest" time="20.381" classname="lasvegasmarket.LagVegasMarketSmokeTest_PROD"/>
  <testcase name="TS003_VerifyMarketPlannerProfileAndSettingsOptionTest" time="29.303" classname="lasvegasmarket.LagVegasMarketSmokeTest_PROD"/>
</testsuite> <!-- lasvegasmarket.LagVegasMarketSmokeTest_PROD -->
