<?xml version="1.0" encoding="UTF-8"?>
<!-- Generated by org.testng.reporters.JUnitReportReporter -->
<testsuite hostname="Anuppa-VD3" name="PROD.LasVegasAppSmokeTest_PROD" tests="8" failures="0" timestamp="18 Oct 2023 12:41:57 GMT" time="648.018" errors="0">
  <testcase name="TS001_VerifyAllHeaderChanelLinksTest" time="410.454" classname="PROD.LasVegasAppSmokeTest_PROD"/>
  <testcase name="TS005_LVMApp_VerifyAllLinksUnderAttendTabTest" time="36.717" classname="PROD.LasVegasAppSmokeTest_PROD"/>
  <testcase name="TS007_LVMApp_VerifyFooterLinksTest" time="108.905" classname="PROD.LasVegasAppSmokeTest_PROD"/>
  <testcase name="TS004_LVMApp_VerifyAllLinksUnderExhibitorsAndProductsTabTest" time="7.651" classname="PROD.LasVegasAppSmokeTest_PROD"/>
  <testcase name="TS006_LVMApp_VerifyAllLinksUnderExhibitTabTest" time="51.681" classname="PROD.LasVegasAppSmokeTest_PROD"/>
  <testcase name="TS008_LVMApp_VerifySocialMediaLinksTest" time="8.313" classname="PROD.LasVegasAppSmokeTest_PROD"/>
  <testcase name="TS002_LVMApp_VerifyGlobalSearchFunctionalityTest" time="12.492" classname="PROD.LasVegasAppSmokeTest_PROD"/>
  <testcase name="TS003_LVMApp_VerifyAllLinksUnderAboutTabTest" time="11.805" classname="PROD.LasVegasAppSmokeTest_PROD"/>
</testsuite> <!-- PROD.LasVegasAppSmokeTest_PROD -->
