<?xml version="1.0" encoding="UTF-8"?>
<!-- Generated by org.testng.reporters.JUnitReportReporter -->
<testsuite hostname="NILAMMA-W10" name="atlantamarket_PROD.FloorPlans" tests="1" failures="0" timestamp="29 Sep 2022 10:57:04 GMT" time="57.661" errors="0">
  <testcase name="TS012_VerifyAddToFavoriteFunctionalityForExhibitorOnFloorPlansPageTest" time="57.661" classname="atlantamarket_PROD.FloorPlans"/>
</testsuite> <!-- atlantamarket_PROD.FloorPlans -->
