<?xml version="1.0" encoding="UTF-8"?>
<!-- Generated by org.testng.reporters.JUnitReportReporter -->
<testsuite hostname="NILAMMA-W10" name="PROD.AtlantaAppSmokeTest_PROD" tests="1" failures="0" timestamp="12 May 2022 12:23:02 GMT" time="81.343" errors="0">
  <testcase name="TS001_VerifyMarketPlannerLoginTest" time="81.343" classname="PROD.AtlantaAppSmokeTest_PROD"/>
</testsuite> <!-- PROD.AtlantaAppSmokeTest_PROD -->
