<?xml version="1.0" encoding="UTF-8"?>
<!-- Generated by org.testng.reporters.JUnitReportReporter -->
<testsuite hostname="swapnili" name="lasvegasmarket_UAT.FloorPlans" tests="1" failures="0" timestamp="21 Jul 2022 09:31:09 GMT" time="32.321" errors="0">
  <testcase name="TS004_VerifyIconsOnFloorPlansPageTest" time="32.321" classname="lasvegasmarket_UAT.FloorPlans"/>
</testsuite> <!-- lasvegasmarket_UAT.FloorPlans -->
