<?xml version="1.0" encoding="UTF-8"?>
<!-- Generated by org.testng.reporters.JUnitReportReporter -->
<testsuite hostname="Anuppa-VD3" name="PROD.AtlantaMarketSmokeTest_PROD" tests="11" failures="0" timestamp="14 Sep 2023 11:54:46 GMT" time="780.307" errors="0">
  <testcase name="TS008_ATL_VerifyAllSocialMediaLinksOnFooterTest" time="92.125" classname="PROD.AtlantaMarketSmokeTest_PROD"/>
  <testcase name="TS009_ATL_VerifyAllLinksUnderAttendTabTest" time="139.471" classname="PROD.AtlantaMarketSmokeTest_PROD"/>
  <testcase name="TS001_ATL_MarketRecap" time="0.485" classname="PROD.AtlantaMarketSmokeTest_PROD"/>
  <testcase name="TS011_ATL_VerifyFooterLinksTest" time="67.376" classname="PROD.AtlantaMarketSmokeTest_PROD"/>
  <testcase name="TS005_ATL_VerifyAllLinksUnderExhibitorsAndProductsTabTest" time="15.708" classname="PROD.AtlantaMarketSmokeTest_PROD"/>
  <testcase name="TS006_ATL_VerifyAllNewsAndTrendsMenuTest" time="47.212" classname="PROD.AtlantaMarketSmokeTest_PROD"/>
  <testcase name="TS007_ATL_VerifyAllChannelsLinksTest" time="281.548" classname="PROD.AtlantaMarketSmokeTest_PROD"/>
  <testcase name="TS002_ATL_VerifyGlobalSearchFunctionalityTest" time="25.098" classname="PROD.AtlantaMarketSmokeTest_PROD"/>
  <testcase name="TS003_ATL_VerifyExhibitorDirectoryTest" time="16.306" classname="PROD.AtlantaMarketSmokeTest_PROD"/>
  <testcase name="TS004_ATL_VerifyAllLinksUnderMarketInfoTabTest" time="35.904" classname="PROD.AtlantaMarketSmokeTest_PROD"/>
  <testcase name="TS010_ATL_VerifAllLinksUnderExhibitTabTest" time="59.074" classname="PROD.AtlantaMarketSmokeTest_PROD"/>
</testsuite> <!-- PROD.AtlantaMarketSmokeTest_PROD -->
