<?xml version="1.0" encoding="UTF-8"?>
<!-- Generated by org.testng.reporters.JUnitReportReporter -->
<testsuite hostname="eon-swapnili" name="PROD.LagVegasMarketSmokeTest_PROD" tests="11" failures="1" timestamp="9 Aug 2024 10:13:57 GMT" time="1431.446" errors="0">
  <testcase name="TS010_LVM_VerifyFooterLinksTest" time="365.571" classname="PROD.LagVegasMarketSmokeTest_PROD"/>
  <testcase name="TS006_LVM_VerifyAllLinksUnderAttendTabTest" time="152.319" classname="PROD.LagVegasMarketSmokeTest_PROD"/>
  <testcase name="TS007_LVM_VerifyAllLinksUnderExploreMarketTabTest" time="24.994" classname="PROD.LagVegasMarketSmokeTest_PROD"/>
  <testcase name="TS009_LVM_VerifyGlobalSearchFunctionalityTest" time="3.466" classname="PROD.LagVegasMarketSmokeTest_PROD"/>
  <testcase name="TS011_LVM_VerifyAllSocialMediaLinksOnFooterTest" time="46.951" classname="PROD.LagVegasMarketSmokeTest_PROD"/>
  <testcase name="TS002_LVM_VerifAllLinksUnderExhibitTabTest" time="51.612" classname="PROD.LagVegasMarketSmokeTest_PROD"/>
  <testcase name="TS012_LVM_VerifyAllLinksUnderYearRoundTabTest" time="25.450" classname="PROD.LagVegasMarketSmokeTest_PROD">
    <failure type="java.lang.AssertionError">
      <![CDATA[java.lang.AssertionError
	at org.junit.Assert.fail(Assert.java:86)
	at org.junit.Assert.assertTrue(Assert.java:41)
	at org.junit.Assert.assertTrue(Assert.java:52)
	at PROD.LagVegasMarketSmokeTest_PROD.TS012_LVM_VerifyAllLinksUnderYearRoundTabTest(LagVegasMarketSmokeTest_PROD.java:1210)
	at sun.reflect.NativeMethodAccessorImpl.invoke0(Native Method)
	at sun.reflect.NativeMethodAccessorImpl.invoke(Unknown Source)
	at sun.reflect.DelegatingMethodAccessorImpl.invoke(Unknown Source)
	at java.lang.reflect.Method.invoke(Unknown Source)
	at org.testng.internal.MethodInvocationHelper.invokeMethod(MethodInvocationHelper.java:85)
	at org.testng.internal.Invoker.invokeMethod(Invoker.java:663)
	at org.testng.internal.Invoker.invokeTestMethod(Invoker.java:849)
	at org.testng.internal.Invoker.invokeTestMethods(Invoker.java:1157)
	at org.testng.internal.TestMethodWorker.invokeTestMethods(TestMethodWorker.java:124)
	at org.testng.internal.TestMethodWorker.run(TestMethodWorker.java:108)
	at java.util.concurrent.ThreadPoolExecutor.runWorker(Unknown Source)
	at java.util.concurrent.ThreadPoolExecutor$Worker.run(Unknown Source)
	at java.lang.Thread.run(Unknown Source)
]]>
    </failure>
  </testcase> <!-- TS012_LVM_VerifyAllLinksUnderYearRoundTabTest -->
  <testcase name="TS004_LVM_VerifyAllLinksUnderExhibitorsAndProductsTabTest" time="62.625" classname="PROD.LagVegasMarketSmokeTest_PROD"/>
  <testcase name="TS005_LVM_VerifyAllLinksUnderMarketInfoTabTest" time="51.767" classname="PROD.LagVegasMarketSmokeTest_PROD"/>
  <testcase name="TS008_LVM_VerifyExhibitorDirectoryTest" time="7.982" classname="PROD.LagVegasMarketSmokeTest_PROD"/>
  <testcase name="TS001_LVM_VerifyHeaderChannelLinksTest" time="638.709" classname="PROD.LagVegasMarketSmokeTest_PROD"/>
</testsuite> <!-- PROD.LagVegasMarketSmokeTest_PROD -->
