<?xml version="1.0" encoding="UTF-8"?>
<!-- Generated by org.testng.reporters.JUnitReportReporter -->
<testsuite hostname="NILAMMA-W10" name="lasvegasmarket.LagVegasMarketSmokeTest_PROD" tests="13" failures="0" timestamp="9 Mar 2022 07:33:15 GMT" time="1630.831" errors="0">
  <testcase name="TS002_VerifAllLinksUnderExhibitTabTest" time="41.911" classname="lasvegasmarket.LagVegasMarketSmokeTest_PROD"/>
  <testcase name="TS005_VerifyAllLinksUnderMarketInfoTabTest" time="178.264" classname="lasvegasmarket.LagVegasMarketSmokeTest_PROD"/>
  <testcase name="TS011_VerifyAllLinksUnderYearRoundTabTest" time="90.139" classname="lasvegasmarket.LagVegasMarketSmokeTest_PROD"/>
  <testcase name="TS004_VerifyAllLinksUnderExhibitorsAndProductsTabTest" time="91.991" classname="lasvegasmarket.LagVegasMarketSmokeTest_PROD"/>
  <testcase name="TS008_VerifyFooterLinksTest" time="626.090" classname="lasvegasmarket.LagVegasMarketSmokeTest_PROD"/>
  <testcase name="TS012_VerifyHeaderChannelLinksTest" time="66.895" classname="lasvegasmarket.LagVegasMarketSmokeTest_PROD"/>
  <testcase name="TS007_VerifyGlobalSearchFunctionalityTest" time="14.123" classname="lasvegasmarket.LagVegasMarketSmokeTest_PROD"/>
  <testcase name="TS001_VerifyMarketPlannerLoginTest" time="45.124" classname="lasvegasmarket.LagVegasMarketSmokeTest_PROD"/>
  <testcase name="TS006_VerifyAllLinksUnderExploreMarketTabTest" time="127.102" classname="lasvegasmarket.LagVegasMarketSmokeTest_PROD"/>
  <testcase name="TS009_VerifyExhibitorDirectoryTest" time="23.261" classname="lasvegasmarket.LagVegasMarketSmokeTest_PROD"/>
  <testcase name="TS013_VerifyAllSocialMediaLinksOnFooterTest" time="92.306" classname="lasvegasmarket.LagVegasMarketSmokeTest_PROD"/>
  <testcase name="TS010_VerifyAllLinksUnderAttendTabTest" time="206.526" classname="lasvegasmarket.LagVegasMarketSmokeTest_PROD"/>
  <testcase name="TS003_VerifyMarketPlannerProfileAndSettingsOptionTest" time="27.099" classname="lasvegasmarket.LagVegasMarketSmokeTest_PROD"/>
</testsuite> <!-- lasvegasmarket.LagVegasMarketSmokeTest_PROD -->
