<?xml version="1.0" encoding="UTF-8"?>
<!-- Generated by org.testng.reporters.JUnitReportReporter -->
<testsuite hostname="NILAMMA-W10" name="lasvegasmarket.MarketPlannerPageTest" tests="1" failures="0" timestamp="6 Jan 2022 05:48:06 GMT" time="49.954" errors="0">
  <testcase name="TS001_VerifyMarketPlannerTest" time="49.954" classname="lasvegasmarket.MarketPlannerPageTest"/>
</testsuite> <!-- lasvegasmarket.MarketPlannerPageTest -->
