<?xml version="1.0" encoding="UTF-8"?>
<!-- Generated by org.testng.reporters.JUnitReportReporter -->
<testsuite hostname="NILAMMA-W10" name="lasvegasmarket.LagVegasMarketSmokeTest" tests="3" failures="0" timestamp="7 Jan 2022 13:03:28 GMT" time="200.697" errors="0">
  <testcase name="TS002_VerifAllLinksUnderExhibitTabTest" time="70.650" classname="lasvegasmarket.LagVegasMarketSmokeTest"/>
  <testcase name="TS001_VerifyAllLinksUnderExhibitorsAndProductsTabTest" time="72.830" classname="lasvegasmarket.LagVegasMarketSmokeTest"/>
  <testcase name="TS001_VerifyMarketPlannerLoginTest" time="57.217" classname="lasvegasmarket.LagVegasMarketSmokeTest"/>
</testsuite> <!-- lasvegasmarket.LagVegasMarketSmokeTest -->
