<?xml version="1.0" encoding="UTF-8"?>
<!-- Generated by org.testng.reporters.JUnitReportReporter -->
<testsuite hostname="NILAMMA-W10" name="PROD.SitecoreSmokeTest_PROD" tests="9" failures="0" timestamp="16 Dec 2022 07:10:34 GMT" time="144.458" errors="0">
  <testcase name="TS005_VerifyEmailExperienceManagerTest" time="8.967" classname="PROD.SitecoreSmokeTest_PROD"/>
  <testcase name="TS008_VerifyExhibitorEventsApprovalTest" time="24.167" classname="PROD.SitecoreSmokeTest_PROD"/>
  <testcase name="TS003_VerifyControlPanelTest" time="24.993" classname="PROD.SitecoreSmokeTest_PROD"/>
  <testcase name="TS007_VerifyTaxonomyManagerTest" time="5.400" classname="PROD.SitecoreSmokeTest_PROD"/>
  <testcase name="TS001_VerifySitecoreLoginTest" time="18.134" classname="PROD.SitecoreSmokeTest_PROD"/>
  <testcase name="TS002_VerifyContentEditorTest" time="6.592" classname="PROD.SitecoreSmokeTest_PROD"/>
  <testcase name="TS004_VerifyShowSpecialApprovalsTest" time="24.689" classname="PROD.SitecoreSmokeTest_PROD"/>
  <testcase name="TS006_VerifyIMCReportsTest" time="26.671" classname="PROD.SitecoreSmokeTest_PROD"/>
  <testcase name="TS009_VerifyDigitalAdminPanelTest" time="4.845" classname="PROD.SitecoreSmokeTest_PROD"/>
</testsuite> <!-- PROD.SitecoreSmokeTest_PROD -->
