<?xml version="1.0" encoding="UTF-8"?>
<!-- Generated by org.testng.reporters.JUnitReportReporter -->
<testsuite hostname="Anuppa-VD3" name="PROD.SitecoreSmokeTest_PROD" tests="8" failures="0" timestamp="5 Jul 2024 10:49:33 GMT" time="113.398" errors="0">
  <testcase name="TS008_SC_VerifyExhibitorEventsApprovalTest" time="12.240" classname="PROD.SitecoreSmokeTest_PROD"/>
  <testcase name="TS009_SC_VerifyDigitalAdminPanelTest" time="13.990" classname="PROD.SitecoreSmokeTest_PROD"/>
  <testcase name="TS007_SC_VerifyTaxonomyManagerTest" time="9.791" classname="PROD.SitecoreSmokeTest_PROD"/>
  <testcase name="TS001_SC_VerifySitecoreLoginTest" time="31.844" classname="PROD.SitecoreSmokeTest_PROD"/>
  <testcase name="TS003_SC_VerifyControlPanelTest" time="11.802" classname="PROD.SitecoreSmokeTest_PROD"/>
  <testcase name="TS002_SC_VerifyContentEditorTest" time="12.680" classname="PROD.SitecoreSmokeTest_PROD"/>
  <testcase name="TS004_SC_VerifyShowSpecialApprovalsTest" time="11.601" classname="PROD.SitecoreSmokeTest_PROD"/>
  <testcase name="TS006_SC_VerifyIMCReportsTest" time="9.450" classname="PROD.SitecoreSmokeTest_PROD"/>
</testsuite> <!-- PROD.SitecoreSmokeTest_PROD -->
