<?xml version="1.0" encoding="UTF-8"?>
<!-- Generated by org.testng.reporters.JUnitReportReporter -->
<testsuite hostname="eon-swapnili" failures="0" tests="9" name="PROD.SitecoreSmokeTest_PROD" time="65.481" errors="0" timestamp="2024-11-05T11:34:59 IST" skipped="1">
  <testcase classname="PROD.SitecoreSmokeTest_PROD" name="TS001_SC_VerifySitecoreLoginTest" time="15.742"/>
  <system-out/>
  <testcase classname="PROD.SitecoreSmokeTest_PROD" name="TS002_SC_VerifyContentEditorTest" time="5.355"/>
  <system-out/>
  <testcase classname="PROD.SitecoreSmokeTest_PROD" name="TS003_SC_VerifyControlPanelTest" time="9.324"/>
  <system-out/>
  <testcase classname="PROD.SitecoreSmokeTest_PROD" name="TS004_SC_VerifyShowSpecialApprovalsTest" time="7.194"/>
  <system-out/>
  <testcase classname="PROD.SitecoreSmokeTest_PROD" name="TS006_SC_VerifyIMCReportsTest" time="7.025"/>
  <system-out/>
  <testcase classname="PROD.SitecoreSmokeTest_PROD" name="TS007_SC_VerifyTaxonomyManagerTest" time="7.324"/>
  <system-out/>
  <testcase classname="PROD.SitecoreSmokeTest_PROD" name="TS008_SC_VerifyExhibitorEventsApprovalTest" time="6.700"/>
  <system-out/>
  <testcase classname="PROD.SitecoreSmokeTest_PROD" name="TS009_SC_VerifyDigitalAdminPanelTest" time="6.817"/>
  <system-out/>
  <testcase classname="PROD.SitecoreSmokeTest_PROD" name="TS005_SC_VerifyEmailExperienceManagerTest">
    <skipped/>
  </testcase> <!-- TS005_SC_VerifyEmailExperienceManagerTest -->
  <system-out/>
</testsuite> <!-- PROD.SitecoreSmokeTest_PROD -->
