<?xml version="1.0" encoding="UTF-8"?>
<!-- Generated by org.testng.reporters.JUnitReportReporter -->
<testsuite hostname="NILAMMA-W10" name="PROD.SitecoreSmokeTest_PROD" tests="3" failures="0" timestamp="12 Oct 2022 10:00:13 GMT" time="42.664" errors="0">
  <testcase name="TS005_VerifyEmailExperienceManagerTest" time="5.362" classname="PROD.SitecoreSmokeTest_PROD"/>
  <testcase name="TS009_VerifyDigitalAdminPanelTest" time="7.263" classname="PROD.SitecoreSmokeTest_PROD"/>
  <testcase name="TS001_VerifySitecoreLoginTest" time="30.039" classname="PROD.SitecoreSmokeTest_PROD"/>
</testsuite> <!-- PROD.SitecoreSmokeTest_PROD -->
