<?xml version="1.0" encoding="UTF-8"?>
<!-- Generated by org.testng.reporters.JUnitReportReporter -->
<testsuite hostname="eon-swapnili" name="PROD.AmericasMartSmokeTest_PROD" tests="9" failures="0" timestamp="6 Sep 2023 16:59:17 GMT" time="1018.182" errors="0">
  <testcase name="TS009_AMC_VerifyGlobalSearchFunctionalityTest" time="52.817" classname="PROD.AmericasMartSmokeTest_PROD"/>
  <testcase name="TS008_AMC_VerifyAllLinksUnderMarketsAndEventsTabTest" time="239.875" classname="PROD.AmericasMartSmokeTest_PROD"/>
  <testcase name="TS010_AMC_VerifyAllLinksUnderOpenYearRoundTest" time="89.626" classname="PROD.AmericasMartSmokeTest_PROD"/>
  <testcase name="TS011_AMC_VerifyExhibitorDirectoryTest" time="28.957" classname="PROD.AmericasMartSmokeTest_PROD"/>
  <testcase name="TS012_AMC_VerifyFooterLinksTest" time="104.856" classname="PROD.AmericasMartSmokeTest_PROD"/>
  <testcase name="TS007_AMC_VerifyAllSocialMediaLinksOnFooterTest" time="43.289" classname="PROD.AmericasMartSmokeTest_PROD"/>
  <testcase name="TS006_AMC_VerifyAllHeaderChanelLinksTest" time="309.263" classname="PROD.AmericasMartSmokeTest_PROD"/>
  <testcase name="TS005_AMC_VerifyAllLinksUnderAboutTabTest" time="97.238" classname="PROD.AmericasMartSmokeTest_PROD"/>
  <testcase name="TS004_AMC_VerifyAllLinksUnderExhibitTest" time="52.261" classname="PROD.AmericasMartSmokeTest_PROD"/>
</testsuite> <!-- PROD.AmericasMartSmokeTest_PROD -->
