<?xml version="1.0" encoding="UTF-8"?>
<!-- Generated by org.testng.reporters.JUnitReportReporter -->
<testsuite hostname="Anuppa-VD3" name="PROD.SitecoreSmokeTest_PROD" tests="9" failures="0" timestamp="5 Jul 2023 07:02:02 GMT" time="51.528" errors="0">
  <testcase name="TS002_SC_VerifyContentEditorTest" time="9.660" classname="PROD.SitecoreSmokeTest_PROD"/>
  <testcase name="TS005_SC_VerifyEmailExperienceManagerTest" time="4.992" classname="PROD.SitecoreSmokeTest_PROD"/>
  <testcase name="TS004_SC_VerifyShowSpecialApprovalsTest" time="3.419" classname="PROD.SitecoreSmokeTest_PROD"/>
  <testcase name="TS009_SC_VerifyDigitalAdminPanelTest" time="5.429" classname="PROD.SitecoreSmokeTest_PROD"/>
  <testcase name="TS003_SC_VerifyControlPanelTest" time="2.570" classname="PROD.SitecoreSmokeTest_PROD"/>
  <testcase name="TS007_SC_VerifyTaxonomyManagerTest" time="3.534" classname="PROD.SitecoreSmokeTest_PROD"/>
  <testcase name="TS001_SC_VerifySitecoreLoginTest" time="16.185" classname="PROD.SitecoreSmokeTest_PROD"/>
  <testcase name="TS008_SC_VerifyExhibitorEventsApprovalTest" time="2.568" classname="PROD.SitecoreSmokeTest_PROD"/>
  <testcase name="TS006_SC_VerifyIMCReportsTest" time="3.171" classname="PROD.SitecoreSmokeTest_PROD"/>
</testsuite> <!-- PROD.SitecoreSmokeTest_PROD -->
