<?xml version="1.0" encoding="UTF-8"?>
<!-- Generated by org.testng.reporters.JUnitReportReporter -->
<testsuite hostname="swapnili" name="PROD.LagVegasMarketSmokeTest_PROD" tests="1" failures="0" timestamp="22 Jul 2022 11:11:41 GMT" time="346.618" errors="0">
  <testcase name="TS008_VerifyFooterLinksTest" time="346.618" classname="PROD.LagVegasMarketSmokeTest_PROD"/>
</testsuite> <!-- PROD.LagVegasMarketSmokeTest_PROD -->
