<?xml version="1.0" encoding="UTF-8"?>
<!-- Generated by org.testng.reporters.JUnitReportReporter -->
<testsuite hostname="Anuppa-VD3" name="PROD.LagVegasMarketSmokeTest_PROD" tests="11" failures="0" timestamp="9 Oct 2023 07:53:51 GMT" time="1600.550" errors="0">
  <testcase name="TS011_LVM_VerifyAllSocialMediaLinksOnFooterTest" time="6.747" classname="PROD.LagVegasMarketSmokeTest_PROD"/>
  <testcase name="TS012_LVM_VerifyAllLinksUnderYearRoundTabTest" time="27.020" classname="PROD.LagVegasMarketSmokeTest_PROD"/>
  <testcase name="TS005_LVM_VerifyAllLinksUnderMarketInfoTabTest" time="108.343" classname="PROD.LagVegasMarketSmokeTest_PROD"/>
  <testcase name="TS008_LVM_VerifyExhibitorDirectoryTest" time="32.993" classname="PROD.LagVegasMarketSmokeTest_PROD"/>
  <testcase name="TS002_LVM_VerifAllLinksUnderExhibitTabTest" time="63.558" classname="PROD.LagVegasMarketSmokeTest_PROD"/>
  <testcase name="TS007_LVM_VerifyAllLinksUnderExploreMarketTabTest" time="51.992" classname="PROD.LagVegasMarketSmokeTest_PROD"/>
  <testcase name="TS001_LVM_VerifyHeaderChannelLinksTest" time="663.277" classname="PROD.LagVegasMarketSmokeTest_PROD"/>
  <testcase name="TS010_LVM_VerifyFooterLinksTest" time="328.122" classname="PROD.LagVegasMarketSmokeTest_PROD"/>
  <testcase name="TS006_LVM_VerifyAllLinksUnderAttendTabTest" time="206.756" classname="PROD.LagVegasMarketSmokeTest_PROD"/>
  <testcase name="TS009_LVM_VerifyGlobalSearchFunctionalityTest" time="4.043" classname="PROD.LagVegasMarketSmokeTest_PROD"/>
  <testcase name="TS004_LVM_VerifyAllLinksUnderExhibitorsAndProductsTabTest" time="107.699" classname="PROD.LagVegasMarketSmokeTest_PROD"/>
</testsuite> <!-- PROD.LagVegasMarketSmokeTest_PROD -->
