<?xml version="1.0" encoding="UTF-8"?>
<!-- Generated by org.testng.reporters.JUnitReportReporter -->
<testsuite hostname="NILAMMA-W10" name="exhibitorportal.ExhibitorPortalSmokeTest_PROD" tests="5" failures="0" timestamp="10 May 2022 06:55:44 GMT" time="544.481" errors="0">
  <testcase name="TS004_VerifyAllLinkUnderEXPRegistrationsAndServicesTabTest" time="125.163" classname="exhibitorportal.ExhibitorPortalSmokeTest_PROD"/>
  <testcase name="TS003_VerifySettingsTabTest" time="36.893" classname="exhibitorportal.ExhibitorPortalSmokeTest_PROD"/>
  <testcase name="TS001_VerifyExhibitorPortalLoginTest" time="229.759" classname="exhibitorportal.ExhibitorPortalSmokeTest_PROD"/>
  <testcase name="TS002_VerifyNotificationsTabTest" time="28.054" classname="exhibitorportal.ExhibitorPortalSmokeTest_PROD"/>
  <testcase name="TS005_VerifyAllLinkUnderEXPApplicationsAndLeasesTest" time="124.612" classname="exhibitorportal.ExhibitorPortalSmokeTest_PROD"/>
</testsuite> <!-- exhibitorportal.ExhibitorPortalSmokeTest_PROD -->
