<?xml version="1.0" encoding="UTF-8"?>
<!-- Generated by org.testng.reporters.JUnitReportReporter -->
<testsuite hostname="NILAMMA-W10" name="PROD.ExhibitorPortalSmokeTest_PROD" tests="8" failures="0" timestamp="5 Jul 2022 14:07:27 GMT" time="549.200" errors="0">
  <testcase name="TS001_VerifyExhibitorPortalLoginTest" time="40.169" classname="PROD.ExhibitorPortalSmokeTest_PROD"/>
  <testcase name="TS003_VerifySettingsTabTest" time="17.354" classname="PROD.ExhibitorPortalSmokeTest_PROD"/>
  <testcase name="TS004_VerifyAllLinkUnderEXPRegistrationsAndServicesTabTest" time="63.517" classname="PROD.ExhibitorPortalSmokeTest_PROD"/>
  <testcase name="TS008_VerifyExhibitorPortalFooterLinksTest" time="302.669" classname="PROD.ExhibitorPortalSmokeTest_PROD"/>
  <testcase name="TS006_VerifyAllLinkUnderYourDigiShowroomTest" time="36.121" classname="PROD.ExhibitorPortalSmokeTest_PROD"/>
  <testcase name="TS005_VerifyAllLinkUnderEXPApplicationsAndLeasesTest" time="46.023" classname="PROD.ExhibitorPortalSmokeTest_PROD"/>
  <testcase name="TS007_VerifyAllLinkUnderEXPMarketTabTest" time="31.613" classname="PROD.ExhibitorPortalSmokeTest_PROD"/>
  <testcase name="TS002_VerifyNotificationsTabTest" time="11.734" classname="PROD.ExhibitorPortalSmokeTest_PROD"/>
</testsuite> <!-- PROD.ExhibitorPortalSmokeTest_PROD -->
