<?xml version="1.0" encoding="UTF-8"?>
<!-- Generated by org.testng.reporters.JUnitReportReporter -->
<testsuite hostname="NILAMMA-W10" name="atlantaapparel.AtlantaAppSmokeTest_PROD" tests="13" failures="0" timestamp="6 Apr 2022 08:50:49 GMT" time="1630.252" errors="0">
  <testcase name="TS013_VerifySocialMediaLinksTest" time="32.156" classname="atlantaapparel.AtlantaAppSmokeTest_PROD"/>
  <testcase name="TS010_VerifyAllLinksUnderExhibitTabTest" time="206.364" classname="atlantaapparel.AtlantaAppSmokeTest_PROD"/>
  <testcase name="TS006_VerifyAllLinksUnderMarketsTabTest" time="222.113" classname="atlantaapparel.AtlantaAppSmokeTest_PROD"/>
  <testcase name="TS003_VerifyMarketPlannerExhibitorPortalOptionTest" time="40.108" classname="atlantaapparel.AtlantaAppSmokeTest_PROD"/>
  <testcase name="TS012_VerifyFooterLinksTest" time="422.648" classname="atlantaapparel.AtlantaAppSmokeTest_PROD"/>
  <testcase name="TS005_VerifyExhibitorDirectoryTest" time="81.112" classname="atlantaapparel.AtlantaAppSmokeTest_PROD"/>
  <testcase name="TS007_VerifyAllLinksUnderExhibitorsAndBrandsTabTest" time="33.322" classname="atlantaapparel.AtlantaAppSmokeTest_PROD"/>
  <testcase name="TS001_VerifyMarketPlannerLoginTest" time="39.289" classname="atlantaapparel.AtlantaAppSmokeTest_PROD"/>
  <testcase name="TS009_VerifyAllLinksUnderFashionGalleryTabTest" time="170.210" classname="atlantaapparel.AtlantaAppSmokeTest_PROD"/>
  <testcase name="TS002_VerifyMarketPlannerProfileOptionTest" time="27.087" classname="atlantaapparel.AtlantaAppSmokeTest_PROD"/>
  <testcase name="TS008_VerifyAllLinksUnderAttendTabTest" time="237.282" classname="atlantaapparel.AtlantaAppSmokeTest_PROD"/>
  <testcase name="TS011_VerifyAllLinksUnderYearRoundTabTest" time="74.772" classname="atlantaapparel.AtlantaAppSmokeTest_PROD"/>
  <testcase name="TS004_VerifyGlobalSearchFunctionalityTest" time="43.789" classname="atlantaapparel.AtlantaAppSmokeTest_PROD"/>
</testsuite> <!-- atlantaapparel.AtlantaAppSmokeTest_PROD -->
