<?xml version="1.0" encoding="UTF-8"?>
<!-- Generated by org.testng.reporters.JUnitReportReporter -->
<testsuite hostname="shradhama-win10" name="lasvegasmarket_UAT.MarketPlanner" tests="1" failures="0" timestamp="20 Jul 2022 09:03:49 GMT" time="29.701" errors="0">
  <testcase name="TS001_VerifyMarketPlannerLoginTest" time="29.701" classname="lasvegasmarket_UAT.MarketPlanner"/>
</testsuite> <!-- lasvegasmarket_UAT.MarketPlanner -->
