<?xml version="1.0" encoding="UTF-8"?>
<!-- Generated by org.testng.reporters.JUnitReportReporter -->
<testsuite hostname="Anuppa-VD3" name="PROD.AmericasMartSmokeTest_PROD" tests="12" failures="0" timestamp="11 May 2023 14:42:16 GMT" time="1050.431" errors="0">
  <testcase name="TS003_AMC_VerifyMarketPlannerExhibitorPortalOptionTest" time="27.412" classname="PROD.AmericasMartSmokeTest_PROD"/>
  <testcase name="TS004_AMC_VerifyAllLinksUnderExhibitTest" time="41.017" classname="PROD.AmericasMartSmokeTest_PROD"/>
  <testcase name="TS010_AMC_VerifyAllLinksUnderOpenYearRoundTest" time="109.548" classname="PROD.AmericasMartSmokeTest_PROD"/>
  <testcase name="TS001_AMC_VerifyMarketPlannerLoginTest" time="51.384" classname="PROD.AmericasMartSmokeTest_PROD"/>
  <testcase name="TS011_AMC_VerifyExhibitorDirectoryTest" time="30.475" classname="PROD.AmericasMartSmokeTest_PROD"/>
  <testcase name="TS012_AMC_VerifyFooterLinksTest" time="159.707" classname="PROD.AmericasMartSmokeTest_PROD"/>
  <testcase name="TS005_AMC_VerifyAllLinksUnderAboutTabTest" time="74.697" classname="PROD.AmericasMartSmokeTest_PROD"/>
  <testcase name="TS006_AMC_VerifyAllHeaderChanelLinksTest" time="262.632" classname="PROD.AmericasMartSmokeTest_PROD"/>
  <testcase name="TS007_AMC_VerifyAllSocialMediaLinksOnFooterTest" time="44.773" classname="PROD.AmericasMartSmokeTest_PROD"/>
  <testcase name="TS009_AMC_VerifyGlobalSearchFunctionalityTest" time="45.791" classname="PROD.AmericasMartSmokeTest_PROD"/>
  <testcase name="TS008_AMC_VerifyAllLinksUnderMarketsAndEventsTabTest" time="195.569" classname="PROD.AmericasMartSmokeTest_PROD"/>
  <testcase name="TS002_AMC_VerifyMarketPlannerProfileAndSettingsOptionTest" time="7.426" classname="PROD.AmericasMartSmokeTest_PROD"/>
</testsuite> <!-- PROD.AmericasMartSmokeTest_PROD -->
