<?xml version="1.0" encoding="UTF-8"?>
<!-- Generated by org.testng.reporters.JUnitReportReporter -->
<testsuite hostname="swapnili" name="atlantamarket_PROD.EvenntsAndWebinar" tests="1" failures="0" timestamp="21 Nov 2022 11:33:05 GMT" time="14.138" errors="0">
  <testcase name="TS009_VerifyExhibitorEventsSearchbarTest" time="14.138" classname="atlantamarket_PROD.EvenntsAndWebinar"/>
</testsuite> <!-- atlantamarket_PROD.EvenntsAndWebinar -->
