<?xml version="1.0" encoding="UTF-8"?>
<!-- Generated by org.testng.reporters.JUnitReportReporter -->
<testsuite hostname="swapnili" name="PROD.AtlantaAppSmokeTest_PROD" tests="13" failures="0" timestamp="27 Jul 2022 05:55:40 GMT" time="1468.354" errors="0">
  <testcase name="TS012_VerifyFooterLinksTest" time="500.747" classname="PROD.AtlantaAppSmokeTest_PROD"/>
  <testcase name="TS010_VerifyAllLinksUnderExhibitTabTest" time="100.756" classname="PROD.AtlantaAppSmokeTest_PROD"/>
  <testcase name="TS005_VerifyExhibitorDirectoryTest" time="77.896" classname="PROD.AtlantaAppSmokeTest_PROD"/>
  <testcase name="TS007_VerifyAllLinksUnderExhibitorsAndBrandsTabTest" time="29.903" classname="PROD.AtlantaAppSmokeTest_PROD"/>
  <testcase name="TS008_VerifyAllLinksUnderAttendTabTest" time="205.464" classname="PROD.AtlantaAppSmokeTest_PROD"/>
  <testcase name="TS011_VerifyAllLinksUnderYearRoundTabTest" time="34.142" classname="PROD.AtlantaAppSmokeTest_PROD"/>
  <testcase name="TS002_VerifyMarketPlannerProfileOptionTest" time="24.555" classname="PROD.AtlantaAppSmokeTest_PROD"/>
  <testcase name="TS004_VerifyGlobalSearchFunctionalityTest" time="40.239" classname="PROD.AtlantaAppSmokeTest_PROD"/>
  <testcase name="TS013_VerifySocialMediaLinksTest" time="14.644" classname="PROD.AtlantaAppSmokeTest_PROD"/>
  <testcase name="TS009_VerifyAllLinksUnderFashionGalleryTabTest" time="145.568" classname="PROD.AtlantaAppSmokeTest_PROD"/>
  <testcase name="TS006_VerifyAllLinksUnderMarketsTabTest" time="169.284" classname="PROD.AtlantaAppSmokeTest_PROD"/>
  <testcase name="TS001_VerifyMarketPlannerLoginTest" time="67.809" classname="PROD.AtlantaAppSmokeTest_PROD"/>
  <testcase name="TS003_VerifyMarketPlannerExhibitorPortalOptionTest" time="57.347" classname="PROD.AtlantaAppSmokeTest_PROD"/>
</testsuite> <!-- PROD.AtlantaAppSmokeTest_PROD -->
