<?xml version="1.0" encoding="UTF-8"?>
<!-- Generated by org.testng.reporters.JUnitReportReporter -->
<testsuite hostname="NILAMMA-W10" name="sitecore.SitecoreSmokeTest_PROD" tests="3" failures="0" timestamp="10 May 2022 06:55:44 GMT" time="39.903" errors="0">
  <testcase name="TS002_VerifyContentEditorTest" time="12.870" classname="sitecore.SitecoreSmokeTest_PROD"/>
  <testcase name="TS001_VerifySitecoreLoginTest" time="18.719" classname="sitecore.SitecoreSmokeTest_PROD"/>
  <testcase name="TS003_VerifyDigitalAdminPanelTest" time="8.314" classname="sitecore.SitecoreSmokeTest_PROD"/>
</testsuite> <!-- sitecore.SitecoreSmokeTest_PROD -->
