<?xml version="1.0" encoding="UTF-8"?>
<!-- Generated by org.testng.reporters.JUnitReportReporter -->
<testsuite hostname="Anuppa-VD3" name="PROD.LasVegasAppSmokeTest_PROD" tests="1" failures="0" timestamp="5 Jun 2024 05:44:43 GMT" time="93.180" errors="0">
  <testcase name="TS005_LVMApp_VerifyAllLinksUnderAttendTabTest" time="93.180" classname="PROD.LasVegasAppSmokeTest_PROD"/>
</testsuite> <!-- PROD.LasVegasAppSmokeTest_PROD -->
