<?xml version="1.0" encoding="UTF-8"?>
<!-- Generated by org.testng.reporters.JUnitReportReporter -->
<testsuite hostname="swapnili" name="atlantamarket_UAT.GlobalSearch_SearchFor" tests="1" failures="0" timestamp="12 Oct 2022 08:22:41 GMT" time="30.129" errors="0">
  <testcase name="TS011_VerifyShowSpecialsOverviewInGlobalSearchTest" time="30.129" classname="atlantamarket_UAT.GlobalSearch_SearchFor"/>
</testsuite> <!-- atlantamarket_UAT.GlobalSearch_SearchFor -->
