<?xml version="1.0" encoding="UTF-8"?>
<!-- Generated by org.testng.reporters.JUnitReportReporter -->
<testsuite hostname="NILAMMA-W10" name="lasvegasmarket_PROD.GlobalSearch_LineActions" tests="9" failures="0" timestamp="22 Jul 2022 11:49:37 GMT" time="440.412" errors="0">
  <testcase name="TS007_VerifyClickOnLocationLinkForLineTest" time="51.812" classname="lasvegasmarket_PROD.GlobalSearch_LineActions"/>
  <testcase name="TS002_VerifyAddToFavoriteForLineTest" time="44.452" classname="lasvegasmarket_PROD.GlobalSearch_LineActions"/>
  <testcase name="TS001_VerifyClickOnContactExhIconForLineTest" time="24.212" classname="lasvegasmarket_PROD.GlobalSearch_LineActions"/>
  <testcase name="TS004_VerifyAddToNewListForLineTest" time="61.512" classname="lasvegasmarket_PROD.GlobalSearch_LineActions"/>
  <testcase name="TS006_VerifyClickOnShownByExhibitorNameLinkForLineTest" time="31.003" classname="lasvegasmarket_PROD.GlobalSearch_LineActions"/>
  <testcase name="TS009_VerifyClickOnTotalProductsSeeAllLinkForLineTest" time="54.844" classname="lasvegasmarket_PROD.GlobalSearch_LineActions"/>
  <testcase name="TS005_VerifyAddToExistingListForLineTest" time="70.157" classname="lasvegasmarket_PROD.GlobalSearch_LineActions"/>
  <testcase name="TS008_VerifyClickOnMatchingProductsSeeAllLinkForLineTest" time="49.398" classname="lasvegasmarket_PROD.GlobalSearch_LineActions"/>
  <testcase name="TS003_VerifyClickOnOrderOnJuniperMarketBtnForLineTest" time="53.022" classname="lasvegasmarket_PROD.GlobalSearch_LineActions"/>
</testsuite> <!-- lasvegasmarket_PROD.GlobalSearch_LineActions -->
