<?xml version="1.0" encoding="UTF-8"?>
<!-- Generated by org.testng.reporters.JUnitReportReporter -->
<testsuite hostname="NILAMMA-W10" name="atlantamarket.AtlantaMarketSmokeTest_UAT" tests="2" failures="0" timestamp="24 Jan 2022 07:20:19 GMT" time="63.719" errors="0">
  <testcase name="TS001_VerifyMarketPlannerLoginTest" time="49.105" classname="atlantamarket.AtlantaMarketSmokeTest_UAT"/>
  <testcase name="TS005_VerifyMarketPlannerRegistrationsOptionTest" time="14.614" classname="atlantamarket.AtlantaMarketSmokeTest_UAT"/>
</testsuite> <!-- atlantamarket.AtlantaMarketSmokeTest_UAT -->
