<?xml version="1.0" encoding="UTF-8"?>
<!-- Generated by org.testng.reporters.JUnitReportReporter -->
<testsuite hostname="NILAMMA-W10" name="PROD.AmericasMartSmokeTest_PROD" tests="1" failures="0" timestamp="21 Mar 2023 12:21:35 GMT" time="252.764" errors="0">
  <testcase name="TS012_AMC_VerifyFooterLinksTest" time="252.764" classname="PROD.AmericasMartSmokeTest_PROD"/>
</testsuite> <!-- PROD.AmericasMartSmokeTest_PROD -->
