<?xml version="1.0" encoding="UTF-8"?>
<!-- Generated by org.testng.reporters.JUnitReportReporter -->
<testsuite hostname="NILAMMA-W10" name="atlantamarket.AtlantaMarketSmokeTest_UAT" tests="10" failures="0" timestamp="2 Feb 2022 09:36:51 GMT" time="687.585" errors="0">
  <testcase name="TS003_VerifyGlobalSearchFunctionalityTest" time="11.269" classname="atlantamarket.AtlantaMarketSmokeTest_UAT"/>
  <testcase name="TS004_VerifyMarketPlannerRegistrationsOptionTest" time="10.577" classname="atlantamarket.AtlantaMarketSmokeTest_UAT"/>
  <testcase name="TS010_VerifyAllSocialMediaLinksOnFooterTest" time="74.499" classname="atlantamarket.AtlantaMarketSmokeTest_UAT"/>
  <testcase name="TS009_VerifyAllChannelsLinksTest" time="108.509" classname="atlantamarket.AtlantaMarketSmokeTest_UAT"/>
  <testcase name="TS001_VerifyMarketPlannerLoginTest" time="39.060" classname="atlantamarket.AtlantaMarketSmokeTest_UAT"/>
  <testcase name="TS006_VerifyAllLinksUnderMarketInfoTabTest" time="154.563" classname="atlantamarket.AtlantaMarketSmokeTest_UAT"/>
  <testcase name="TS007_VerifyAllLinksUnderExhibitorsAndProductsTabTest" time="156.833" classname="atlantamarket.AtlantaMarketSmokeTest_UAT"/>
  <testcase name="TS005_VerifyExhibitorDirectoryTest" time="27.471" classname="atlantamarket.AtlantaMarketSmokeTest_UAT"/>
  <testcase name="TS008_VerifAllLinksUnderExhibitTabTest" time="93.349" classname="atlantamarket.AtlantaMarketSmokeTest_UAT"/>
  <testcase name="TS002_VerifyMarketPlannerProfileAndSettingsOptionTest" time="11.455" classname="atlantamarket.AtlantaMarketSmokeTest_UAT"/>
</testsuite> <!-- atlantamarket.AtlantaMarketSmokeTest_UAT -->
