<?xml version="1.0" encoding="UTF-8"?>
<!-- Generated by org.testng.reporters.JUnitReportReporter -->
<testsuite hostname="NILAMMA-W10" name="americasmart.AtlantaAppSmokeTest_PROD" tests="13" failures="0" timestamp="10 May 2022 17:37:17 GMT" time="1516.674" errors="0">
  <testcase name="TS002_VerifyMarketPlannerProfileOptionTest" time="27.890" classname="americasmart.AtlantaAppSmokeTest_PROD"/>
  <testcase name="TS004_VerifyGlobalSearchFunctionalityTest" time="53.667" classname="americasmart.AtlantaAppSmokeTest_PROD"/>
  <testcase name="TS013_VerifySocialMediaLinksTest" time="15.368" classname="americasmart.AtlantaAppSmokeTest_PROD"/>
  <testcase name="TS010_VerifyAllLinksUnderExhibitTabTest" time="176.524" classname="americasmart.AtlantaAppSmokeTest_PROD"/>
  <testcase name="TS005_VerifyExhibitorDirectoryTest" time="84.107" classname="americasmart.AtlantaAppSmokeTest_PROD"/>
  <testcase name="TS008_VerifyAllLinksUnderAttendTabTest" time="215.787" classname="americasmart.AtlantaAppSmokeTest_PROD"/>
  <testcase name="TS001_VerifyMarketPlannerLoginTest" time="94.572" classname="americasmart.AtlantaAppSmokeTest_PROD"/>
  <testcase name="TS007_VerifyAllLinksUnderExhibitorsAndBrandsTabTest" time="38.084" classname="americasmart.AtlantaAppSmokeTest_PROD"/>
  <testcase name="TS011_VerifyAllLinksUnderYearRoundTabTest" time="84.248" classname="americasmart.AtlantaAppSmokeTest_PROD"/>
  <testcase name="TS003_VerifyMarketPlannerExhibitorPortalOptionTest" time="56.276" classname="americasmart.AtlantaAppSmokeTest_PROD"/>
  <testcase name="TS006_VerifyAllLinksUnderMarketsTabTest" time="220.326" classname="americasmart.AtlantaAppSmokeTest_PROD"/>
  <testcase name="TS012_VerifyFooterLinksTest" time="305.791" classname="americasmart.AtlantaAppSmokeTest_PROD"/>
  <testcase name="TS009_VerifyAllLinksUnderFashionGalleryTabTest" time="144.034" classname="americasmart.AtlantaAppSmokeTest_PROD"/>
</testsuite> <!-- americasmart.AtlantaAppSmokeTest_PROD -->
