<?xml version="1.0" encoding="UTF-8"?>
<!-- Generated by org.testng.reporters.JUnitReportReporter -->
<testsuite hostname="shradhama-w10" name="americasmart.AmericasMartSmokeTest_UAT" tests="1" failures="0" timestamp="8 Feb 2022 09:03:50 GMT" time="26.593" errors="0">
  <testcase name="TS001_VerifyMarketPlannerLoginTest" time="26.593" classname="americasmart.AmericasMartSmokeTest_UAT"/>
</testsuite> <!-- americasmart.AmericasMartSmokeTest_UAT -->
