<?xml version="1.0" encoding="UTF-8"?>
<!-- Generated by org.testng.reporters.JUnitReportReporter -->

<testsuite hostname="Anuppa-VD3" name="PROD.LasVegasAppSmokeTest_PROD" tests="1" failures="0" timestamp="1 Sep 2023 14:19:13 GMT" time="4.688" errors="0">
  <testcase name="TS015_LVMApp_MarketRecap" time="4.688" classname="PROD.LasVegasAppSmokeTest_PROD"/>

<testsuite hostname="eon-swapnili" name="PROD.LasVegasAppSmokeTest_PROD" tests="1" failures="0" timestamp="4 Sep 2023 11:49:18 GMT" time="221.370" errors="0">
  <testcase name="TS008_LVMApp_VerifyFooterLinksTest" time="221.370" classname="PROD.LasVegasAppSmokeTest_PROD"/>

</testsuite> <!-- PROD.LasVegasAppSmokeTest_PROD -->
